<?xml version="1.0" encoding="UTF-8"?>
<!-- Generated by org.testng.reporters.JUnitXMLReporter -->
<testsuite ignored="22" hostname="LAPTOP-Q0O87TP0" failures="0" tests="71" name="PetStore" time="423.716" errors="0" timestamp="24 Jun 2022 02:52:22 GMT">
  <testcase classname="apps.pets.FishTest" name="FemaleGoldFishDesc" time="1.341"/>
  <testcase classname="apps.pets.FishTest" name="MaleGoldFishDesc" time="1.163"/>
  <testcase classname="apps.pets.FishTest" name="NonSpottedKoiDesc" time="1.224"/>
  <testcase classname="apps.pets.FishTest" name="SharkDesc" time="1.33"/>
  <testcase classname="apps.pets.FishTest" name="SpottedKoiDesc" time="1.31"/>
  <testcase classname="apps.pets.FishTest" name="largeAngelfishDesc" time="1.243"/>
  <testcase classname="apps.pets.FishTest" name="smallAngelfishDesc" time="1.166"/>
  <testcase classname="apps.pets.DogsTest" name="AdultFemaleChihuahuaDesc" time="1.272"/>
  <testcase classname="apps.pets.DogsTest" name="AdultFemaleLabradorRetrieverDesc" time="1.247"/>
  <testcase classname="apps.pets.DogsTest" name="AdultMaleChihuahuaDesc" time="1.26"/>
  <testcase classname="apps.pets.DogsTest" name="AdultMaleLabradorRetrieverDesc" time="1.521"/>
  <testcase classname="apps.pets.DogsTest" name="FemalePuppyBulldogDesc" time="1.185"/>
  <testcase classname="apps.pets.DogsTest" name="GoldenRetrieverDesc" time="1.169"/>
  <testcase classname="apps.pets.DogsTest" name="MaleAdultBulldogDesc" time="1.214"/>
  <testcase classname="apps.pets.DogsTest" name="PoodleDesc" time="1.289"/>
  <testcase classname="apps.pets.DogsTest" name="SpotlessDalmationDesc" time="1.175"/>
  <testcase classname="apps.pets.DogsTest" name="SpottedDalmationDesc" time="1.227"/>
  <testcase classname="apps.pets.RegisterTest" name="Create2ndAccount" time="6.876"/>
  <testcase classname="apps.pets.RegisterTest" name="InvalidRegisterAccount" time="1.986"/>
  <testcase classname="apps.pets.RegisterTest" name="RegisterAnAccount" time="1.875"/>
  <testcase classname="apps.pets.CheckOutTest" name="Checkout" time="11.992"/>
  <testcase classname="apps.pets.CheckOutTest" name="CheckoutWithCardDropDown" time="2.55"/>
  <testcase classname="apps.pets.CheckOutTest" name="CheckoutWithShiptodifferentAddress" time="4.971"/>
  <testcase classname="apps.pets.AccountsTest" name="FavoriteCategoryBirds" time="1.926"/>
  <testcase classname="apps.pets.AccountsTest" name="FavoriteCategoryCat" time="1.815"/>
  <testcase classname="apps.pets.AccountsTest" name="FavoriteCategoryDog" time="1.752"/>
  <testcase classname="apps.pets.AccountsTest" name="FavoriteCategoryFish" time="1.622"/>
  <testcase classname="apps.pets.AccountsTest" name="FavoriteCategoryReptiles" time="1.709"/>
  <testcase classname="apps.pets.AccountsTest" name="UpdateAccountPhoneNumber" time="17.906"/>
  <testcase classname="apps.pets.AccountsTest" name="UpdatepassWord" time="1.6"/>
  <testcase classname="apps.pets.BlogTest" name="Release" time="2.058"/>
  <testcase classname="apps.pets.BlogTest" name="newtab" time="1.518"/>
  <testcase classname="apps.pets.CatsTest" name="FemalePersianCatDesc" time="1.181"/>
  <testcase classname="apps.pets.CatsTest" name="MalePersianCatDesc" time="1.221"/>
  <testcase classname="apps.pets.CatsTest" name="TailessManxCatDesc" time="1.231"/>
  <testcase classname="apps.pets.CatsTest" name="WithTailManxCatDesc" time="1.259"/>
  <testcase classname="apps.pets.ReptilesTest" name="GreenIguanaDesc" time="1.157"/>
  <testcase classname="apps.pets.ReptilesTest" name="RattlelessRattlesnakeDesc" time="1.167"/>
  <testcase classname="apps.pets.ReptilesTest" name="VenomlessRattlesnakeDesc" time="1.211"/>
  <testcase classname="apps.pets.BirdsTest" name="AmazonParrotDesc" time="1.171"/>
  <testcase classname="apps.pets.BirdsTest" name="FinchDesc" time="1.19"/>
  <testcase classname="apps.pets.OrdersTest" name="Order219319" time="2.136"/>
  <testcase classname="apps.pets.OrdersTest" name="Order219350" time="1.9"/>
  <testcase classname="apps.pets.OrdersTest" name="Order85940" time="1.916"/>
  <testcase classname="apps.pets.OrdersTest" name="Order87422" time="1.777"/>
  <testcase classname="apps.pets.OrdersTest" name="Order9072" time="1.805"/>
  <testcase classname="apps.pets.OrdersTest" name="Order9073" time="1.877"/>
  <testcase classname="apps.pets.OrdersTest" name="Order9074" time="1.748"/>
  <testcase classname="apps.pets.OrdersTest" name="Order9078" time="1.773"/>
  <testcase classname="apps.pets.OrdersTest" name="Order9079" time="1.762"/>
  <testcase classname="apps.pets.SearchTest" name="SearchInvaliditem" time="2.687"/>
  <testcase classname="apps.pets.SearchTest" name="SearchSnake" time="2.95"/>
  <testcase classname="apps.pets.SearchTest" name="SearchValiditem" time="2.932"/>
  <testcase classname="apps.pets.SearchTest" name="Searchmultiplepets" time="26.144"/>
  <testcase classname="apps.pets.SearchTest" name="searchMultiplePetsWithExcel" time="26.83"/>
  <testcase classname="apps.pets.CartTest" name="BullDogCarted" time="1.392"/>
  <testcase classname="apps.pets.CartTest" name="Cart" time="0.63"/>
  <testcase classname="apps.pets.CartTest" name="LoggedinBullDogCarted" time="2.062"/>
  <testcase classname="apps.pets.CartTest" name="LoggedinParrotCart" time="2.101"/>
  <testcase classname="apps.pets.CartTest" name="LoggedinPersianCatCarted" time="1.957"/>
  <testcase classname="apps.pets.CartTest" name="LoggedinRattleSnakeCarted" time="2.156"/>
  <testcase classname="apps.pets.CartTest" name="LoggedinSharkCart" time="2.243"/>
  <testcase classname="apps.pets.CartTest" name="ParrotCarted" time="16.544"/>
  <testcase classname="apps.pets.CartTest" name="PersianCatCarted" time="1.425"/>
  <testcase classname="apps.pets.CartTest" name="RattleSnakeCarted" time="1.522"/>
  <testcase classname="apps.pets.CartTest" name="TigerSharkCarted" time="1.347"/>
  <testcase classname="apps.pets.CartTest" name="UpdateMaleBullDogQty" time="11.73"/>
  <testcase classname="apps.pets.CartTest" name="UpdateParrotQtyCart" time="9.742"/>
  <testcase classname="apps.pets.CartTest" name="UpdatePersianCatQty" time="9.716"/>
  <testcase classname="apps.pets.CartTest" name="UpdateSharkQtyCart" time="1.642"/>
  <testcase classname="apps.pets.CartTest" name="UpdateVenomlessSnakeQty" time="11.715"/>
  <testcase classname="base.CommonAPI" name="@BeforeSuite extentSetup" time="0.0">
    <ignored/>
  </testcase> <!-- @BeforeSuite extentSetup -->
  <testcase classname="base.CommonAPI" name="@BeforeSuite extentSetup" time="0.0">
    <ignored/>
  </testcase> <!-- @BeforeSuite extentSetup -->
  <testcase classname="base.CommonAPI" name="@BeforeSuite extentSetup" time="0.0">
    <ignored/>
  </testcase> <!-- @BeforeSuite extentSetup -->
  <testcase classname="base.CommonAPI" name="@BeforeSuite extentSetup" time="0.0">
    <ignored/>
  </testcase> <!-- @BeforeSuite extentSetup -->
  <testcase classname="base.CommonAPI" name="@BeforeSuite extentSetup" time="0.0">
    <ignored/>
  </testcase> <!-- @BeforeSuite extentSetup -->
  <testcase classname="base.CommonAPI" name="@BeforeSuite extentSetup" time="0.0">
    <ignored/>
  </testcase> <!-- @BeforeSuite extentSetup -->
  <testcase classname="base.CommonAPI" name="@BeforeSuite extentSetup" time="0.0">
    <ignored/>
  </testcase> <!-- @BeforeSuite extentSetup -->
  <testcase classname="base.CommonAPI" name="@BeforeSuite extentSetup" time="0.0">
    <ignored/>
  </testcase> <!-- @BeforeSuite extentSetup -->
  <testcase classname="base.CommonAPI" name="@BeforeSuite extentSetup" time="0.0">
    <ignored/>
  </testcase> <!-- @BeforeSuite extentSetup -->
  <testcase classname="base.CommonAPI" name="@BeforeSuite extentSetup" time="0.0">
    <ignored/>
  </testcase> <!-- @BeforeSuite extentSetup -->
  <testcase classname="base.CommonAPI" name="@BeforeSuite extentSetup" time="0.0">
    <ignored/>
  </testcase> <!-- @BeforeSuite extentSetup -->
  <testcase classname="base.CommonAPI" name="@AfterSuite generateReport" time="0.0">
    <ignored/>
  </testcase> <!-- @AfterSuite generateReport -->
  <testcase classname="base.CommonAPI" name="@AfterSuite generateReport" time="0.0">
    <ignored/>
  </testcase> <!-- @AfterSuite generateReport -->
  <testcase classname="base.CommonAPI" name="@AfterSuite generateReport" time="0.0">
    <ignored/>
  </testcase> <!-- @AfterSuite generateReport -->
  <testcase classname="base.CommonAPI" name="@AfterSuite generateReport" time="0.0">
    <ignored/>
  </testcase> <!-- @AfterSuite generateReport -->
  <testcase classname="base.CommonAPI" name="@AfterSuite generateReport" time="0.0">
    <ignored/>
  </testcase> <!-- @AfterSuite generateReport -->
  <testcase classname="base.CommonAPI" name="@AfterSuite generateReport" time="0.0">
    <ignored/>
  </testcase> <!-- @AfterSuite generateReport -->
  <testcase classname="base.CommonAPI" name="@AfterSuite generateReport" time="0.0">
    <ignored/>
  </testcase> <!-- @AfterSuite generateReport -->
  <testcase classname="base.CommonAPI" name="@AfterSuite generateReport" time="0.0">
    <ignored/>
  </testcase> <!-- @AfterSuite generateReport -->
  <testcase classname="base.CommonAPI" name="@AfterSuite generateReport" time="0.0">
    <ignored/>
  </testcase> <!-- @AfterSuite generateReport -->
  <testcase classname="base.CommonAPI" name="@AfterSuite generateReport" time="0.0">
    <ignored/>
  </testcase> <!-- @AfterSuite generateReport -->
  <testcase classname="base.CommonAPI" name="@AfterSuite generateReport" time="0.0">
    <ignored/>
  </testcase> <!-- @AfterSuite generateReport -->
</testsuite> <!-- PetStore -->
