<?xml version="1.0" encoding="UTF-8"?>
<testng-results ignored="22" total="93" passed="71" failed="0" skipped="0">
  <reporter-output>
    <line>
      <![CDATA[Extent Report Directory C:\Users\17185\Downloads\Bootcamp\target\surefire-reports\html]]>
    </line>
  </reporter-output>
  <suite started-at="2022-06-24T02:45:18Z" name="Petstore smoke Petstore" finished-at="2022-06-24T02:52:22Z" duration-ms="423716">
    <groups>
    </groups>
    <test started-at="2022-06-24T02:45:18Z" name="PetStore" finished-at="2022-06-24T02:52:22Z" duration-ms="423716">
      <class name="apps.pets.BlogTest">
        <test-method is-config="true" signature="setUp(boolean, java.lang.String, java.lang.String, java.lang.String, java.lang.String, java.lang.String, java.lang.String)[pri:0, instance:apps.pets.BlogTest@376a0d86]" started-at="2022-06-24T02:47:53Z" name="setUp" finished-at="2022-06-24T02:47:54Z" duration-ms="1651" status="PASS">
          <params>
            <param index="0">
              <value>
                <![CDATA[false]]>
              </value>
            </param>
            <param index="1">
              <value>
                <![CDATA[browserstack]]>
              </value>
            </param>
            <param index="2">
              <value>
                <![CDATA[windows]]>
              </value>
            </param>
            <param index="3">
              <value>
                <![CDATA[10]]>
              </value>
            </param>
            <param index="4">
              <value>
                <![CDATA[chrome]]>
              </value>
            </param>
            <param index="5">
              <value>
                <![CDATA[102]]>
              </value>
            </param>
            <param index="6">
              <value>
                <![CDATA[https://petstore.octoperf.com/]]>
              </value>
            </param>
          </params>
          <reporter-output>
          </reporter-output>
        </test-method> <!-- setUp -->
        <test-method signature="Release()[pri:0, instance:apps.pets.BlogTest@376a0d86]" started-at="2022-06-24T02:47:54Z" name="Release" finished-at="2022-06-24T02:47:57Z" duration-ms="2058" status="PASS">
          <reporter-output>
          </reporter-output>
        </test-method> <!-- Release -->
        <test-method is-config="true" signature="startExtent(java.lang.reflect.Method)[pri:0, instance:apps.pets.BlogTest@376a0d86]" started-at="2022-06-24T02:47:54Z" name="startExtent" finished-at="2022-06-24T02:47:54Z" duration-ms="0" status="PASS">
          <params>
            <param index="0">
              <value>
                <![CDATA[public void apps.pets.BlogTest.Release()]]>
              </value>
            </param>
          </params>
          <reporter-output>
          </reporter-output>
        </test-method> <!-- startExtent -->
        <test-method is-config="true" signature="afterEachTestMethod(org.testng.ITestResult)[pri:0, instance:apps.pets.BlogTest@376a0d86]" started-at="2022-06-24T02:47:57Z" name="afterEachTestMethod" finished-at="2022-06-24T02:47:57Z" duration-ms="693" status="PASS">
          <params>
            <param index="0">
              <value>
                <![CDATA[[TestResult name=Release status=SUCCESS method=BlogTest.Release()[pri:0, instance:apps.pets.BlogTest@376a0d86] output={null}]]]>
              </value>
            </param>
          </params>
          <reporter-output>
          </reporter-output>
        </test-method> <!-- afterEachTestMethod -->
        <test-method is-config="true" signature="endLOG()[pri:0, instance:apps.pets.BlogTest@376a0d86]" started-at="2022-06-24T02:47:57Z" name="endLOG" finished-at="2022-06-24T02:47:57Z" duration-ms="2" status="PASS">
          <reporter-output>
          </reporter-output>
        </test-method> <!-- endLOG -->
        <test-method is-config="true" signature="setUp(boolean, java.lang.String, java.lang.String, java.lang.String, java.lang.String, java.lang.String, java.lang.String)[pri:0, instance:apps.pets.BlogTest@376a0d86]" started-at="2022-06-24T02:47:57Z" name="setUp" finished-at="2022-06-24T02:47:59Z" duration-ms="1761" status="PASS">
          <params>
            <param index="0">
              <value>
                <![CDATA[false]]>
              </value>
            </param>
            <param index="1">
              <value>
                <![CDATA[browserstack]]>
              </value>
            </param>
            <param index="2">
              <value>
                <![CDATA[windows]]>
              </value>
            </param>
            <param index="3">
              <value>
                <![CDATA[10]]>
              </value>
            </param>
            <param index="4">
              <value>
                <![CDATA[chrome]]>
              </value>
            </param>
            <param index="5">
              <value>
                <![CDATA[102]]>
              </value>
            </param>
            <param index="6">
              <value>
                <![CDATA[https://petstore.octoperf.com/]]>
              </value>
            </param>
          </params>
          <reporter-output>
          </reporter-output>
        </test-method> <!-- setUp -->
        <test-method is-config="true" signature="startExtent(java.lang.reflect.Method)[pri:0, instance:apps.pets.BlogTest@376a0d86]" started-at="2022-06-24T02:47:59Z" name="startExtent" finished-at="2022-06-24T02:47:59Z" duration-ms="1" status="PASS">
          <params>
            <param index="0">
              <value>
                <![CDATA[public void apps.pets.BlogTest.newtab()]]>
              </value>
            </param>
          </params>
          <reporter-output>
          </reporter-output>
        </test-method> <!-- startExtent -->
        <test-method signature="newtab()[pri:0, instance:apps.pets.BlogTest@376a0d86]" started-at="2022-06-24T02:47:59Z" name="newtab" finished-at="2022-06-24T02:48:01Z" duration-ms="1518" status="PASS">
          <reporter-output>
          </reporter-output>
        </test-method> <!-- newtab -->
        <test-method is-config="true" signature="afterEachTestMethod(org.testng.ITestResult)[pri:0, instance:apps.pets.BlogTest@376a0d86]" started-at="2022-06-24T02:48:01Z" name="afterEachTestMethod" finished-at="2022-06-24T02:48:01Z" duration-ms="705" status="PASS">
          <params>
            <param index="0">
              <value>
                <![CDATA[[TestResult name=newtab status=SUCCESS method=BlogTest.newtab()[pri:0, instance:apps.pets.BlogTest@376a0d86] output={null}]]]>
              </value>
            </param>
          </params>
          <reporter-output>
          </reporter-output>
        </test-method> <!-- afterEachTestMethod -->
        <test-method is-config="true" signature="endLOG()[pri:0, instance:apps.pets.BlogTest@376a0d86]" started-at="2022-06-24T02:48:01Z" name="endLOG" finished-at="2022-06-24T02:48:01Z" duration-ms="1" status="PASS">
          <reporter-output>
          </reporter-output>
        </test-method> <!-- endLOG -->
      </class> <!-- apps.pets.BlogTest -->
      <class name="apps.pets.CartTest">
        <test-method is-config="true" signature="setUp(boolean, java.lang.String, java.lang.String, java.lang.String, java.lang.String, java.lang.String, java.lang.String)[pri:0, instance:apps.pets.CartTest@222a59e6]" started-at="2022-06-24T02:50:26Z" name="setUp" finished-at="2022-06-24T02:50:27Z" duration-ms="1704" status="PASS">
          <params>
            <param index="0">
              <value>
                <![CDATA[false]]>
              </value>
            </param>
            <param index="1">
              <value>
                <![CDATA[browserstack]]>
              </value>
            </param>
            <param index="2">
              <value>
                <![CDATA[windows]]>
              </value>
            </param>
            <param index="3">
              <value>
                <![CDATA[10]]>
              </value>
            </param>
            <param index="4">
              <value>
                <![CDATA[chrome]]>
              </value>
            </param>
            <param index="5">
              <value>
                <![CDATA[102]]>
              </value>
            </param>
            <param index="6">
              <value>
                <![CDATA[https://petstore.octoperf.com/]]>
              </value>
            </param>
          </params>
          <reporter-output>
          </reporter-output>
        </test-method> <!-- setUp -->
        <test-method signature="BullDogCarted()[pri:0, instance:apps.pets.CartTest@222a59e6]" started-at="2022-06-24T02:50:27Z" name="BullDogCarted" finished-at="2022-06-24T02:50:29Z" duration-ms="1392" status="PASS">
          <reporter-output>
          </reporter-output>
        </test-method> <!-- BullDogCarted -->
        <test-method is-config="true" signature="startExtent(java.lang.reflect.Method)[pri:0, instance:apps.pets.CartTest@222a59e6]" started-at="2022-06-24T02:50:27Z" name="startExtent" finished-at="2022-06-24T02:50:27Z" duration-ms="0" status="PASS">
          <params>
            <param index="0">
              <value>
                <![CDATA[public void apps.pets.CartTest.BullDogCarted()]]>
              </value>
            </param>
          </params>
          <reporter-output>
          </reporter-output>
        </test-method> <!-- startExtent -->
        <test-method is-config="true" signature="afterEachTestMethod(org.testng.ITestResult)[pri:0, instance:apps.pets.CartTest@222a59e6]" started-at="2022-06-24T02:50:29Z" name="afterEachTestMethod" finished-at="2022-06-24T02:50:29Z" duration-ms="701" status="PASS">
          <params>
            <param index="0">
              <value>
                <![CDATA[[TestResult name=BullDogCarted status=SUCCESS method=CartTest.BullDogCarted()[pri:0, instance:apps.pets.CartTest@222a59e6] output={null}]]]>
              </value>
            </param>
          </params>
          <reporter-output>
          </reporter-output>
        </test-method> <!-- afterEachTestMethod -->
        <test-method is-config="true" signature="endLOG()[pri:0, instance:apps.pets.CartTest@222a59e6]" started-at="2022-06-24T02:50:29Z" name="endLOG" finished-at="2022-06-24T02:50:29Z" duration-ms="1" status="PASS">
          <reporter-output>
          </reporter-output>
        </test-method> <!-- endLOG -->
        <test-method is-config="true" signature="setUp(boolean, java.lang.String, java.lang.String, java.lang.String, java.lang.String, java.lang.String, java.lang.String)[pri:0, instance:apps.pets.CartTest@222a59e6]" started-at="2022-06-24T02:50:29Z" name="setUp" finished-at="2022-06-24T02:50:31Z" duration-ms="1714" status="PASS">
          <params>
            <param index="0">
              <value>
                <![CDATA[false]]>
              </value>
            </param>
            <param index="1">
              <value>
                <![CDATA[browserstack]]>
              </value>
            </param>
            <param index="2">
              <value>
                <![CDATA[windows]]>
              </value>
            </param>
            <param index="3">
              <value>
                <![CDATA[10]]>
              </value>
            </param>
            <param index="4">
              <value>
                <![CDATA[chrome]]>
              </value>
            </param>
            <param index="5">
              <value>
                <![CDATA[102]]>
              </value>
            </param>
            <param index="6">
              <value>
                <![CDATA[https://petstore.octoperf.com/]]>
              </value>
            </param>
          </params>
          <reporter-output>
          </reporter-output>
        </test-method> <!-- setUp -->
        <test-method signature="Cart()[pri:0, instance:apps.pets.CartTest@222a59e6]" started-at="2022-06-24T02:50:31Z" name="Cart" finished-at="2022-06-24T02:50:32Z" duration-ms="630" status="PASS">
          <reporter-output>
          </reporter-output>
        </test-method> <!-- Cart -->
        <test-method is-config="true" signature="startExtent(java.lang.reflect.Method)[pri:0, instance:apps.pets.CartTest@222a59e6]" started-at="2022-06-24T02:50:31Z" name="startExtent" finished-at="2022-06-24T02:50:31Z" duration-ms="0" status="PASS">
          <params>
            <param index="0">
              <value>
                <![CDATA[public void apps.pets.CartTest.Cart()]]>
              </value>
            </param>
          </params>
          <reporter-output>
          </reporter-output>
        </test-method> <!-- startExtent -->
        <test-method is-config="true" signature="afterEachTestMethod(org.testng.ITestResult)[pri:0, instance:apps.pets.CartTest@222a59e6]" started-at="2022-06-24T02:50:32Z" name="afterEachTestMethod" finished-at="2022-06-24T02:50:32Z" duration-ms="672" status="PASS">
          <params>
            <param index="0">
              <value>
                <![CDATA[[TestResult name=Cart status=SUCCESS method=CartTest.Cart()[pri:0, instance:apps.pets.CartTest@222a59e6] output={null}]]]>
              </value>
            </param>
          </params>
          <reporter-output>
          </reporter-output>
        </test-method> <!-- afterEachTestMethod -->
        <test-method is-config="true" signature="endLOG()[pri:0, instance:apps.pets.CartTest@222a59e6]" started-at="2022-06-24T02:50:32Z" name="endLOG" finished-at="2022-06-24T02:50:32Z" duration-ms="0" status="PASS">
          <reporter-output>
          </reporter-output>
        </test-method> <!-- endLOG -->
        <test-method is-config="true" signature="setUp(boolean, java.lang.String, java.lang.String, java.lang.String, java.lang.String, java.lang.String, java.lang.String)[pri:0, instance:apps.pets.CartTest@222a59e6]" started-at="2022-06-24T02:50:32Z" name="setUp" finished-at="2022-06-24T02:50:34Z" duration-ms="1917" status="PASS">
          <params>
            <param index="0">
              <value>
                <![CDATA[false]]>
              </value>
            </param>
            <param index="1">
              <value>
                <![CDATA[browserstack]]>
              </value>
            </param>
            <param index="2">
              <value>
                <![CDATA[windows]]>
              </value>
            </param>
            <param index="3">
              <value>
                <![CDATA[10]]>
              </value>
            </param>
            <param index="4">
              <value>
                <![CDATA[chrome]]>
              </value>
            </param>
            <param index="5">
              <value>
                <![CDATA[102]]>
              </value>
            </param>
            <param index="6">
              <value>
                <![CDATA[https://petstore.octoperf.com/]]>
              </value>
            </param>
          </params>
          <reporter-output>
          </reporter-output>
        </test-method> <!-- setUp -->
        <test-method is-config="true" signature="startExtent(java.lang.reflect.Method)[pri:0, instance:apps.pets.CartTest@222a59e6]" started-at="2022-06-24T02:50:34Z" name="startExtent" finished-at="2022-06-24T02:50:34Z" duration-ms="0" status="PASS">
          <params>
            <param index="0">
              <value>
                <![CDATA[public void apps.pets.CartTest.LoggedinBullDogCarted()]]>
              </value>
            </param>
          </params>
          <reporter-output>
          </reporter-output>
        </test-method> <!-- startExtent -->
        <test-method signature="LoggedinBullDogCarted()[pri:0, instance:apps.pets.CartTest@222a59e6]" started-at="2022-06-24T02:50:34Z" name="LoggedinBullDogCarted" finished-at="2022-06-24T02:50:36Z" duration-ms="2062" status="PASS">
          <reporter-output>
          </reporter-output>
        </test-method> <!-- LoggedinBullDogCarted -->
        <test-method is-config="true" signature="afterEachTestMethod(org.testng.ITestResult)[pri:0, instance:apps.pets.CartTest@222a59e6]" started-at="2022-06-24T02:50:36Z" name="afterEachTestMethod" finished-at="2022-06-24T02:50:37Z" duration-ms="664" status="PASS">
          <params>
            <param index="0">
              <value>
                <![CDATA[[TestResult name=LoggedinBullDogCarted status=SUCCESS method=CartTest.LoggedinBullDogCarted()[pri:0, instance:apps.pets.CartTest@222a59e6] output={null}]]]>
              </value>
            </param>
          </params>
          <reporter-output>
          </reporter-output>
        </test-method> <!-- afterEachTestMethod -->
        <test-method is-config="true" signature="setUp(boolean, java.lang.String, java.lang.String, java.lang.String, java.lang.String, java.lang.String, java.lang.String)[pri:0, instance:apps.pets.CartTest@222a59e6]" started-at="2022-06-24T02:50:37Z" name="setUp" finished-at="2022-06-24T02:50:39Z" duration-ms="1675" status="PASS">
          <params>
            <param index="0">
              <value>
                <![CDATA[false]]>
              </value>
            </param>
            <param index="1">
              <value>
                <![CDATA[browserstack]]>
              </value>
            </param>
            <param index="2">
              <value>
                <![CDATA[windows]]>
              </value>
            </param>
            <param index="3">
              <value>
                <![CDATA[10]]>
              </value>
            </param>
            <param index="4">
              <value>
                <![CDATA[chrome]]>
              </value>
            </param>
            <param index="5">
              <value>
                <![CDATA[102]]>
              </value>
            </param>
            <param index="6">
              <value>
                <![CDATA[https://petstore.octoperf.com/]]>
              </value>
            </param>
          </params>
          <reporter-output>
          </reporter-output>
        </test-method> <!-- setUp -->
        <test-method is-config="true" signature="endLOG()[pri:0, instance:apps.pets.CartTest@222a59e6]" started-at="2022-06-24T02:50:37Z" name="endLOG" finished-at="2022-06-24T02:50:37Z" duration-ms="0" status="PASS">
          <reporter-output>
          </reporter-output>
        </test-method> <!-- endLOG -->
        <test-method is-config="true" signature="startExtent(java.lang.reflect.Method)[pri:0, instance:apps.pets.CartTest@222a59e6]" started-at="2022-06-24T02:50:39Z" name="startExtent" finished-at="2022-06-24T02:50:39Z" duration-ms="0" status="PASS">
          <params>
            <param index="0">
              <value>
                <![CDATA[public void apps.pets.CartTest.LoggedinParrotCart()]]>
              </value>
            </param>
          </params>
          <reporter-output>
          </reporter-output>
        </test-method> <!-- startExtent -->
        <test-method signature="LoggedinParrotCart()[pri:0, instance:apps.pets.CartTest@222a59e6]" started-at="2022-06-24T02:50:39Z" name="LoggedinParrotCart" finished-at="2022-06-24T02:50:41Z" duration-ms="2101" status="PASS">
          <reporter-output>
          </reporter-output>
        </test-method> <!-- LoggedinParrotCart -->
        <test-method is-config="true" signature="afterEachTestMethod(org.testng.ITestResult)[pri:0, instance:apps.pets.CartTest@222a59e6]" started-at="2022-06-24T02:50:41Z" name="afterEachTestMethod" finished-at="2022-06-24T02:50:41Z" duration-ms="674" status="PASS">
          <params>
            <param index="0">
              <value>
                <![CDATA[[TestResult name=LoggedinParrotCart status=SUCCESS method=CartTest.LoggedinParrotCart()[pri:0, instance:apps.pets.CartTest@222a59e6] output={null}]]]>
              </value>
            </param>
          </params>
          <reporter-output>
          </reporter-output>
        </test-method> <!-- afterEachTestMethod -->
        <test-method is-config="true" signature="endLOG()[pri:0, instance:apps.pets.CartTest@222a59e6]" started-at="2022-06-24T02:50:41Z" name="endLOG" finished-at="2022-06-24T02:50:41Z" duration-ms="0" status="PASS">
          <reporter-output>
          </reporter-output>
        </test-method> <!-- endLOG -->
        <test-method is-config="true" signature="setUp(boolean, java.lang.String, java.lang.String, java.lang.String, java.lang.String, java.lang.String, java.lang.String)[pri:0, instance:apps.pets.CartTest@222a59e6]" started-at="2022-06-24T02:50:41Z" name="setUp" finished-at="2022-06-24T02:50:43Z" duration-ms="1660" status="PASS">
          <params>
            <param index="0">
              <value>
                <![CDATA[false]]>
              </value>
            </param>
            <param index="1">
              <value>
                <![CDATA[browserstack]]>
              </value>
            </param>
            <param index="2">
              <value>
                <![CDATA[windows]]>
              </value>
            </param>
            <param index="3">
              <value>
                <![CDATA[10]]>
              </value>
            </param>
            <param index="4">
              <value>
                <![CDATA[chrome]]>
              </value>
            </param>
            <param index="5">
              <value>
                <![CDATA[102]]>
              </value>
            </param>
            <param index="6">
              <value>
                <![CDATA[https://petstore.octoperf.com/]]>
              </value>
            </param>
          </params>
          <reporter-output>
          </reporter-output>
        </test-method> <!-- setUp -->
        <test-method is-config="true" signature="startExtent(java.lang.reflect.Method)[pri:0, instance:apps.pets.CartTest@222a59e6]" started-at="2022-06-24T02:50:43Z" name="startExtent" finished-at="2022-06-24T02:50:43Z" duration-ms="1" status="PASS">
          <params>
            <param index="0">
              <value>
                <![CDATA[public void apps.pets.CartTest.LoggedinPersianCatCarted()]]>
              </value>
            </param>
          </params>
          <reporter-output>
          </reporter-output>
        </test-method> <!-- startExtent -->
        <test-method signature="LoggedinPersianCatCarted()[pri:0, instance:apps.pets.CartTest@222a59e6]" started-at="2022-06-24T02:50:43Z" name="LoggedinPersianCatCarted" finished-at="2022-06-24T02:50:45Z" duration-ms="1957" status="PASS">
          <reporter-output>
          </reporter-output>
        </test-method> <!-- LoggedinPersianCatCarted -->
        <test-method is-config="true" signature="afterEachTestMethod(org.testng.ITestResult)[pri:0, instance:apps.pets.CartTest@222a59e6]" started-at="2022-06-24T02:50:45Z" name="afterEachTestMethod" finished-at="2022-06-24T02:50:46Z" duration-ms="706" status="PASS">
          <params>
            <param index="0">
              <value>
                <![CDATA[[TestResult name=LoggedinPersianCatCarted status=SUCCESS method=CartTest.LoggedinPersianCatCarted()[pri:0, instance:apps.pets.CartTest@222a59e6] output={null}]]]>
              </value>
            </param>
          </params>
          <reporter-output>
          </reporter-output>
        </test-method> <!-- afterEachTestMethod -->
        <test-method is-config="true" signature="endLOG()[pri:0, instance:apps.pets.CartTest@222a59e6]" started-at="2022-06-24T02:50:46Z" name="endLOG" finished-at="2022-06-24T02:50:46Z" duration-ms="0" status="PASS">
          <reporter-output>
          </reporter-output>
        </test-method> <!-- endLOG -->
        <test-method is-config="true" signature="setUp(boolean, java.lang.String, java.lang.String, java.lang.String, java.lang.String, java.lang.String, java.lang.String)[pri:0, instance:apps.pets.CartTest@222a59e6]" started-at="2022-06-24T02:50:46Z" name="setUp" finished-at="2022-06-24T02:50:47Z" duration-ms="1640" status="PASS">
          <params>
            <param index="0">
              <value>
                <![CDATA[false]]>
              </value>
            </param>
            <param index="1">
              <value>
                <![CDATA[browserstack]]>
              </value>
            </param>
            <param index="2">
              <value>
                <![CDATA[windows]]>
              </value>
            </param>
            <param index="3">
              <value>
                <![CDATA[10]]>
              </value>
            </param>
            <param index="4">
              <value>
                <![CDATA[chrome]]>
              </value>
            </param>
            <param index="5">
              <value>
                <![CDATA[102]]>
              </value>
            </param>
            <param index="6">
              <value>
                <![CDATA[https://petstore.octoperf.com/]]>
              </value>
            </param>
          </params>
          <reporter-output>
          </reporter-output>
        </test-method> <!-- setUp -->
        <test-method is-config="true" signature="startExtent(java.lang.reflect.Method)[pri:0, instance:apps.pets.CartTest@222a59e6]" started-at="2022-06-24T02:50:47Z" name="startExtent" finished-at="2022-06-24T02:50:47Z" duration-ms="1" status="PASS">
          <params>
            <param index="0">
              <value>
                <![CDATA[public void apps.pets.CartTest.LoggedinRattleSnakeCarted()]]>
              </value>
            </param>
          </params>
          <reporter-output>
          </reporter-output>
        </test-method> <!-- startExtent -->
        <test-method signature="LoggedinRattleSnakeCarted()[pri:0, instance:apps.pets.CartTest@222a59e6]" started-at="2022-06-24T02:50:47Z" name="LoggedinRattleSnakeCarted" finished-at="2022-06-24T02:50:50Z" duration-ms="2156" status="PASS">
          <reporter-output>
          </reporter-output>
        </test-method> <!-- LoggedinRattleSnakeCarted -->
        <test-method is-config="true" signature="afterEachTestMethod(org.testng.ITestResult)[pri:0, instance:apps.pets.CartTest@222a59e6]" started-at="2022-06-24T02:50:50Z" name="afterEachTestMethod" finished-at="2022-06-24T02:50:50Z" duration-ms="699" status="PASS">
          <params>
            <param index="0">
              <value>
                <![CDATA[[TestResult name=LoggedinRattleSnakeCarted status=SUCCESS method=CartTest.LoggedinRattleSnakeCarted()[pri:0, instance:apps.pets.CartTest@222a59e6] output={null}]]]>
              </value>
            </param>
          </params>
          <reporter-output>
          </reporter-output>
        </test-method> <!-- afterEachTestMethod -->
        <test-method is-config="true" signature="endLOG()[pri:0, instance:apps.pets.CartTest@222a59e6]" started-at="2022-06-24T02:50:50Z" name="endLOG" finished-at="2022-06-24T02:50:50Z" duration-ms="1" status="PASS">
          <reporter-output>
          </reporter-output>
        </test-method> <!-- endLOG -->
        <test-method is-config="true" signature="setUp(boolean, java.lang.String, java.lang.String, java.lang.String, java.lang.String, java.lang.String, java.lang.String)[pri:0, instance:apps.pets.CartTest@222a59e6]" started-at="2022-06-24T02:50:50Z" name="setUp" finished-at="2022-06-24T02:50:52Z" duration-ms="1691" status="PASS">
          <params>
            <param index="0">
              <value>
                <![CDATA[false]]>
              </value>
            </param>
            <param index="1">
              <value>
                <![CDATA[browserstack]]>
              </value>
            </param>
            <param index="2">
              <value>
                <![CDATA[windows]]>
              </value>
            </param>
            <param index="3">
              <value>
                <![CDATA[10]]>
              </value>
            </param>
            <param index="4">
              <value>
                <![CDATA[chrome]]>
              </value>
            </param>
            <param index="5">
              <value>
                <![CDATA[102]]>
              </value>
            </param>
            <param index="6">
              <value>
                <![CDATA[https://petstore.octoperf.com/]]>
              </value>
            </param>
          </params>
          <reporter-output>
          </reporter-output>
        </test-method> <!-- setUp -->
        <test-method is-config="true" signature="startExtent(java.lang.reflect.Method)[pri:0, instance:apps.pets.CartTest@222a59e6]" started-at="2022-06-24T02:50:52Z" name="startExtent" finished-at="2022-06-24T02:50:52Z" duration-ms="0" status="PASS">
          <params>
            <param index="0">
              <value>
                <![CDATA[public void apps.pets.CartTest.LoggedinSharkCart()]]>
              </value>
            </param>
          </params>
          <reporter-output>
          </reporter-output>
        </test-method> <!-- startExtent -->
        <test-method signature="LoggedinSharkCart()[pri:0, instance:apps.pets.CartTest@222a59e6]" started-at="2022-06-24T02:50:52Z" name="LoggedinSharkCart" finished-at="2022-06-24T02:50:54Z" duration-ms="2243" status="PASS">
          <reporter-output>
          </reporter-output>
        </test-method> <!-- LoggedinSharkCart -->
        <test-method is-config="true" signature="afterEachTestMethod(org.testng.ITestResult)[pri:0, instance:apps.pets.CartTest@222a59e6]" started-at="2022-06-24T02:50:54Z" name="afterEachTestMethod" finished-at="2022-06-24T02:50:55Z" duration-ms="683" status="PASS">
          <params>
            <param index="0">
              <value>
                <![CDATA[[TestResult name=LoggedinSharkCart status=SUCCESS method=CartTest.LoggedinSharkCart()[pri:0, instance:apps.pets.CartTest@222a59e6] output={null}]]]>
              </value>
            </param>
          </params>
          <reporter-output>
          </reporter-output>
        </test-method> <!-- afterEachTestMethod -->
        <test-method is-config="true" signature="endLOG()[pri:0, instance:apps.pets.CartTest@222a59e6]" started-at="2022-06-24T02:50:55Z" name="endLOG" finished-at="2022-06-24T02:50:55Z" duration-ms="1" status="PASS">
          <reporter-output>
          </reporter-output>
        </test-method> <!-- endLOG -->
        <test-method is-config="true" signature="setUp(boolean, java.lang.String, java.lang.String, java.lang.String, java.lang.String, java.lang.String, java.lang.String)[pri:0, instance:apps.pets.CartTest@222a59e6]" started-at="2022-06-24T02:50:55Z" name="setUp" finished-at="2022-06-24T02:50:57Z" duration-ms="1711" status="PASS">
          <params>
            <param index="0">
              <value>
                <![CDATA[false]]>
              </value>
            </param>
            <param index="1">
              <value>
                <![CDATA[browserstack]]>
              </value>
            </param>
            <param index="2">
              <value>
                <![CDATA[windows]]>
              </value>
            </param>
            <param index="3">
              <value>
                <![CDATA[10]]>
              </value>
            </param>
            <param index="4">
              <value>
                <![CDATA[chrome]]>
              </value>
            </param>
            <param index="5">
              <value>
                <![CDATA[102]]>
              </value>
            </param>
            <param index="6">
              <value>
                <![CDATA[https://petstore.octoperf.com/]]>
              </value>
            </param>
          </params>
          <reporter-output>
          </reporter-output>
        </test-method> <!-- setUp -->
        <test-method is-config="true" signature="startExtent(java.lang.reflect.Method)[pri:0, instance:apps.pets.CartTest@222a59e6]" started-at="2022-06-24T02:50:57Z" name="startExtent" finished-at="2022-06-24T02:50:57Z" duration-ms="1" status="PASS">
          <params>
            <param index="0">
              <value>
                <![CDATA[public void apps.pets.CartTest.ParrotCarted()]]>
              </value>
            </param>
          </params>
          <reporter-output>
          </reporter-output>
        </test-method> <!-- startExtent -->
        <test-method signature="ParrotCarted()[pri:0, instance:apps.pets.CartTest@222a59e6]" started-at="2022-06-24T02:50:57Z" name="ParrotCarted" finished-at="2022-06-24T02:51:13Z" duration-ms="16544" status="PASS">
          <reporter-output>
          </reporter-output>
        </test-method> <!-- ParrotCarted -->
        <test-method is-config="true" signature="afterEachTestMethod(org.testng.ITestResult)[pri:0, instance:apps.pets.CartTest@222a59e6]" started-at="2022-06-24T02:51:13Z" name="afterEachTestMethod" finished-at="2022-06-24T02:51:14Z" duration-ms="699" status="PASS">
          <params>
            <param index="0">
              <value>
                <![CDATA[[TestResult name=ParrotCarted status=SUCCESS method=CartTest.ParrotCarted()[pri:0, instance:apps.pets.CartTest@222a59e6] output={null}]]]>
              </value>
            </param>
          </params>
          <reporter-output>
          </reporter-output>
        </test-method> <!-- afterEachTestMethod -->
        <test-method is-config="true" signature="endLOG()[pri:0, instance:apps.pets.CartTest@222a59e6]" started-at="2022-06-24T02:51:14Z" name="endLOG" finished-at="2022-06-24T02:51:14Z" duration-ms="0" status="PASS">
          <reporter-output>
          </reporter-output>
        </test-method> <!-- endLOG -->
        <test-method is-config="true" signature="setUp(boolean, java.lang.String, java.lang.String, java.lang.String, java.lang.String, java.lang.String, java.lang.String)[pri:0, instance:apps.pets.CartTest@222a59e6]" started-at="2022-06-24T02:51:14Z" name="setUp" finished-at="2022-06-24T02:51:16Z" duration-ms="1624" status="PASS">
          <params>
            <param index="0">
              <value>
                <![CDATA[false]]>
              </value>
            </param>
            <param index="1">
              <value>
                <![CDATA[browserstack]]>
              </value>
            </param>
            <param index="2">
              <value>
                <![CDATA[windows]]>
              </value>
            </param>
            <param index="3">
              <value>
                <![CDATA[10]]>
              </value>
            </param>
            <param index="4">
              <value>
                <![CDATA[chrome]]>
              </value>
            </param>
            <param index="5">
              <value>
                <![CDATA[102]]>
              </value>
            </param>
            <param index="6">
              <value>
                <![CDATA[https://petstore.octoperf.com/]]>
              </value>
            </param>
          </params>
          <reporter-output>
          </reporter-output>
        </test-method> <!-- setUp -->
        <test-method signature="PersianCatCarted()[pri:0, instance:apps.pets.CartTest@222a59e6]" started-at="2022-06-24T02:51:16Z" name="PersianCatCarted" finished-at="2022-06-24T02:51:17Z" duration-ms="1425" status="PASS">
          <reporter-output>
          </reporter-output>
        </test-method> <!-- PersianCatCarted -->
        <test-method is-config="true" signature="startExtent(java.lang.reflect.Method)[pri:0, instance:apps.pets.CartTest@222a59e6]" started-at="2022-06-24T02:51:16Z" name="startExtent" finished-at="2022-06-24T02:51:16Z" duration-ms="0" status="PASS">
          <params>
            <param index="0">
              <value>
                <![CDATA[public void apps.pets.CartTest.PersianCatCarted()]]>
              </value>
            </param>
          </params>
          <reporter-output>
          </reporter-output>
        </test-method> <!-- startExtent -->
        <test-method is-config="true" signature="afterEachTestMethod(org.testng.ITestResult)[pri:0, instance:apps.pets.CartTest@222a59e6]" started-at="2022-06-24T02:51:17Z" name="afterEachTestMethod" finished-at="2022-06-24T02:51:18Z" duration-ms="646" status="PASS">
          <params>
            <param index="0">
              <value>
                <![CDATA[[TestResult name=PersianCatCarted status=SUCCESS method=CartTest.PersianCatCarted()[pri:0, instance:apps.pets.CartTest@222a59e6] output={null}]]]>
              </value>
            </param>
          </params>
          <reporter-output>
          </reporter-output>
        </test-method> <!-- afterEachTestMethod -->
        <test-method is-config="true" signature="endLOG()[pri:0, instance:apps.pets.CartTest@222a59e6]" started-at="2022-06-24T02:51:18Z" name="endLOG" finished-at="2022-06-24T02:51:18Z" duration-ms="0" status="PASS">
          <reporter-output>
          </reporter-output>
        </test-method> <!-- endLOG -->
        <test-method is-config="true" signature="setUp(boolean, java.lang.String, java.lang.String, java.lang.String, java.lang.String, java.lang.String, java.lang.String)[pri:0, instance:apps.pets.CartTest@222a59e6]" started-at="2022-06-24T02:51:18Z" name="setUp" finished-at="2022-06-24T02:51:19Z" duration-ms="1712" status="PASS">
          <params>
            <param index="0">
              <value>
                <![CDATA[false]]>
              </value>
            </param>
            <param index="1">
              <value>
                <![CDATA[browserstack]]>
              </value>
            </param>
            <param index="2">
              <value>
                <![CDATA[windows]]>
              </value>
            </param>
            <param index="3">
              <value>
                <![CDATA[10]]>
              </value>
            </param>
            <param index="4">
              <value>
                <![CDATA[chrome]]>
              </value>
            </param>
            <param index="5">
              <value>
                <![CDATA[102]]>
              </value>
            </param>
            <param index="6">
              <value>
                <![CDATA[https://petstore.octoperf.com/]]>
              </value>
            </param>
          </params>
          <reporter-output>
          </reporter-output>
        </test-method> <!-- setUp -->
        <test-method is-config="true" signature="startExtent(java.lang.reflect.Method)[pri:0, instance:apps.pets.CartTest@222a59e6]" started-at="2022-06-24T02:51:19Z" name="startExtent" finished-at="2022-06-24T02:51:19Z" duration-ms="0" status="PASS">
          <params>
            <param index="0">
              <value>
                <![CDATA[public void apps.pets.CartTest.RattleSnakeCarted()]]>
              </value>
            </param>
          </params>
          <reporter-output>
          </reporter-output>
        </test-method> <!-- startExtent -->
        <test-method signature="RattleSnakeCarted()[pri:0, instance:apps.pets.CartTest@222a59e6]" started-at="2022-06-24T02:51:19Z" name="RattleSnakeCarted" finished-at="2022-06-24T02:51:21Z" duration-ms="1522" status="PASS">
          <reporter-output>
          </reporter-output>
        </test-method> <!-- RattleSnakeCarted -->
        <test-method is-config="true" signature="afterEachTestMethod(org.testng.ITestResult)[pri:0, instance:apps.pets.CartTest@222a59e6]" started-at="2022-06-24T02:51:21Z" name="afterEachTestMethod" finished-at="2022-06-24T02:51:21Z" duration-ms="670" status="PASS">
          <params>
            <param index="0">
              <value>
                <![CDATA[[TestResult name=RattleSnakeCarted status=SUCCESS method=CartTest.RattleSnakeCarted()[pri:0, instance:apps.pets.CartTest@222a59e6] output={null}]]]>
              </value>
            </param>
          </params>
          <reporter-output>
          </reporter-output>
        </test-method> <!-- afterEachTestMethod -->
        <test-method is-config="true" signature="endLOG()[pri:0, instance:apps.pets.CartTest@222a59e6]" started-at="2022-06-24T02:51:21Z" name="endLOG" finished-at="2022-06-24T02:51:21Z" duration-ms="0" status="PASS">
          <reporter-output>
          </reporter-output>
        </test-method> <!-- endLOG -->
        <test-method is-config="true" signature="setUp(boolean, java.lang.String, java.lang.String, java.lang.String, java.lang.String, java.lang.String, java.lang.String)[pri:0, instance:apps.pets.CartTest@222a59e6]" started-at="2022-06-24T02:51:21Z" name="setUp" finished-at="2022-06-24T02:51:23Z" duration-ms="1676" status="PASS">
          <params>
            <param index="0">
              <value>
                <![CDATA[false]]>
              </value>
            </param>
            <param index="1">
              <value>
                <![CDATA[browserstack]]>
              </value>
            </param>
            <param index="2">
              <value>
                <![CDATA[windows]]>
              </value>
            </param>
            <param index="3">
              <value>
                <![CDATA[10]]>
              </value>
            </param>
            <param index="4">
              <value>
                <![CDATA[chrome]]>
              </value>
            </param>
            <param index="5">
              <value>
                <![CDATA[102]]>
              </value>
            </param>
            <param index="6">
              <value>
                <![CDATA[https://petstore.octoperf.com/]]>
              </value>
            </param>
          </params>
          <reporter-output>
          </reporter-output>
        </test-method> <!-- setUp -->
        <test-method is-config="true" signature="startExtent(java.lang.reflect.Method)[pri:0, instance:apps.pets.CartTest@222a59e6]" started-at="2022-06-24T02:51:23Z" name="startExtent" finished-at="2022-06-24T02:51:23Z" duration-ms="1" status="PASS">
          <params>
            <param index="0">
              <value>
                <![CDATA[public void apps.pets.CartTest.TigerSharkCarted()]]>
              </value>
            </param>
          </params>
          <reporter-output>
          </reporter-output>
        </test-method> <!-- startExtent -->
        <test-method signature="TigerSharkCarted()[pri:0, instance:apps.pets.CartTest@222a59e6]" started-at="2022-06-24T02:51:23Z" name="TigerSharkCarted" finished-at="2022-06-24T02:51:25Z" duration-ms="1347" status="PASS">
          <reporter-output>
          </reporter-output>
        </test-method> <!-- TigerSharkCarted -->
        <test-method is-config="true" signature="afterEachTestMethod(org.testng.ITestResult)[pri:0, instance:apps.pets.CartTest@222a59e6]" started-at="2022-06-24T02:51:25Z" name="afterEachTestMethod" finished-at="2022-06-24T02:51:25Z" duration-ms="695" status="PASS">
          <params>
            <param index="0">
              <value>
                <![CDATA[[TestResult name=TigerSharkCarted status=SUCCESS method=CartTest.TigerSharkCarted()[pri:0, instance:apps.pets.CartTest@222a59e6] output={null}]]]>
              </value>
            </param>
          </params>
          <reporter-output>
          </reporter-output>
        </test-method> <!-- afterEachTestMethod -->
        <test-method is-config="true" signature="endLOG()[pri:0, instance:apps.pets.CartTest@222a59e6]" started-at="2022-06-24T02:51:25Z" name="endLOG" finished-at="2022-06-24T02:51:25Z" duration-ms="1" status="PASS">
          <reporter-output>
          </reporter-output>
        </test-method> <!-- endLOG -->
        <test-method is-config="true" signature="setUp(boolean, java.lang.String, java.lang.String, java.lang.String, java.lang.String, java.lang.String, java.lang.String)[pri:0, instance:apps.pets.CartTest@222a59e6]" started-at="2022-06-24T02:51:25Z" name="setUp" finished-at="2022-06-24T02:51:27Z" duration-ms="1708" status="PASS">
          <params>
            <param index="0">
              <value>
                <![CDATA[false]]>
              </value>
            </param>
            <param index="1">
              <value>
                <![CDATA[browserstack]]>
              </value>
            </param>
            <param index="2">
              <value>
                <![CDATA[windows]]>
              </value>
            </param>
            <param index="3">
              <value>
                <![CDATA[10]]>
              </value>
            </param>
            <param index="4">
              <value>
                <![CDATA[chrome]]>
              </value>
            </param>
            <param index="5">
              <value>
                <![CDATA[102]]>
              </value>
            </param>
            <param index="6">
              <value>
                <![CDATA[https://petstore.octoperf.com/]]>
              </value>
            </param>
          </params>
          <reporter-output>
          </reporter-output>
        </test-method> <!-- setUp -->
        <test-method is-config="true" signature="startExtent(java.lang.reflect.Method)[pri:0, instance:apps.pets.CartTest@222a59e6]" started-at="2022-06-24T02:51:27Z" name="startExtent" finished-at="2022-06-24T02:51:27Z" duration-ms="1" status="PASS">
          <params>
            <param index="0">
              <value>
                <![CDATA[public void apps.pets.CartTest.UpdateMaleBullDogQty()]]>
              </value>
            </param>
          </params>
          <reporter-output>
          </reporter-output>
        </test-method> <!-- startExtent -->
        <test-method signature="UpdateMaleBullDogQty()[pri:0, instance:apps.pets.CartTest@222a59e6]" started-at="2022-06-24T02:51:27Z" name="UpdateMaleBullDogQty" finished-at="2022-06-24T02:51:39Z" duration-ms="11730" status="PASS">
          <reporter-output>
          </reporter-output>
        </test-method> <!-- UpdateMaleBullDogQty -->
        <test-method is-config="true" signature="afterEachTestMethod(org.testng.ITestResult)[pri:0, instance:apps.pets.CartTest@222a59e6]" started-at="2022-06-24T02:51:39Z" name="afterEachTestMethod" finished-at="2022-06-24T02:51:39Z" duration-ms="697" status="PASS">
          <params>
            <param index="0">
              <value>
                <![CDATA[[TestResult name=UpdateMaleBullDogQty status=SUCCESS method=CartTest.UpdateMaleBullDogQty()[pri:0, instance:apps.pets.CartTest@222a59e6] output={null}]]]>
              </value>
            </param>
          </params>
          <reporter-output>
          </reporter-output>
        </test-method> <!-- afterEachTestMethod -->
        <test-method is-config="true" signature="endLOG()[pri:0, instance:apps.pets.CartTest@222a59e6]" started-at="2022-06-24T02:51:39Z" name="endLOG" finished-at="2022-06-24T02:51:39Z" duration-ms="1" status="PASS">
          <reporter-output>
          </reporter-output>
        </test-method> <!-- endLOG -->
        <test-method is-config="true" signature="setUp(boolean, java.lang.String, java.lang.String, java.lang.String, java.lang.String, java.lang.String, java.lang.String)[pri:0, instance:apps.pets.CartTest@222a59e6]" started-at="2022-06-24T02:51:39Z" name="setUp" finished-at="2022-06-24T02:51:41Z" duration-ms="1688" status="PASS">
          <params>
            <param index="0">
              <value>
                <![CDATA[false]]>
              </value>
            </param>
            <param index="1">
              <value>
                <![CDATA[browserstack]]>
              </value>
            </param>
            <param index="2">
              <value>
                <![CDATA[windows]]>
              </value>
            </param>
            <param index="3">
              <value>
                <![CDATA[10]]>
              </value>
            </param>
            <param index="4">
              <value>
                <![CDATA[chrome]]>
              </value>
            </param>
            <param index="5">
              <value>
                <![CDATA[102]]>
              </value>
            </param>
            <param index="6">
              <value>
                <![CDATA[https://petstore.octoperf.com/]]>
              </value>
            </param>
          </params>
          <reporter-output>
          </reporter-output>
        </test-method> <!-- setUp -->
        <test-method is-config="true" signature="startExtent(java.lang.reflect.Method)[pri:0, instance:apps.pets.CartTest@222a59e6]" started-at="2022-06-24T02:51:41Z" name="startExtent" finished-at="2022-06-24T02:51:41Z" duration-ms="0" status="PASS">
          <params>
            <param index="0">
              <value>
                <![CDATA[public void apps.pets.CartTest.UpdateParrotQtyCart()]]>
              </value>
            </param>
          </params>
          <reporter-output>
          </reporter-output>
        </test-method> <!-- startExtent -->
        <test-method signature="UpdateParrotQtyCart()[pri:0, instance:apps.pets.CartTest@222a59e6]" started-at="2022-06-24T02:51:41Z" name="UpdateParrotQtyCart" finished-at="2022-06-24T02:51:51Z" duration-ms="9742" status="PASS">
          <reporter-output>
          </reporter-output>
        </test-method> <!-- UpdateParrotQtyCart -->
        <test-method is-config="true" signature="afterEachTestMethod(org.testng.ITestResult)[pri:0, instance:apps.pets.CartTest@222a59e6]" started-at="2022-06-24T02:51:51Z" name="afterEachTestMethod" finished-at="2022-06-24T02:51:51Z" duration-ms="695" status="PASS">
          <params>
            <param index="0">
              <value>
                <![CDATA[[TestResult name=UpdateParrotQtyCart status=SUCCESS method=CartTest.UpdateParrotQtyCart()[pri:0, instance:apps.pets.CartTest@222a59e6] output={null}]]]>
              </value>
            </param>
          </params>
          <reporter-output>
          </reporter-output>
        </test-method> <!-- afterEachTestMethod -->
        <test-method is-config="true" signature="endLOG()[pri:0, instance:apps.pets.CartTest@222a59e6]" started-at="2022-06-24T02:51:51Z" name="endLOG" finished-at="2022-06-24T02:51:51Z" duration-ms="1" status="PASS">
          <reporter-output>
          </reporter-output>
        </test-method> <!-- endLOG -->
        <test-method is-config="true" signature="setUp(boolean, java.lang.String, java.lang.String, java.lang.String, java.lang.String, java.lang.String, java.lang.String)[pri:0, instance:apps.pets.CartTest@222a59e6]" started-at="2022-06-24T02:51:51Z" name="setUp" finished-at="2022-06-24T02:51:53Z" duration-ms="1725" status="PASS">
          <params>
            <param index="0">
              <value>
                <![CDATA[false]]>
              </value>
            </param>
            <param index="1">
              <value>
                <![CDATA[browserstack]]>
              </value>
            </param>
            <param index="2">
              <value>
                <![CDATA[windows]]>
              </value>
            </param>
            <param index="3">
              <value>
                <![CDATA[10]]>
              </value>
            </param>
            <param index="4">
              <value>
                <![CDATA[chrome]]>
              </value>
            </param>
            <param index="5">
              <value>
                <![CDATA[102]]>
              </value>
            </param>
            <param index="6">
              <value>
                <![CDATA[https://petstore.octoperf.com/]]>
              </value>
            </param>
          </params>
          <reporter-output>
          </reporter-output>
        </test-method> <!-- setUp -->
        <test-method is-config="true" signature="startExtent(java.lang.reflect.Method)[pri:0, instance:apps.pets.CartTest@222a59e6]" started-at="2022-06-24T02:51:53Z" name="startExtent" finished-at="2022-06-24T02:51:53Z" duration-ms="1" status="PASS">
          <params>
            <param index="0">
              <value>
                <![CDATA[public void apps.pets.CartTest.UpdatePersianCatQty()]]>
              </value>
            </param>
          </params>
          <reporter-output>
          </reporter-output>
        </test-method> <!-- startExtent -->
        <test-method signature="UpdatePersianCatQty()[pri:0, instance:apps.pets.CartTest@222a59e6]" started-at="2022-06-24T02:51:53Z" name="UpdatePersianCatQty" finished-at="2022-06-24T02:52:03Z" duration-ms="9716" status="PASS">
          <reporter-output>
          </reporter-output>
        </test-method> <!-- UpdatePersianCatQty -->
        <test-method is-config="true" signature="afterEachTestMethod(org.testng.ITestResult)[pri:0, instance:apps.pets.CartTest@222a59e6]" started-at="2022-06-24T02:52:03Z" name="afterEachTestMethod" finished-at="2022-06-24T02:52:04Z" duration-ms="694" status="PASS">
          <params>
            <param index="0">
              <value>
                <![CDATA[[TestResult name=UpdatePersianCatQty status=SUCCESS method=CartTest.UpdatePersianCatQty()[pri:0, instance:apps.pets.CartTest@222a59e6] output={null}]]]>
              </value>
            </param>
          </params>
          <reporter-output>
          </reporter-output>
        </test-method> <!-- afterEachTestMethod -->
        <test-method is-config="true" signature="endLOG()[pri:0, instance:apps.pets.CartTest@222a59e6]" started-at="2022-06-24T02:52:04Z" name="endLOG" finished-at="2022-06-24T02:52:04Z" duration-ms="1" status="PASS">
          <reporter-output>
          </reporter-output>
        </test-method> <!-- endLOG -->
        <test-method is-config="true" signature="setUp(boolean, java.lang.String, java.lang.String, java.lang.String, java.lang.String, java.lang.String, java.lang.String)[pri:0, instance:apps.pets.CartTest@222a59e6]" started-at="2022-06-24T02:52:04Z" name="setUp" finished-at="2022-06-24T02:52:05Z" duration-ms="1762" status="PASS">
          <params>
            <param index="0">
              <value>
                <![CDATA[false]]>
              </value>
            </param>
            <param index="1">
              <value>
                <![CDATA[browserstack]]>
              </value>
            </param>
            <param index="2">
              <value>
                <![CDATA[windows]]>
              </value>
            </param>
            <param index="3">
              <value>
                <![CDATA[10]]>
              </value>
            </param>
            <param index="4">
              <value>
                <![CDATA[chrome]]>
              </value>
            </param>
            <param index="5">
              <value>
                <![CDATA[102]]>
              </value>
            </param>
            <param index="6">
              <value>
                <![CDATA[https://petstore.octoperf.com/]]>
              </value>
            </param>
          </params>
          <reporter-output>
          </reporter-output>
        </test-method> <!-- setUp -->
        <test-method signature="UpdateSharkQtyCart()[pri:0, instance:apps.pets.CartTest@222a59e6]" started-at="2022-06-24T02:52:05Z" name="UpdateSharkQtyCart" finished-at="2022-06-24T02:52:07Z" duration-ms="1642" status="PASS">
          <reporter-output>
          </reporter-output>
        </test-method> <!-- UpdateSharkQtyCart -->
        <test-method is-config="true" signature="startExtent(java.lang.reflect.Method)[pri:0, instance:apps.pets.CartTest@222a59e6]" started-at="2022-06-24T02:52:05Z" name="startExtent" finished-at="2022-06-24T02:52:05Z" duration-ms="0" status="PASS">
          <params>
            <param index="0">
              <value>
                <![CDATA[public void apps.pets.CartTest.UpdateSharkQtyCart()]]>
              </value>
            </param>
          </params>
          <reporter-output>
          </reporter-output>
        </test-method> <!-- startExtent -->
        <test-method is-config="true" signature="afterEachTestMethod(org.testng.ITestResult)[pri:0, instance:apps.pets.CartTest@222a59e6]" started-at="2022-06-24T02:52:07Z" name="afterEachTestMethod" finished-at="2022-06-24T02:52:08Z" duration-ms="693" status="PASS">
          <params>
            <param index="0">
              <value>
                <![CDATA[[TestResult name=UpdateSharkQtyCart status=SUCCESS method=CartTest.UpdateSharkQtyCart()[pri:0, instance:apps.pets.CartTest@222a59e6] output={null}]]]>
              </value>
            </param>
          </params>
          <reporter-output>
          </reporter-output>
        </test-method> <!-- afterEachTestMethod -->
        <test-method is-config="true" signature="endLOG()[pri:0, instance:apps.pets.CartTest@222a59e6]" started-at="2022-06-24T02:52:08Z" name="endLOG" finished-at="2022-06-24T02:52:08Z" duration-ms="1" status="PASS">
          <reporter-output>
          </reporter-output>
        </test-method> <!-- endLOG -->
        <test-method is-config="true" signature="setUp(boolean, java.lang.String, java.lang.String, java.lang.String, java.lang.String, java.lang.String, java.lang.String)[pri:0, instance:apps.pets.CartTest@222a59e6]" started-at="2022-06-24T02:52:08Z" name="setUp" finished-at="2022-06-24T02:52:09Z" duration-ms="1714" status="PASS">
          <params>
            <param index="0">
              <value>
                <![CDATA[false]]>
              </value>
            </param>
            <param index="1">
              <value>
                <![CDATA[browserstack]]>
              </value>
            </param>
            <param index="2">
              <value>
                <![CDATA[windows]]>
              </value>
            </param>
            <param index="3">
              <value>
                <![CDATA[10]]>
              </value>
            </param>
            <param index="4">
              <value>
                <![CDATA[chrome]]>
              </value>
            </param>
            <param index="5">
              <value>
                <![CDATA[102]]>
              </value>
            </param>
            <param index="6">
              <value>
                <![CDATA[https://petstore.octoperf.com/]]>
              </value>
            </param>
          </params>
          <reporter-output>
          </reporter-output>
        </test-method> <!-- setUp -->
        <test-method is-config="true" signature="startExtent(java.lang.reflect.Method)[pri:0, instance:apps.pets.CartTest@222a59e6]" started-at="2022-06-24T02:52:09Z" name="startExtent" finished-at="2022-06-24T02:52:09Z" duration-ms="0" status="PASS">
          <params>
            <param index="0">
              <value>
                <![CDATA[public void apps.pets.CartTest.UpdateVenomlessSnakeQty()]]>
              </value>
            </param>
          </params>
          <reporter-output>
          </reporter-output>
        </test-method> <!-- startExtent -->
        <test-method signature="UpdateVenomlessSnakeQty()[pri:0, instance:apps.pets.CartTest@222a59e6]" started-at="2022-06-24T02:52:09Z" name="UpdateVenomlessSnakeQty" finished-at="2022-06-24T02:52:21Z" duration-ms="11715" status="PASS">
          <reporter-output>
          </reporter-output>
        </test-method> <!-- UpdateVenomlessSnakeQty -->
        <test-method is-config="true" signature="afterEachTestMethod(org.testng.ITestResult)[pri:0, instance:apps.pets.CartTest@222a59e6]" started-at="2022-06-24T02:52:21Z" name="afterEachTestMethod" finished-at="2022-06-24T02:52:22Z" duration-ms="710" status="PASS">
          <params>
            <param index="0">
              <value>
                <![CDATA[[TestResult name=UpdateVenomlessSnakeQty status=SUCCESS method=CartTest.UpdateVenomlessSnakeQty()[pri:0, instance:apps.pets.CartTest@222a59e6] output={null}]]]>
              </value>
            </param>
          </params>
          <reporter-output>
          </reporter-output>
        </test-method> <!-- afterEachTestMethod -->
        <test-method is-config="true" signature="endLOG()[pri:0, instance:apps.pets.CartTest@222a59e6]" started-at="2022-06-24T02:52:22Z" name="endLOG" finished-at="2022-06-24T02:52:22Z" duration-ms="0" status="PASS">
          <reporter-output>
          </reporter-output>
        </test-method> <!-- endLOG -->
      </class> <!-- apps.pets.CartTest -->
      <class name="apps.pets.AccountsTest">
        <test-method is-config="true" signature="setUp(boolean, java.lang.String, java.lang.String, java.lang.String, java.lang.String, java.lang.String, java.lang.String)[pri:0, instance:apps.pets.AccountsTest@38af9828]" started-at="2022-06-24T02:47:08Z" name="setUp" finished-at="2022-06-24T02:47:09Z" duration-ms="1686" status="PASS">
          <params>
            <param index="0">
              <value>
                <![CDATA[false]]>
              </value>
            </param>
            <param index="1">
              <value>
                <![CDATA[browserstack]]>
              </value>
            </param>
            <param index="2">
              <value>
                <![CDATA[windows]]>
              </value>
            </param>
            <param index="3">
              <value>
                <![CDATA[10]]>
              </value>
            </param>
            <param index="4">
              <value>
                <![CDATA[chrome]]>
              </value>
            </param>
            <param index="5">
              <value>
                <![CDATA[102]]>
              </value>
            </param>
            <param index="6">
              <value>
                <![CDATA[https://petstore.octoperf.com/]]>
              </value>
            </param>
          </params>
          <reporter-output>
          </reporter-output>
        </test-method> <!-- setUp -->
        <test-method signature="FavoriteCategoryBirds()[pri:0, instance:apps.pets.AccountsTest@38af9828]" started-at="2022-06-24T02:47:09Z" name="FavoriteCategoryBirds" finished-at="2022-06-24T02:47:11Z" duration-ms="1926" status="PASS">
          <reporter-output>
          </reporter-output>
        </test-method> <!-- FavoriteCategoryBirds -->
        <test-method is-config="true" signature="startExtent(java.lang.reflect.Method)[pri:0, instance:apps.pets.AccountsTest@38af9828]" started-at="2022-06-24T02:47:09Z" name="startExtent" finished-at="2022-06-24T02:47:09Z" duration-ms="0" status="PASS">
          <params>
            <param index="0">
              <value>
                <![CDATA[public void apps.pets.AccountsTest.FavoriteCategoryBirds()]]>
              </value>
            </param>
          </params>
          <reporter-output>
          </reporter-output>
        </test-method> <!-- startExtent -->
        <test-method is-config="true" signature="afterEachTestMethod(org.testng.ITestResult)[pri:0, instance:apps.pets.AccountsTest@38af9828]" started-at="2022-06-24T02:47:11Z" name="afterEachTestMethod" finished-at="2022-06-24T02:47:12Z" duration-ms="672" status="PASS">
          <params>
            <param index="0">
              <value>
                <![CDATA[[TestResult name=FavoriteCategoryBirds status=SUCCESS method=AccountsTest.FavoriteCategoryBirds()[pri:0, instance:apps.pets.AccountsTest@38af9828] output={null}]]]>
              </value>
            </param>
          </params>
          <reporter-output>
          </reporter-output>
        </test-method> <!-- afterEachTestMethod -->
        <test-method is-config="true" signature="endLOG()[pri:0, instance:apps.pets.AccountsTest@38af9828]" started-at="2022-06-24T02:47:12Z" name="endLOG" finished-at="2022-06-24T02:47:12Z" duration-ms="1" status="PASS">
          <reporter-output>
          </reporter-output>
        </test-method> <!-- endLOG -->
        <test-method is-config="true" signature="setUp(boolean, java.lang.String, java.lang.String, java.lang.String, java.lang.String, java.lang.String, java.lang.String)[pri:0, instance:apps.pets.AccountsTest@38af9828]" started-at="2022-06-24T02:47:12Z" name="setUp" finished-at="2022-06-24T02:47:14Z" duration-ms="1676" status="PASS">
          <params>
            <param index="0">
              <value>
                <![CDATA[false]]>
              </value>
            </param>
            <param index="1">
              <value>
                <![CDATA[browserstack]]>
              </value>
            </param>
            <param index="2">
              <value>
                <![CDATA[windows]]>
              </value>
            </param>
            <param index="3">
              <value>
                <![CDATA[10]]>
              </value>
            </param>
            <param index="4">
              <value>
                <![CDATA[chrome]]>
              </value>
            </param>
            <param index="5">
              <value>
                <![CDATA[102]]>
              </value>
            </param>
            <param index="6">
              <value>
                <![CDATA[https://petstore.octoperf.com/]]>
              </value>
            </param>
          </params>
          <reporter-output>
          </reporter-output>
        </test-method> <!-- setUp -->
        <test-method is-config="true" signature="startExtent(java.lang.reflect.Method)[pri:0, instance:apps.pets.AccountsTest@38af9828]" started-at="2022-06-24T02:47:14Z" name="startExtent" finished-at="2022-06-24T02:47:14Z" duration-ms="1" status="PASS">
          <params>
            <param index="0">
              <value>
                <![CDATA[public void apps.pets.AccountsTest.FavoriteCategoryCat()]]>
              </value>
            </param>
          </params>
          <reporter-output>
          </reporter-output>
        </test-method> <!-- startExtent -->
        <test-method signature="FavoriteCategoryCat()[pri:0, instance:apps.pets.AccountsTest@38af9828]" started-at="2022-06-24T02:47:14Z" name="FavoriteCategoryCat" finished-at="2022-06-24T02:47:15Z" duration-ms="1815" status="PASS">
          <reporter-output>
          </reporter-output>
        </test-method> <!-- FavoriteCategoryCat -->
        <test-method is-config="true" signature="afterEachTestMethod(org.testng.ITestResult)[pri:0, instance:apps.pets.AccountsTest@38af9828]" started-at="2022-06-24T02:47:15Z" name="afterEachTestMethod" finished-at="2022-06-24T02:47:16Z" duration-ms="688" status="PASS">
          <params>
            <param index="0">
              <value>
                <![CDATA[[TestResult name=FavoriteCategoryCat status=SUCCESS method=AccountsTest.FavoriteCategoryCat()[pri:0, instance:apps.pets.AccountsTest@38af9828] output={null}]]]>
              </value>
            </param>
          </params>
          <reporter-output>
          </reporter-output>
        </test-method> <!-- afterEachTestMethod -->
        <test-method is-config="true" signature="endLOG()[pri:0, instance:apps.pets.AccountsTest@38af9828]" started-at="2022-06-24T02:47:16Z" name="endLOG" finished-at="2022-06-24T02:47:16Z" duration-ms="1" status="PASS">
          <reporter-output>
          </reporter-output>
        </test-method> <!-- endLOG -->
        <test-method is-config="true" signature="setUp(boolean, java.lang.String, java.lang.String, java.lang.String, java.lang.String, java.lang.String, java.lang.String)[pri:0, instance:apps.pets.AccountsTest@38af9828]" started-at="2022-06-24T02:47:16Z" name="setUp" finished-at="2022-06-24T02:47:18Z" duration-ms="1659" status="PASS">
          <params>
            <param index="0">
              <value>
                <![CDATA[false]]>
              </value>
            </param>
            <param index="1">
              <value>
                <![CDATA[browserstack]]>
              </value>
            </param>
            <param index="2">
              <value>
                <![CDATA[windows]]>
              </value>
            </param>
            <param index="3">
              <value>
                <![CDATA[10]]>
              </value>
            </param>
            <param index="4">
              <value>
                <![CDATA[chrome]]>
              </value>
            </param>
            <param index="5">
              <value>
                <![CDATA[102]]>
              </value>
            </param>
            <param index="6">
              <value>
                <![CDATA[https://petstore.octoperf.com/]]>
              </value>
            </param>
          </params>
          <reporter-output>
          </reporter-output>
        </test-method> <!-- setUp -->
        <test-method is-config="true" signature="startExtent(java.lang.reflect.Method)[pri:0, instance:apps.pets.AccountsTest@38af9828]" started-at="2022-06-24T02:47:18Z" name="startExtent" finished-at="2022-06-24T02:47:18Z" duration-ms="0" status="PASS">
          <params>
            <param index="0">
              <value>
                <![CDATA[public void apps.pets.AccountsTest.FavoriteCategoryDog()]]>
              </value>
            </param>
          </params>
          <reporter-output>
          </reporter-output>
        </test-method> <!-- startExtent -->
        <test-method signature="FavoriteCategoryDog()[pri:0, instance:apps.pets.AccountsTest@38af9828]" started-at="2022-06-24T02:47:18Z" name="FavoriteCategoryDog" finished-at="2022-06-24T02:47:19Z" duration-ms="1752" status="PASS">
          <reporter-output>
          </reporter-output>
        </test-method> <!-- FavoriteCategoryDog -->
        <test-method is-config="true" signature="afterEachTestMethod(org.testng.ITestResult)[pri:0, instance:apps.pets.AccountsTest@38af9828]" started-at="2022-06-24T02:47:19Z" name="afterEachTestMethod" finished-at="2022-06-24T02:47:20Z" duration-ms="659" status="PASS">
          <params>
            <param index="0">
              <value>
                <![CDATA[[TestResult name=FavoriteCategoryDog status=SUCCESS method=AccountsTest.FavoriteCategoryDog()[pri:0, instance:apps.pets.AccountsTest@38af9828] output={null}]]]>
              </value>
            </param>
          </params>
          <reporter-output>
          </reporter-output>
        </test-method> <!-- afterEachTestMethod -->
        <test-method is-config="true" signature="endLOG()[pri:0, instance:apps.pets.AccountsTest@38af9828]" started-at="2022-06-24T02:47:20Z" name="endLOG" finished-at="2022-06-24T02:47:20Z" duration-ms="1" status="PASS">
          <reporter-output>
          </reporter-output>
        </test-method> <!-- endLOG -->
        <test-method is-config="true" signature="setUp(boolean, java.lang.String, java.lang.String, java.lang.String, java.lang.String, java.lang.String, java.lang.String)[pri:0, instance:apps.pets.AccountsTest@38af9828]" started-at="2022-06-24T02:47:20Z" name="setUp" finished-at="2022-06-24T02:47:22Z" duration-ms="1932" status="PASS">
          <params>
            <param index="0">
              <value>
                <![CDATA[false]]>
              </value>
            </param>
            <param index="1">
              <value>
                <![CDATA[browserstack]]>
              </value>
            </param>
            <param index="2">
              <value>
                <![CDATA[windows]]>
              </value>
            </param>
            <param index="3">
              <value>
                <![CDATA[10]]>
              </value>
            </param>
            <param index="4">
              <value>
                <![CDATA[chrome]]>
              </value>
            </param>
            <param index="5">
              <value>
                <![CDATA[102]]>
              </value>
            </param>
            <param index="6">
              <value>
                <![CDATA[https://petstore.octoperf.com/]]>
              </value>
            </param>
          </params>
          <reporter-output>
          </reporter-output>
        </test-method> <!-- setUp -->
        <test-method signature="FavoriteCategoryFish()[pri:0, instance:apps.pets.AccountsTest@38af9828]" started-at="2022-06-24T02:47:22Z" name="FavoriteCategoryFish" finished-at="2022-06-24T02:47:24Z" duration-ms="1622" status="PASS">
          <reporter-output>
          </reporter-output>
        </test-method> <!-- FavoriteCategoryFish -->
        <test-method is-config="true" signature="startExtent(java.lang.reflect.Method)[pri:0, instance:apps.pets.AccountsTest@38af9828]" started-at="2022-06-24T02:47:22Z" name="startExtent" finished-at="2022-06-24T02:47:22Z" duration-ms="0" status="PASS">
          <params>
            <param index="0">
              <value>
                <![CDATA[public void apps.pets.AccountsTest.FavoriteCategoryFish()]]>
              </value>
            </param>
          </params>
          <reporter-output>
          </reporter-output>
        </test-method> <!-- startExtent -->
        <test-method is-config="true" signature="afterEachTestMethod(org.testng.ITestResult)[pri:0, instance:apps.pets.AccountsTest@38af9828]" started-at="2022-06-24T02:47:24Z" name="afterEachTestMethod" finished-at="2022-06-24T02:47:24Z" duration-ms="675" status="PASS">
          <params>
            <param index="0">
              <value>
                <![CDATA[[TestResult name=FavoriteCategoryFish status=SUCCESS method=AccountsTest.FavoriteCategoryFish()[pri:0, instance:apps.pets.AccountsTest@38af9828] output={null}]]]>
              </value>
            </param>
          </params>
          <reporter-output>
          </reporter-output>
        </test-method> <!-- afterEachTestMethod -->
        <test-method is-config="true" signature="endLOG()[pri:0, instance:apps.pets.AccountsTest@38af9828]" started-at="2022-06-24T02:47:24Z" name="endLOG" finished-at="2022-06-24T02:47:24Z" duration-ms="1" status="PASS">
          <reporter-output>
          </reporter-output>
        </test-method> <!-- endLOG -->
        <test-method is-config="true" signature="setUp(boolean, java.lang.String, java.lang.String, java.lang.String, java.lang.String, java.lang.String, java.lang.String)[pri:0, instance:apps.pets.AccountsTest@38af9828]" started-at="2022-06-24T02:47:24Z" name="setUp" finished-at="2022-06-24T02:47:26Z" duration-ms="1744" status="PASS">
          <params>
            <param index="0">
              <value>
                <![CDATA[false]]>
              </value>
            </param>
            <param index="1">
              <value>
                <![CDATA[browserstack]]>
              </value>
            </param>
            <param index="2">
              <value>
                <![CDATA[windows]]>
              </value>
            </param>
            <param index="3">
              <value>
                <![CDATA[10]]>
              </value>
            </param>
            <param index="4">
              <value>
                <![CDATA[chrome]]>
              </value>
            </param>
            <param index="5">
              <value>
                <![CDATA[102]]>
              </value>
            </param>
            <param index="6">
              <value>
                <![CDATA[https://petstore.octoperf.com/]]>
              </value>
            </param>
          </params>
          <reporter-output>
          </reporter-output>
        </test-method> <!-- setUp -->
        <test-method is-config="true" signature="startExtent(java.lang.reflect.Method)[pri:0, instance:apps.pets.AccountsTest@38af9828]" started-at="2022-06-24T02:47:26Z" name="startExtent" finished-at="2022-06-24T02:47:26Z" duration-ms="1" status="PASS">
          <params>
            <param index="0">
              <value>
                <![CDATA[public void apps.pets.AccountsTest.FavoriteCategoryReptiles()]]>
              </value>
            </param>
          </params>
          <reporter-output>
          </reporter-output>
        </test-method> <!-- startExtent -->
        <test-method signature="FavoriteCategoryReptiles()[pri:0, instance:apps.pets.AccountsTest@38af9828]" started-at="2022-06-24T02:47:26Z" name="FavoriteCategoryReptiles" finished-at="2022-06-24T02:47:28Z" duration-ms="1709" status="PASS">
          <reporter-output>
          </reporter-output>
        </test-method> <!-- FavoriteCategoryReptiles -->
        <test-method is-config="true" signature="afterEachTestMethod(org.testng.ITestResult)[pri:0, instance:apps.pets.AccountsTest@38af9828]" started-at="2022-06-24T02:47:28Z" name="afterEachTestMethod" finished-at="2022-06-24T02:47:28Z" duration-ms="673" status="PASS">
          <params>
            <param index="0">
              <value>
                <![CDATA[[TestResult name=FavoriteCategoryReptiles status=SUCCESS method=AccountsTest.FavoriteCategoryReptiles()[pri:0, instance:apps.pets.AccountsTest@38af9828] output={null}]]]>
              </value>
            </param>
          </params>
          <reporter-output>
          </reporter-output>
        </test-method> <!-- afterEachTestMethod -->
        <test-method is-config="true" signature="endLOG()[pri:0, instance:apps.pets.AccountsTest@38af9828]" started-at="2022-06-24T02:47:28Z" name="endLOG" finished-at="2022-06-24T02:47:28Z" duration-ms="0" status="PASS">
          <reporter-output>
          </reporter-output>
        </test-method> <!-- endLOG -->
        <test-method is-config="true" signature="setUp(boolean, java.lang.String, java.lang.String, java.lang.String, java.lang.String, java.lang.String, java.lang.String)[pri:0, instance:apps.pets.AccountsTest@38af9828]" started-at="2022-06-24T02:47:28Z" name="setUp" finished-at="2022-06-24T02:47:30Z" duration-ms="1656" status="PASS">
          <params>
            <param index="0">
              <value>
                <![CDATA[false]]>
              </value>
            </param>
            <param index="1">
              <value>
                <![CDATA[browserstack]]>
              </value>
            </param>
            <param index="2">
              <value>
                <![CDATA[windows]]>
              </value>
            </param>
            <param index="3">
              <value>
                <![CDATA[10]]>
              </value>
            </param>
            <param index="4">
              <value>
                <![CDATA[chrome]]>
              </value>
            </param>
            <param index="5">
              <value>
                <![CDATA[102]]>
              </value>
            </param>
            <param index="6">
              <value>
                <![CDATA[https://petstore.octoperf.com/]]>
              </value>
            </param>
          </params>
          <reporter-output>
          </reporter-output>
        </test-method> <!-- setUp -->
        <test-method is-config="true" signature="startExtent(java.lang.reflect.Method)[pri:0, instance:apps.pets.AccountsTest@38af9828]" started-at="2022-06-24T02:47:30Z" name="startExtent" finished-at="2022-06-24T02:47:30Z" duration-ms="0" status="PASS">
          <params>
            <param index="0">
              <value>
                <![CDATA[public void apps.pets.AccountsTest.UpdateAccountPhoneNumber()]]>
              </value>
            </param>
          </params>
          <reporter-output>
          </reporter-output>
        </test-method> <!-- startExtent -->
        <test-method signature="UpdateAccountPhoneNumber()[pri:0, instance:apps.pets.AccountsTest@38af9828]" started-at="2022-06-24T02:47:30Z" name="UpdateAccountPhoneNumber" finished-at="2022-06-24T02:47:48Z" duration-ms="17906" status="PASS">
          <reporter-output>
          </reporter-output>
        </test-method> <!-- UpdateAccountPhoneNumber -->
        <test-method is-config="true" signature="afterEachTestMethod(org.testng.ITestResult)[pri:0, instance:apps.pets.AccountsTest@38af9828]" started-at="2022-06-24T02:47:48Z" name="afterEachTestMethod" finished-at="2022-06-24T02:47:49Z" duration-ms="693" status="PASS">
          <params>
            <param index="0">
              <value>
                <![CDATA[[TestResult name=UpdateAccountPhoneNumber status=SUCCESS method=AccountsTest.UpdateAccountPhoneNumber()[pri:0, instance:apps.pets.AccountsTest@38af9828] output={null}]]]>
              </value>
            </param>
[...]
          <reporter-output>
          </reporter-output>
        </test-method> <!-- endLOG -->
        <test-method is-config="true" signature="setUp(boolean, java.lang.String, java.lang.String, java.lang.String, java.lang.String, java.lang.String, java.lang.String)[pri:0, instance:apps.pets.OrdersTest@34129c78]" started-at="2022-06-24T02:48:47Z" name="setUp" finished-at="2022-06-24T02:48:49Z" duration-ms="1685" status="PASS">
          <params>
            <param index="0">
              <value>
                <![CDATA[false]]>
              </value>
            </param>
            <param index="1">
              <value>
                <![CDATA[browserstack]]>
              </value>
            </param>
            <param index="2">
              <value>
                <![CDATA[windows]]>
              </value>
            </param>
            <param index="3">
              <value>
                <![CDATA[10]]>
              </value>
            </param>
            <param index="4">
              <value>
                <![CDATA[chrome]]>
              </value>
            </param>
            <param index="5">
              <value>
                <![CDATA[102]]>
              </value>
            </param>
            <param index="6">
              <value>
                <![CDATA[https://petstore.octoperf.com/]]>
              </value>
            </param>
          </params>
          <reporter-output>
          </reporter-output>
        </test-method> <!-- setUp -->
        <test-method is-config="true" signature="startExtent(java.lang.reflect.Method)[pri:0, instance:apps.pets.OrdersTest@34129c78]" started-at="2022-06-24T02:48:49Z" name="startExtent" finished-at="2022-06-24T02:48:49Z" duration-ms="1" status="PASS">
          <params>
            <param index="0">
              <value>
                <![CDATA[public void apps.pets.OrdersTest.Order87422()]]>
              </value>
            </param>
          </params>
          <reporter-output>
          </reporter-output>
        </test-method> <!-- startExtent -->
        <test-method signature="Order87422()[pri:0, instance:apps.pets.OrdersTest@34129c78]" started-at="2022-06-24T02:48:49Z" name="Order87422" finished-at="2022-06-24T02:48:51Z" duration-ms="1777" status="PASS">
          <reporter-output>
          </reporter-output>
        </test-method> <!-- Order87422 -->
        <test-method is-config="true" signature="afterEachTestMethod(org.testng.ITestResult)[pri:0, instance:apps.pets.OrdersTest@34129c78]" started-at="2022-06-24T02:48:51Z" name="afterEachTestMethod" finished-at="2022-06-24T02:48:52Z" duration-ms="686" status="PASS">
          <params>
            <param index="0">
              <value>
                <![CDATA[[TestResult name=Order87422 status=SUCCESS method=OrdersTest.Order87422()[pri:0, instance:apps.pets.OrdersTest@34129c78] output={null}]]]>
              </value>
            </param>
          </params>
          <reporter-output>
          </reporter-output>
        </test-method> <!-- afterEachTestMethod -->
        <test-method is-config="true" signature="endLOG()[pri:0, instance:apps.pets.OrdersTest@34129c78]" started-at="2022-06-24T02:48:52Z" name="endLOG" finished-at="2022-06-24T02:48:52Z" duration-ms="0" status="PASS">
          <reporter-output>
          </reporter-output>
        </test-method> <!-- endLOG -->
        <test-method is-config="true" signature="setUp(boolean, java.lang.String, java.lang.String, java.lang.String, java.lang.String, java.lang.String, java.lang.String)[pri:0, instance:apps.pets.OrdersTest@34129c78]" started-at="2022-06-24T02:48:52Z" name="setUp" finished-at="2022-06-24T02:48:53Z" duration-ms="1723" status="PASS">
          <params>
            <param index="0">
              <value>
                <![CDATA[false]]>
              </value>
            </param>
            <param index="1">
              <value>
                <![CDATA[browserstack]]>
              </value>
            </param>
            <param index="2">
              <value>
                <![CDATA[windows]]>
              </value>
            </param>
            <param index="3">
              <value>
                <![CDATA[10]]>
              </value>
            </param>
            <param index="4">
              <value>
                <![CDATA[chrome]]>
              </value>
            </param>
            <param index="5">
              <value>
                <![CDATA[102]]>
              </value>
            </param>
            <param index="6">
              <value>
                <![CDATA[https://petstore.octoperf.com/]]>
              </value>
            </param>
          </params>
          <reporter-output>
          </reporter-output>
        </test-method> <!-- setUp -->
        <test-method signature="Order9072()[pri:0, instance:apps.pets.OrdersTest@34129c78]" started-at="2022-06-24T02:48:53Z" name="Order9072" finished-at="2022-06-24T02:48:55Z" duration-ms="1805" status="PASS">
          <reporter-output>
          </reporter-output>
        </test-method> <!-- Order9072 -->
        <test-method is-config="true" signature="startExtent(java.lang.reflect.Method)[pri:0, instance:apps.pets.OrdersTest@34129c78]" started-at="2022-06-24T02:48:53Z" name="startExtent" finished-at="2022-06-24T02:48:53Z" duration-ms="0" status="PASS">
          <params>
            <param index="0">
              <value>
                <![CDATA[public void apps.pets.OrdersTest.Order9072()]]>
              </value>
            </param>
          </params>
          <reporter-output>
          </reporter-output>
        </test-method> <!-- startExtent -->
        <test-method is-config="true" signature="afterEachTestMethod(org.testng.ITestResult)[pri:0, instance:apps.pets.OrdersTest@34129c78]" started-at="2022-06-24T02:48:55Z" name="afterEachTestMethod" finished-at="2022-06-24T02:48:56Z" duration-ms="698" status="PASS">
          <params>
            <param index="0">
              <value>
                <![CDATA[[TestResult name=Order9072 status=SUCCESS method=OrdersTest.Order9072()[pri:0, instance:apps.pets.OrdersTest@34129c78] output={null}]]]>
              </value>
            </param>
          </params>
          <reporter-output>
          </reporter-output>
        </test-method> <!-- afterEachTestMethod -->
        <test-method is-config="true" signature="endLOG()[pri:0, instance:apps.pets.OrdersTest@34129c78]" started-at="2022-06-24T02:48:56Z" name="endLOG" finished-at="2022-06-24T02:48:56Z" duration-ms="1" status="PASS">
          <reporter-output>
          </reporter-output>
        </test-method> <!-- endLOG -->
        <test-method is-config="true" signature="setUp(boolean, java.lang.String, java.lang.String, java.lang.String, java.lang.String, java.lang.String, java.lang.String)[pri:0, instance:apps.pets.OrdersTest@34129c78]" started-at="2022-06-24T02:48:56Z" name="setUp" finished-at="2022-06-24T02:48:57Z" duration-ms="1640" status="PASS">
          <params>
            <param index="0">
              <value>
                <![CDATA[false]]>
              </value>
            </param>
            <param index="1">
              <value>
                <![CDATA[browserstack]]>
              </value>
            </param>
            <param index="2">
              <value>
                <![CDATA[windows]]>
              </value>
            </param>
            <param index="3">
              <value>
                <![CDATA[10]]>
              </value>
            </param>
            <param index="4">
              <value>
                <![CDATA[chrome]]>
              </value>
            </param>
            <param index="5">
              <value>
                <![CDATA[102]]>
              </value>
            </param>
            <param index="6">
              <value>
                <![CDATA[https://petstore.octoperf.com/]]>
              </value>
            </param>
          </params>
          <reporter-output>
          </reporter-output>
        </test-method> <!-- setUp -->
        <test-method signature="Order9073()[pri:0, instance:apps.pets.OrdersTest@34129c78]" started-at="2022-06-24T02:48:57Z" name="Order9073" finished-at="2022-06-24T02:48:59Z" duration-ms="1877" status="PASS">
          <reporter-output>
          </reporter-output>
        </test-method> <!-- Order9073 -->
        <test-method is-config="true" signature="startExtent(java.lang.reflect.Method)[pri:0, instance:apps.pets.OrdersTest@34129c78]" started-at="2022-06-24T02:48:57Z" name="startExtent" finished-at="2022-06-24T02:48:57Z" duration-ms="0" status="PASS">
          <params>
            <param index="0">
              <value>
                <![CDATA[public void apps.pets.OrdersTest.Order9073()]]>
              </value>
            </param>
          </params>
          <reporter-output>
          </reporter-output>
        </test-method> <!-- startExtent -->
        <test-method is-config="true" signature="afterEachTestMethod(org.testng.ITestResult)[pri:0, instance:apps.pets.OrdersTest@34129c78]" started-at="2022-06-24T02:48:59Z" name="afterEachTestMethod" finished-at="2022-06-24T02:49:00Z" duration-ms="695" status="PASS">
          <params>
            <param index="0">
              <value>
                <![CDATA[[TestResult name=Order9073 status=SUCCESS method=OrdersTest.Order9073()[pri:0, instance:apps.pets.OrdersTest@34129c78] output={null}]]]>
              </value>
            </param>
          </params>
          <reporter-output>
          </reporter-output>
        </test-method> <!-- afterEachTestMethod -->
        <test-method is-config="true" signature="endLOG()[pri:0, instance:apps.pets.OrdersTest@34129c78]" started-at="2022-06-24T02:49:00Z" name="endLOG" finished-at="2022-06-24T02:49:00Z" duration-ms="1" status="PASS">
          <reporter-output>
          </reporter-output>
        </test-method> <!-- endLOG -->
        <test-method is-config="true" signature="setUp(boolean, java.lang.String, java.lang.String, java.lang.String, java.lang.String, java.lang.String, java.lang.String)[pri:0, instance:apps.pets.OrdersTest@34129c78]" started-at="2022-06-24T02:49:00Z" name="setUp" finished-at="2022-06-24T02:49:02Z" duration-ms="1614" status="PASS">
          <params>
            <param index="0">
              <value>
                <![CDATA[false]]>
              </value>
            </param>
            <param index="1">
              <value>
                <![CDATA[browserstack]]>
              </value>
            </param>
            <param index="2">
              <value>
                <![CDATA[windows]]>
              </value>
            </param>
            <param index="3">
              <value>
                <![CDATA[10]]>
              </value>
            </param>
            <param index="4">
              <value>
                <![CDATA[chrome]]>
              </value>
            </param>
            <param index="5">
              <value>
                <![CDATA[102]]>
              </value>
            </param>
            <param index="6">
              <value>
                <![CDATA[https://petstore.octoperf.com/]]>
              </value>
            </param>
          </params>
          <reporter-output>
          </reporter-output>
        </test-method> <!-- setUp -->
        <test-method signature="Order9074()[pri:0, instance:apps.pets.OrdersTest@34129c78]" started-at="2022-06-24T02:49:02Z" name="Order9074" finished-at="2022-06-24T02:49:03Z" duration-ms="1748" status="PASS">
          <reporter-output>
          </reporter-output>
        </test-method> <!-- Order9074 -->
        <test-method is-config="true" signature="startExtent(java.lang.reflect.Method)[pri:0, instance:apps.pets.OrdersTest@34129c78]" started-at="2022-06-24T02:49:02Z" name="startExtent" finished-at="2022-06-24T02:49:02Z" duration-ms="0" status="PASS">
          <params>
            <param index="0">
              <value>
                <![CDATA[public void apps.pets.OrdersTest.Order9074()]]>
              </value>
            </param>
          </params>
          <reporter-output>
          </reporter-output>
        </test-method> <!-- startExtent -->
        <test-method is-config="true" signature="afterEachTestMethod(org.testng.ITestResult)[pri:0, instance:apps.pets.OrdersTest@34129c78]" started-at="2022-06-24T02:49:03Z" name="afterEachTestMethod" finished-at="2022-06-24T02:49:04Z" duration-ms="679" status="PASS">
          <params>
            <param index="0">
              <value>
                <![CDATA[[TestResult name=Order9074 status=SUCCESS method=OrdersTest.Order9074()[pri:0, instance:apps.pets.OrdersTest@34129c78] output={null}]]]>
              </value>
            </param>
          </params>
          <reporter-output>
          </reporter-output>
        </test-method> <!-- afterEachTestMethod -->
        <test-method is-config="true" signature="endLOG()[pri:0, instance:apps.pets.OrdersTest@34129c78]" started-at="2022-06-24T02:49:04Z" name="endLOG" finished-at="2022-06-24T02:49:04Z" duration-ms="1" status="PASS">
          <reporter-output>
          </reporter-output>
        </test-method> <!-- endLOG -->
        <test-method is-config="true" signature="setUp(boolean, java.lang.String, java.lang.String, java.lang.String, java.lang.String, java.lang.String, java.lang.String)[pri:0, instance:apps.pets.OrdersTest@34129c78]" started-at="2022-06-24T02:49:04Z" name="setUp" finished-at="2022-06-24T02:49:06Z" duration-ms="1602" status="PASS">
          <params>
            <param index="0">
              <value>
                <![CDATA[false]]>
              </value>
            </param>
            <param index="1">
              <value>
                <![CDATA[browserstack]]>
              </value>
            </param>
            <param index="2">
              <value>
                <![CDATA[windows]]>
              </value>
            </param>
            <param index="3">
              <value>
                <![CDATA[10]]>
              </value>
            </param>
            <param index="4">
              <value>
                <![CDATA[chrome]]>
              </value>
            </param>
            <param index="5">
              <value>
                <![CDATA[102]]>
              </value>
            </param>
            <param index="6">
              <value>
                <![CDATA[https://petstore.octoperf.com/]]>
              </value>
            </param>
          </params>
          <reporter-output>
          </reporter-output>
        </test-method> <!-- setUp -->
        <test-method signature="Order9078()[pri:0, instance:apps.pets.OrdersTest@34129c78]" started-at="2022-06-24T02:49:06Z" name="Order9078" finished-at="2022-06-24T02:49:07Z" duration-ms="1773" status="PASS">
          <reporter-output>
          </reporter-output>
        </test-method> <!-- Order9078 -->
        <test-method is-config="true" signature="startExtent(java.lang.reflect.Method)[pri:0, instance:apps.pets.OrdersTest@34129c78]" started-at="2022-06-24T02:49:06Z" name="startExtent" finished-at="2022-06-24T02:49:06Z" duration-ms="0" status="PASS">
          <params>
            <param index="0">
              <value>
                <![CDATA[public void apps.pets.OrdersTest.Order9078()]]>
              </value>
            </param>
          </params>
          <reporter-output>
          </reporter-output>
        </test-method> <!-- startExtent -->
        <test-method is-config="true" signature="afterEachTestMethod(org.testng.ITestResult)[pri:0, instance:apps.pets.OrdersTest@34129c78]" started-at="2022-06-24T02:49:07Z" name="afterEachTestMethod" finished-at="2022-06-24T02:49:08Z" duration-ms="687" status="PASS">
          <params>
            <param index="0">
              <value>
                <![CDATA[[TestResult name=Order9078 status=SUCCESS method=OrdersTest.Order9078()[pri:0, instance:apps.pets.OrdersTest@34129c78] output={null}]]]>
              </value>
            </param>
          </params>
          <reporter-output>
          </reporter-output>
        </test-method> <!-- afterEachTestMethod -->
        <test-method is-config="true" signature="endLOG()[pri:0, instance:apps.pets.OrdersTest@34129c78]" started-at="2022-06-24T02:49:08Z" name="endLOG" finished-at="2022-06-24T02:49:08Z" duration-ms="1" status="PASS">
          <reporter-output>
          </reporter-output>
        </test-method> <!-- endLOG -->
        <test-method is-config="true" signature="setUp(boolean, java.lang.String, java.lang.String, java.lang.String, java.lang.String, java.lang.String, java.lang.String)[pri:0, instance:apps.pets.OrdersTest@34129c78]" started-at="2022-06-24T02:49:08Z" name="setUp" finished-at="2022-06-24T02:49:10Z" duration-ms="1634" status="PASS">
          <params>
            <param index="0">
              <value>
                <![CDATA[false]]>
              </value>
            </param>
            <param index="1">
              <value>
                <![CDATA[browserstack]]>
              </value>
            </param>
            <param index="2">
              <value>
                <![CDATA[windows]]>
              </value>
            </param>
            <param index="3">
              <value>
                <![CDATA[10]]>
              </value>
            </param>
            <param index="4">
              <value>
                <![CDATA[chrome]]>
              </value>
            </param>
            <param index="5">
              <value>
                <![CDATA[102]]>
              </value>
            </param>
            <param index="6">
              <value>
                <![CDATA[https://petstore.octoperf.com/]]>
              </value>
            </param>
          </params>
          <reporter-output>
          </reporter-output>
        </test-method> <!-- setUp -->
        <test-method signature="Order9079()[pri:0, instance:apps.pets.OrdersTest@34129c78]" started-at="2022-06-24T02:49:10Z" name="Order9079" finished-at="2022-06-24T02:49:11Z" duration-ms="1762" status="PASS">
          <reporter-output>
          </reporter-output>
        </test-method> <!-- Order9079 -->
        <test-method is-config="true" signature="startExtent(java.lang.reflect.Method)[pri:0, instance:apps.pets.OrdersTest@34129c78]" started-at="2022-06-24T02:49:10Z" name="startExtent" finished-at="2022-06-24T02:49:10Z" duration-ms="0" status="PASS">
          <params>
            <param index="0">
              <value>
                <![CDATA[public void apps.pets.OrdersTest.Order9079()]]>
              </value>
            </param>
          </params>
          <reporter-output>
          </reporter-output>
        </test-method> <!-- startExtent -->
        <test-method is-config="true" signature="afterEachTestMethod(org.testng.ITestResult)[pri:0, instance:apps.pets.OrdersTest@34129c78]" started-at="2022-06-24T02:49:11Z" name="afterEachTestMethod" finished-at="2022-06-24T02:49:12Z" duration-ms="670" status="PASS">
          <params>
            <param index="0">
              <value>
                <![CDATA[[TestResult name=Order9079 status=SUCCESS method=OrdersTest.Order9079()[pri:0, instance:apps.pets.OrdersTest@34129c78] output={null}]]]>
              </value>
            </param>
          </params>
          <reporter-output>
          </reporter-output>
        </test-method> <!-- afterEachTestMethod -->
        <test-method is-config="true" signature="endLOG()[pri:0, instance:apps.pets.OrdersTest@34129c78]" started-at="2022-06-24T02:49:12Z" name="endLOG" finished-at="2022-06-24T02:49:12Z" duration-ms="1" status="PASS">
          <reporter-output>
          </reporter-output>
        </test-method> <!-- endLOG -->
      </class> <!-- apps.pets.OrdersTest -->
    </test> <!-- PetStore -->
  </suite> <!-- Petstore smoke Petstore -->
</testng-results>
