<?xml version="1.0" encoding="UTF-8"?>
<testng-results ignored="22" total="93" passed="71" failed="0" skipped="0">
  <reporter-output>
    <line>
      <![CDATA[Extent Report Directory C:\Users\17185\Downloads\Bootcamp\target\surefire-reports\html]]>
    </line>
  </reporter-output>
  <suite started-at="2022-06-24T03:18:53Z" name="Petstore smoke Petstore" finished-at="2022-06-24T03:25:58Z" duration-ms="425178">
    <groups>
    </groups>
    <test started-at="2022-06-24T03:18:53Z" name="PetStore" finished-at="2022-06-24T03:25:58Z" duration-ms="425178">
      <class name="apps.pets.BlogTest">
        <test-method is-config="true" signature="setUp(boolean, java.lang.String, java.lang.String, java.lang.String, java.lang.String, java.lang.String, java.lang.String)[pri:0, instance:apps.pets.BlogTest@376a0d86]" started-at="2022-06-24T03:21:28Z" name="setUp" finished-at="2022-06-24T03:21:30Z" duration-ms="1647" status="PASS">
          <params>
            <param index="0">
              <value>
                <![CDATA[false]]>
              </value>
            </param>
            <param index="1">
              <value>
                <![CDATA[browserstack]]>
              </value>
            </param>
            <param index="2">
              <value>
                <![CDATA[windows]]>
              </value>
            </param>
            <param index="3">
              <value>
                <![CDATA[10]]>
              </value>
            </param>
            <param index="4">
              <value>
                <![CDATA[chrome]]>
              </value>
            </param>
            <param index="5">
              <value>
                <![CDATA[102]]>
              </value>
            </param>
            <param index="6">
              <value>
                <![CDATA[https://petstore.octoperf.com/]]>
              </value>
            </param>
          </params>
          <reporter-output>
          </reporter-output>
        </test-method> <!-- setUp -->
        <test-method is-config="true" signature="startExtent(java.lang.reflect.Method)[pri:0, instance:apps.pets.BlogTest@376a0d86]" started-at="2022-06-24T03:21:30Z" name="startExtent" finished-at="2022-06-24T03:21:30Z" duration-ms="0" status="PASS">
          <params>
            <param index="0">
              <value>
                <![CDATA[public void apps.pets.BlogTest.Release()]]>
              </value>
            </param>
          </params>
          <reporter-output>
          </reporter-output>
        </test-method> <!-- startExtent -->
        <test-method signature="Release()[pri:0, instance:apps.pets.BlogTest@376a0d86]" started-at="2022-06-24T03:21:30Z" name="Release" finished-at="2022-06-24T03:21:32Z" duration-ms="1999" status="PASS">
          <reporter-output>
          </reporter-output>
        </test-method> <!-- Release -->
        <test-method is-config="true" signature="afterEachTestMethod(org.testng.ITestResult)[pri:0, instance:apps.pets.BlogTest@376a0d86]" started-at="2022-06-24T03:21:32Z" name="afterEachTestMethod" finished-at="2022-06-24T03:21:33Z" duration-ms="754" status="PASS">
          <params>
            <param index="0">
              <value>
                <![CDATA[[TestResult name=Release status=SUCCESS method=BlogTest.Release()[pri:0, instance:apps.pets.BlogTest@376a0d86] output={null}]]]>
              </value>
            </param>
          </params>
          <reporter-output>
          </reporter-output>
        </test-method> <!-- afterEachTestMethod -->
        <test-method is-config="true" signature="endLOG()[pri:0, instance:apps.pets.BlogTest@376a0d86]" started-at="2022-06-24T03:21:33Z" name="endLOG" finished-at="2022-06-24T03:21:33Z" duration-ms="1" status="PASS">
          <reporter-output>
          </reporter-output>
        </test-method> <!-- endLOG -->
        <test-method is-config="true" signature="setUp(boolean, java.lang.String, java.lang.String, java.lang.String, java.lang.String, java.lang.String, java.lang.String)[pri:0, instance:apps.pets.BlogTest@376a0d86]" started-at="2022-06-24T03:21:33Z" name="setUp" finished-at="2022-06-24T03:21:34Z" duration-ms="1658" status="PASS">
          <params>
            <param index="0">
              <value>
                <![CDATA[false]]>
              </value>
            </param>
            <param index="1">
              <value>
                <![CDATA[browserstack]]>
              </value>
            </param>
            <param index="2">
              <value>
                <![CDATA[windows]]>
              </value>
            </param>
            <param index="3">
              <value>
                <![CDATA[10]]>
              </value>
            </param>
            <param index="4">
              <value>
                <![CDATA[chrome]]>
              </value>
            </param>
            <param index="5">
              <value>
                <![CDATA[102]]>
              </value>
            </param>
            <param index="6">
              <value>
                <![CDATA[https://petstore.octoperf.com/]]>
              </value>
            </param>
          </params>
          <reporter-output>
          </reporter-output>
        </test-method> <!-- setUp -->
        <test-method signature="newtab()[pri:0, instance:apps.pets.BlogTest@376a0d86]" started-at="2022-06-24T03:21:34Z" name="newtab" finished-at="2022-06-24T03:21:36Z" duration-ms="1426" status="PASS">
          <reporter-output>
          </reporter-output>
        </test-method> <!-- newtab -->
        <test-method is-config="true" signature="startExtent(java.lang.reflect.Method)[pri:0, instance:apps.pets.BlogTest@376a0d86]" started-at="2022-06-24T03:21:34Z" name="startExtent" finished-at="2022-06-24T03:21:34Z" duration-ms="0" status="PASS">
          <params>
            <param index="0">
              <value>
                <![CDATA[public void apps.pets.BlogTest.newtab()]]>
              </value>
            </param>
          </params>
          <reporter-output>
          </reporter-output>
        </test-method> <!-- startExtent -->
        <test-method is-config="true" signature="afterEachTestMethod(org.testng.ITestResult)[pri:0, instance:apps.pets.BlogTest@376a0d86]" started-at="2022-06-24T03:21:36Z" name="afterEachTestMethod" finished-at="2022-06-24T03:21:37Z" duration-ms="689" status="PASS">
          <params>
            <param index="0">
              <value>
                <![CDATA[[TestResult name=newtab status=SUCCESS method=BlogTest.newtab()[pri:0, instance:apps.pets.BlogTest@376a0d86] output={null}]]]>
              </value>
            </param>
          </params>
          <reporter-output>
          </reporter-output>
        </test-method> <!-- afterEachTestMethod -->
        <test-method is-config="true" signature="endLOG()[pri:0, instance:apps.pets.BlogTest@376a0d86]" started-at="2022-06-24T03:21:37Z" name="endLOG" finished-at="2022-06-24T03:21:37Z" duration-ms="1" status="PASS">
          <reporter-output>
          </reporter-output>
        </test-method> <!-- endLOG -->
      </class> <!-- apps.pets.BlogTest -->
      <class name="apps.pets.CartTest">
        <test-method is-config="true" signature="setUp(boolean, java.lang.String, java.lang.String, java.lang.String, java.lang.String, java.lang.String, java.lang.String)[pri:0, instance:apps.pets.CartTest@222a59e6]" started-at="2022-06-24T03:24:01Z" name="setUp" finished-at="2022-06-24T03:24:02Z" duration-ms="1734" status="PASS">
          <params>
            <param index="0">
              <value>
                <![CDATA[false]]>
              </value>
            </param>
            <param index="1">
              <value>
                <![CDATA[browserstack]]>
              </value>
            </param>
            <param index="2">
              <value>
                <![CDATA[windows]]>
              </value>
            </param>
            <param index="3">
              <value>
                <![CDATA[10]]>
              </value>
            </param>
            <param index="4">
              <value>
                <![CDATA[chrome]]>
              </value>
            </param>
            <param index="5">
              <value>
                <![CDATA[102]]>
              </value>
            </param>
            <param index="6">
              <value>
                <![CDATA[https://petstore.octoperf.com/]]>
              </value>
            </param>
          </params>
          <reporter-output>
          </reporter-output>
        </test-method> <!-- setUp -->
        <test-method signature="BullDogCarted()[pri:0, instance:apps.pets.CartTest@222a59e6]" started-at="2022-06-24T03:24:02Z" name="BullDogCarted" finished-at="2022-06-24T03:24:04Z" duration-ms="1375" status="PASS">
          <reporter-output>
          </reporter-output>
        </test-method> <!-- BullDogCarted -->
        <test-method is-config="true" signature="startExtent(java.lang.reflect.Method)[pri:0, instance:apps.pets.CartTest@222a59e6]" started-at="2022-06-24T03:24:02Z" name="startExtent" finished-at="2022-06-24T03:24:02Z" duration-ms="0" status="PASS">
          <params>
            <param index="0">
              <value>
                <![CDATA[public void apps.pets.CartTest.BullDogCarted()]]>
              </value>
            </param>
          </params>
          <reporter-output>
          </reporter-output>
        </test-method> <!-- startExtent -->
        <test-method is-config="true" signature="afterEachTestMethod(org.testng.ITestResult)[pri:0, instance:apps.pets.CartTest@222a59e6]" started-at="2022-06-24T03:24:04Z" name="afterEachTestMethod" finished-at="2022-06-24T03:24:05Z" duration-ms="677" status="PASS">
          <params>
            <param index="0">
              <value>
                <![CDATA[[TestResult name=BullDogCarted status=SUCCESS method=CartTest.BullDogCarted()[pri:0, instance:apps.pets.CartTest@222a59e6] output={null}]]]>
              </value>
            </param>
          </params>
          <reporter-output>
          </reporter-output>
        </test-method> <!-- afterEachTestMethod -->
        <test-method is-config="true" signature="endLOG()[pri:0, instance:apps.pets.CartTest@222a59e6]" started-at="2022-06-24T03:24:05Z" name="endLOG" finished-at="2022-06-24T03:24:05Z" duration-ms="0" status="PASS">
          <reporter-output>
          </reporter-output>
        </test-method> <!-- endLOG -->
        <test-method is-config="true" signature="setUp(boolean, java.lang.String, java.lang.String, java.lang.String, java.lang.String, java.lang.String, java.lang.String)[pri:0, instance:apps.pets.CartTest@222a59e6]" started-at="2022-06-24T03:24:05Z" name="setUp" finished-at="2022-06-24T03:24:06Z" duration-ms="1639" status="PASS">
          <params>
            <param index="0">
              <value>
                <![CDATA[false]]>
              </value>
            </param>
            <param index="1">
              <value>
                <![CDATA[browserstack]]>
              </value>
            </param>
            <param index="2">
              <value>
                <![CDATA[windows]]>
              </value>
            </param>
            <param index="3">
              <value>
                <![CDATA[10]]>
              </value>
            </param>
            <param index="4">
              <value>
                <![CDATA[chrome]]>
              </value>
            </param>
            <param index="5">
              <value>
                <![CDATA[102]]>
              </value>
            </param>
            <param index="6">
              <value>
                <![CDATA[https://petstore.octoperf.com/]]>
              </value>
            </param>
          </params>
          <reporter-output>
          </reporter-output>
        </test-method> <!-- setUp -->
        <test-method signature="Cart()[pri:0, instance:apps.pets.CartTest@222a59e6]" started-at="2022-06-24T03:24:06Z" name="Cart" finished-at="2022-06-24T03:24:07Z" duration-ms="697" status="PASS">
          <reporter-output>
          </reporter-output>
        </test-method> <!-- Cart -->
        <test-method is-config="true" signature="startExtent(java.lang.reflect.Method)[pri:0, instance:apps.pets.CartTest@222a59e6]" started-at="2022-06-24T03:24:06Z" name="startExtent" finished-at="2022-06-24T03:24:06Z" duration-ms="0" status="PASS">
          <params>
            <param index="0">
              <value>
                <![CDATA[public void apps.pets.CartTest.Cart()]]>
              </value>
            </param>
          </params>
          <reporter-output>
          </reporter-output>
        </test-method> <!-- startExtent -->
        <test-method is-config="true" signature="afterEachTestMethod(org.testng.ITestResult)[pri:0, instance:apps.pets.CartTest@222a59e6]" started-at="2022-06-24T03:24:07Z" name="afterEachTestMethod" finished-at="2022-06-24T03:24:08Z" duration-ms="658" status="PASS">
          <params>
            <param index="0">
              <value>
                <![CDATA[[TestResult name=Cart status=SUCCESS method=CartTest.Cart()[pri:0, instance:apps.pets.CartTest@222a59e6] output={null}]]]>
              </value>
            </param>
          </params>
          <reporter-output>
          </reporter-output>
        </test-method> <!-- afterEachTestMethod -->
        <test-method is-config="true" signature="endLOG()[pri:0, instance:apps.pets.CartTest@222a59e6]" started-at="2022-06-24T03:24:08Z" name="endLOG" finished-at="2022-06-24T03:24:08Z" duration-ms="0" status="PASS">
          <reporter-output>
          </reporter-output>
        </test-method> <!-- endLOG -->
        <test-method is-config="true" signature="setUp(boolean, java.lang.String, java.lang.String, java.lang.String, java.lang.String, java.lang.String, java.lang.String)[pri:0, instance:apps.pets.CartTest@222a59e6]" started-at="2022-06-24T03:24:08Z" name="setUp" finished-at="2022-06-24T03:24:09Z" duration-ms="1645" status="PASS">
          <params>
            <param index="0">
              <value>
                <![CDATA[false]]>
              </value>
            </param>
            <param index="1">
              <value>
                <![CDATA[browserstack]]>
              </value>
            </param>
            <param index="2">
              <value>
                <![CDATA[windows]]>
              </value>
            </param>
            <param index="3">
              <value>
                <![CDATA[10]]>
              </value>
            </param>
            <param index="4">
              <value>
                <![CDATA[chrome]]>
              </value>
            </param>
            <param index="5">
              <value>
                <![CDATA[102]]>
              </value>
            </param>
            <param index="6">
              <value>
                <![CDATA[https://petstore.octoperf.com/]]>
              </value>
            </param>
          </params>
          <reporter-output>
          </reporter-output>
        </test-method> <!-- setUp -->
        <test-method is-config="true" signature="startExtent(java.lang.reflect.Method)[pri:0, instance:apps.pets.CartTest@222a59e6]" started-at="2022-06-24T03:24:09Z" name="startExtent" finished-at="2022-06-24T03:24:09Z" duration-ms="0" status="PASS">
          <params>
            <param index="0">
              <value>
                <![CDATA[public void apps.pets.CartTest.LoggedinBullDogCarted()]]>
              </value>
            </param>
          </params>
          <reporter-output>
          </reporter-output>
        </test-method> <!-- startExtent -->
        <test-method signature="LoggedinBullDogCarted()[pri:0, instance:apps.pets.CartTest@222a59e6]" started-at="2022-06-24T03:24:09Z" name="LoggedinBullDogCarted" finished-at="2022-06-24T03:24:11Z" duration-ms="2116" status="PASS">
          <reporter-output>
          </reporter-output>
        </test-method> <!-- LoggedinBullDogCarted -->
        <test-method is-config="true" signature="afterEachTestMethod(org.testng.ITestResult)[pri:0, instance:apps.pets.CartTest@222a59e6]" started-at="2022-06-24T03:24:11Z" name="afterEachTestMethod" finished-at="2022-06-24T03:24:12Z" duration-ms="665" status="PASS">
          <params>
            <param index="0">
              <value>
                <![CDATA[[TestResult name=LoggedinBullDogCarted status=SUCCESS method=CartTest.LoggedinBullDogCarted()[pri:0, instance:apps.pets.CartTest@222a59e6] output={null}]]]>
              </value>
            </param>
          </params>
          <reporter-output>
          </reporter-output>
        </test-method> <!-- afterEachTestMethod -->
        <test-method is-config="true" signature="endLOG()[pri:0, instance:apps.pets.CartTest@222a59e6]" started-at="2022-06-24T03:24:12Z" name="endLOG" finished-at="2022-06-24T03:24:12Z" duration-ms="1" status="PASS">
          <reporter-output>
          </reporter-output>
        </test-method> <!-- endLOG -->
        <test-method is-config="true" signature="setUp(boolean, java.lang.String, java.lang.String, java.lang.String, java.lang.String, java.lang.String, java.lang.String)[pri:0, instance:apps.pets.CartTest@222a59e6]" started-at="2022-06-24T03:24:12Z" name="setUp" finished-at="2022-06-24T03:24:14Z" duration-ms="1681" status="PASS">
          <params>
            <param index="0">
              <value>
                <![CDATA[false]]>
              </value>
            </param>
            <param index="1">
              <value>
                <![CDATA[browserstack]]>
              </value>
            </param>
            <param index="2">
              <value>
                <![CDATA[windows]]>
              </value>
            </param>
            <param index="3">
              <value>
                <![CDATA[10]]>
              </value>
            </param>
            <param index="4">
              <value>
                <![CDATA[chrome]]>
              </value>
            </param>
            <param index="5">
              <value>
                <![CDATA[102]]>
              </value>
            </param>
            <param index="6">
              <value>
                <![CDATA[https://petstore.octoperf.com/]]>
              </value>
            </param>
          </params>
          <reporter-output>
          </reporter-output>
        </test-method> <!-- setUp -->
        <test-method signature="LoggedinParrotCart()[pri:0, instance:apps.pets.CartTest@222a59e6]" started-at="2022-06-24T03:24:14Z" name="LoggedinParrotCart" finished-at="2022-06-24T03:24:16Z" duration-ms="2283" status="PASS">
          <reporter-output>
          </reporter-output>
        </test-method> <!-- LoggedinParrotCart -->
        <test-method is-config="true" signature="startExtent(java.lang.reflect.Method)[pri:0, instance:apps.pets.CartTest@222a59e6]" started-at="2022-06-24T03:24:14Z" name="startExtent" finished-at="2022-06-24T03:24:14Z" duration-ms="0" status="PASS">
          <params>
            <param index="0">
              <value>
                <![CDATA[public void apps.pets.CartTest.LoggedinParrotCart()]]>
              </value>
            </param>
          </params>
          <reporter-output>
          </reporter-output>
        </test-method> <!-- startExtent -->
        <test-method is-config="true" signature="afterEachTestMethod(org.testng.ITestResult)[pri:0, instance:apps.pets.CartTest@222a59e6]" started-at="2022-06-24T03:24:16Z" name="afterEachTestMethod" finished-at="2022-06-24T03:24:17Z" duration-ms="687" status="PASS">
          <params>
            <param index="0">
              <value>
                <![CDATA[[TestResult name=LoggedinParrotCart status=SUCCESS method=CartTest.LoggedinParrotCart()[pri:0, instance:apps.pets.CartTest@222a59e6] output={null}]]]>
              </value>
            </param>
          </params>
          <reporter-output>
          </reporter-output>
        </test-method> <!-- afterEachTestMethod -->
        <test-method is-config="true" signature="endLOG()[pri:0, instance:apps.pets.CartTest@222a59e6]" started-at="2022-06-24T03:24:17Z" name="endLOG" finished-at="2022-06-24T03:24:17Z" duration-ms="1" status="PASS">
          <reporter-output>
          </reporter-output>
        </test-method> <!-- endLOG -->
        <test-method is-config="true" signature="setUp(boolean, java.lang.String, java.lang.String, java.lang.String, java.lang.String, java.lang.String, java.lang.String)[pri:0, instance:apps.pets.CartTest@222a59e6]" started-at="2022-06-24T03:24:17Z" name="setUp" finished-at="2022-06-24T03:24:18Z" duration-ms="1844" status="PASS">
          <params>
            <param index="0">
              <value>
                <![CDATA[false]]>
              </value>
            </param>
            <param index="1">
              <value>
                <![CDATA[browserstack]]>
              </value>
            </param>
            <param index="2">
              <value>
                <![CDATA[windows]]>
              </value>
            </param>
            <param index="3">
              <value>
                <![CDATA[10]]>
              </value>
            </param>
            <param index="4">
              <value>
                <![CDATA[chrome]]>
              </value>
            </param>
            <param index="5">
              <value>
                <![CDATA[102]]>
              </value>
            </param>
            <param index="6">
              <value>
                <![CDATA[https://petstore.octoperf.com/]]>
              </value>
            </param>
          </params>
          <reporter-output>
          </reporter-output>
        </test-method> <!-- setUp -->
        <test-method signature="LoggedinPersianCatCarted()[pri:0, instance:apps.pets.CartTest@222a59e6]" started-at="2022-06-24T03:24:18Z" name="LoggedinPersianCatCarted" finished-at="2022-06-24T03:24:21Z" duration-ms="2121" status="PASS">
          <reporter-output>
          </reporter-output>
        </test-method> <!-- LoggedinPersianCatCarted -->
        <test-method is-config="true" signature="startExtent(java.lang.reflect.Method)[pri:0, instance:apps.pets.CartTest@222a59e6]" started-at="2022-06-24T03:24:18Z" name="startExtent" finished-at="2022-06-24T03:24:18Z" duration-ms="0" status="PASS">
          <params>
            <param index="0">
              <value>
                <![CDATA[public void apps.pets.CartTest.LoggedinPersianCatCarted()]]>
              </value>
            </param>
          </params>
          <reporter-output>
          </reporter-output>
        </test-method> <!-- startExtent -->
        <test-method is-config="true" signature="afterEachTestMethod(org.testng.ITestResult)[pri:0, instance:apps.pets.CartTest@222a59e6]" started-at="2022-06-24T03:24:21Z" name="afterEachTestMethod" finished-at="2022-06-24T03:24:21Z" duration-ms="687" status="PASS">
          <params>
            <param index="0">
              <value>
                <![CDATA[[TestResult name=LoggedinPersianCatCarted status=SUCCESS method=CartTest.LoggedinPersianCatCarted()[pri:0, instance:apps.pets.CartTest@222a59e6] output={null}]]]>
              </value>
            </param>
          </params>
          <reporter-output>
          </reporter-output>
        </test-method> <!-- afterEachTestMethod -->
        <test-method is-config="true" signature="endLOG()[pri:0, instance:apps.pets.CartTest@222a59e6]" started-at="2022-06-24T03:24:21Z" name="endLOG" finished-at="2022-06-24T03:24:21Z" duration-ms="1" status="PASS">
          <reporter-output>
          </reporter-output>
        </test-method> <!-- endLOG -->
        <test-method is-config="true" signature="setUp(boolean, java.lang.String, java.lang.String, java.lang.String, java.lang.String, java.lang.String, java.lang.String)[pri:0, instance:apps.pets.CartTest@222a59e6]" started-at="2022-06-24T03:24:21Z" name="setUp" finished-at="2022-06-24T03:24:23Z" duration-ms="1698" status="PASS">
          <params>
            <param index="0">
              <value>
                <![CDATA[false]]>
              </value>
            </param>
            <param index="1">
              <value>
                <![CDATA[browserstack]]>
              </value>
            </param>
            <param index="2">
              <value>
                <![CDATA[windows]]>
              </value>
            </param>
            <param index="3">
              <value>
                <![CDATA[10]]>
              </value>
            </param>
            <param index="4">
              <value>
                <![CDATA[chrome]]>
              </value>
            </param>
            <param index="5">
              <value>
                <![CDATA[102]]>
              </value>
            </param>
            <param index="6">
              <value>
                <![CDATA[https://petstore.octoperf.com/]]>
              </value>
            </param>
          </params>
          <reporter-output>
          </reporter-output>
        </test-method> <!-- setUp -->
        <test-method is-config="true" signature="startExtent(java.lang.reflect.Method)[pri:0, instance:apps.pets.CartTest@222a59e6]" started-at="2022-06-24T03:24:23Z" name="startExtent" finished-at="2022-06-24T03:24:23Z" duration-ms="0" status="PASS">
          <params>
            <param index="0">
              <value>
                <![CDATA[public void apps.pets.CartTest.LoggedinRattleSnakeCarted()]]>
              </value>
            </param>
          </params>
          <reporter-output>
          </reporter-output>
        </test-method> <!-- startExtent -->
        <test-method signature="LoggedinRattleSnakeCarted()[pri:0, instance:apps.pets.CartTest@222a59e6]" started-at="2022-06-24T03:24:23Z" name="LoggedinRattleSnakeCarted" finished-at="2022-06-24T03:24:25Z" duration-ms="2080" status="PASS">
          <reporter-output>
          </reporter-output>
        </test-method> <!-- LoggedinRattleSnakeCarted -->
        <test-method is-config="true" signature="afterEachTestMethod(org.testng.ITestResult)[pri:0, instance:apps.pets.CartTest@222a59e6]" started-at="2022-06-24T03:24:25Z" name="afterEachTestMethod" finished-at="2022-06-24T03:24:26Z" duration-ms="685" status="PASS">
          <params>
            <param index="0">
              <value>
                <![CDATA[[TestResult name=LoggedinRattleSnakeCarted status=SUCCESS method=CartTest.LoggedinRattleSnakeCarted()[pri:0, instance:apps.pets.CartTest@222a59e6] output={null}]]]>
              </value>
            </param>
          </params>
          <reporter-output>
          </reporter-output>
        </test-method> <!-- afterEachTestMethod -->
        <test-method is-config="true" signature="setUp(boolean, java.lang.String, java.lang.String, java.lang.String, java.lang.String, java.lang.String, java.lang.String)[pri:0, instance:apps.pets.CartTest@222a59e6]" started-at="2022-06-24T03:24:26Z" name="setUp" finished-at="2022-06-24T03:24:28Z" duration-ms="1840" status="PASS">
          <params>
            <param index="0">
              <value>
                <![CDATA[false]]>
              </value>
            </param>
            <param index="1">
              <value>
                <![CDATA[browserstack]]>
              </value>
            </param>
            <param index="2">
              <value>
                <![CDATA[windows]]>
              </value>
            </param>
            <param index="3">
              <value>
                <![CDATA[10]]>
              </value>
            </param>
            <param index="4">
              <value>
                <![CDATA[chrome]]>
              </value>
            </param>
            <param index="5">
              <value>
                <![CDATA[102]]>
              </value>
            </param>
            <param index="6">
              <value>
                <![CDATA[https://petstore.octoperf.com/]]>
              </value>
            </param>
          </params>
          <reporter-output>
          </reporter-output>
        </test-method> <!-- setUp -->
        <test-method is-config="true" signature="endLOG()[pri:0, instance:apps.pets.CartTest@222a59e6]" started-at="2022-06-24T03:24:26Z" name="endLOG" finished-at="2022-06-24T03:24:26Z" duration-ms="0" status="PASS">
          <reporter-output>
          </reporter-output>
        </test-method> <!-- endLOG -->
        <test-method is-config="true" signature="startExtent(java.lang.reflect.Method)[pri:0, instance:apps.pets.CartTest@222a59e6]" started-at="2022-06-24T03:24:28Z" name="startExtent" finished-at="2022-06-24T03:24:28Z" duration-ms="0" status="PASS">
          <params>
            <param index="0">
              <value>
                <![CDATA[public void apps.pets.CartTest.LoggedinSharkCart()]]>
              </value>
            </param>
          </params>
          <reporter-output>
          </reporter-output>
        </test-method> <!-- startExtent -->
        <test-method signature="LoggedinSharkCart()[pri:0, instance:apps.pets.CartTest@222a59e6]" started-at="2022-06-24T03:24:28Z" name="LoggedinSharkCart" finished-at="2022-06-24T03:24:30Z" duration-ms="1989" status="PASS">
          <reporter-output>
          </reporter-output>
        </test-method> <!-- LoggedinSharkCart -->
        <test-method is-config="true" signature="afterEachTestMethod(org.testng.ITestResult)[pri:0, instance:apps.pets.CartTest@222a59e6]" started-at="2022-06-24T03:24:30Z" name="afterEachTestMethod" finished-at="2022-06-24T03:24:30Z" duration-ms="664" status="PASS">
          <params>
            <param index="0">
              <value>
                <![CDATA[[TestResult name=LoggedinSharkCart status=SUCCESS method=CartTest.LoggedinSharkCart()[pri:0, instance:apps.pets.CartTest@222a59e6] output={null}]]]>
              </value>
            </param>
          </params>
          <reporter-output>
          </reporter-output>
        </test-method> <!-- afterEachTestMethod -->
        <test-method is-config="true" signature="endLOG()[pri:0, instance:apps.pets.CartTest@222a59e6]" started-at="2022-06-24T03:24:30Z" name="endLOG" finished-at="2022-06-24T03:24:30Z" duration-ms="1" status="PASS">
          <reporter-output>
          </reporter-output>
        </test-method> <!-- endLOG -->
        <test-method is-config="true" signature="setUp(boolean, java.lang.String, java.lang.String, java.lang.String, java.lang.String, java.lang.String, java.lang.String)[pri:0, instance:apps.pets.CartTest@222a59e6]" started-at="2022-06-24T03:24:30Z" name="setUp" finished-at="2022-06-24T03:24:32Z" duration-ms="1631" status="PASS">
          <params>
            <param index="0">
              <value>
                <![CDATA[false]]>
              </value>
            </param>
            <param index="1">
              <value>
                <![CDATA[browserstack]]>
              </value>
            </param>
            <param index="2">
              <value>
                <![CDATA[windows]]>
              </value>
            </param>
            <param index="3">
              <value>
                <![CDATA[10]]>
              </value>
            </param>
            <param index="4">
              <value>
                <![CDATA[chrome]]>
              </value>
            </param>
            <param index="5">
              <value>
                <![CDATA[102]]>
              </value>
            </param>
            <param index="6">
              <value>
                <![CDATA[https://petstore.octoperf.com/]]>
              </value>
            </param>
          </params>
          <reporter-output>
          </reporter-output>
        </test-method> <!-- setUp -->
        <test-method signature="ParrotCarted()[pri:0, instance:apps.pets.CartTest@222a59e6]" started-at="2022-06-24T03:24:32Z" name="ParrotCarted" finished-at="2022-06-24T03:24:49Z" duration-ms="17029" status="PASS">
          <reporter-output>
          </reporter-output>
        </test-method> <!-- ParrotCarted -->
        <test-method is-config="true" signature="startExtent(java.lang.reflect.Method)[pri:0, instance:apps.pets.CartTest@222a59e6]" started-at="2022-06-24T03:24:32Z" name="startExtent" finished-at="2022-06-24T03:24:32Z" duration-ms="0" status="PASS">
          <params>
            <param index="0">
              <value>
                <![CDATA[public void apps.pets.CartTest.ParrotCarted()]]>
              </value>
            </param>
          </params>
          <reporter-output>
          </reporter-output>
        </test-method> <!-- startExtent -->
        <test-method is-config="true" signature="afterEachTestMethod(org.testng.ITestResult)[pri:0, instance:apps.pets.CartTest@222a59e6]" started-at="2022-06-24T03:24:49Z" name="afterEachTestMethod" finished-at="2022-06-24T03:24:50Z" duration-ms="687" status="PASS">
          <params>
            <param index="0">
              <value>
                <![CDATA[[TestResult name=ParrotCarted status=SUCCESS method=CartTest.ParrotCarted()[pri:0, instance:apps.pets.CartTest@222a59e6] output={null}]]]>
              </value>
            </param>
          </params>
          <reporter-output>
          </reporter-output>
        </test-method> <!-- afterEachTestMethod -->
        <test-method is-config="true" signature="endLOG()[pri:0, instance:apps.pets.CartTest@222a59e6]" started-at="2022-06-24T03:24:50Z" name="endLOG" finished-at="2022-06-24T03:24:50Z" duration-ms="1" status="PASS">
          <reporter-output>
          </reporter-output>
        </test-method> <!-- endLOG -->
        <test-method is-config="true" signature="setUp(boolean, java.lang.String, java.lang.String, java.lang.String, java.lang.String, java.lang.String, java.lang.String)[pri:0, instance:apps.pets.CartTest@222a59e6]" started-at="2022-06-24T03:24:50Z" name="setUp" finished-at="2022-06-24T03:24:51Z" duration-ms="1670" status="PASS">
          <params>
            <param index="0">
              <value>
                <![CDATA[false]]>
              </value>
            </param>
            <param index="1">
              <value>
                <![CDATA[browserstack]]>
              </value>
            </param>
            <param index="2">
              <value>
                <![CDATA[windows]]>
              </value>
            </param>
            <param index="3">
              <value>
                <![CDATA[10]]>
              </value>
            </param>
            <param index="4">
              <value>
                <![CDATA[chrome]]>
              </value>
            </param>
            <param index="5">
              <value>
                <![CDATA[102]]>
              </value>
            </param>
            <param index="6">
              <value>
                <![CDATA[https://petstore.octoperf.com/]]>
              </value>
            </param>
          </params>
          <reporter-output>
          </reporter-output>
        </test-method> <!-- setUp -->
        <test-method is-config="true" signature="startExtent(java.lang.reflect.Method)[pri:0, instance:apps.pets.CartTest@222a59e6]" started-at="2022-06-24T03:24:51Z" name="startExtent" finished-at="2022-06-24T03:24:51Z" duration-ms="1" status="PASS">
          <params>
            <param index="0">
              <value>
                <![CDATA[public void apps.pets.CartTest.PersianCatCarted()]]>
              </value>
            </param>
          </params>
          <reporter-output>
          </reporter-output>
        </test-method> <!-- startExtent -->
        <test-method signature="PersianCatCarted()[pri:0, instance:apps.pets.CartTest@222a59e6]" started-at="2022-06-24T03:24:51Z" name="PersianCatCarted" finished-at="2022-06-24T03:24:53Z" duration-ms="1394" status="PASS">
          <reporter-output>
          </reporter-output>
        </test-method> <!-- PersianCatCarted -->
        <test-method is-config="true" signature="afterEachTestMethod(org.testng.ITestResult)[pri:0, instance:apps.pets.CartTest@222a59e6]" started-at="2022-06-24T03:24:53Z" name="afterEachTestMethod" finished-at="2022-06-24T03:24:53Z" duration-ms="694" status="PASS">
          <params>
            <param index="0">
              <value>
                <![CDATA[[TestResult name=PersianCatCarted status=SUCCESS method=CartTest.PersianCatCarted()[pri:0, instance:apps.pets.CartTest@222a59e6] output={null}]]]>
              </value>
            </param>
          </params>
          <reporter-output>
          </reporter-output>
        </test-method> <!-- afterEachTestMethod -->
        <test-method is-config="true" signature="endLOG()[pri:0, instance:apps.pets.CartTest@222a59e6]" started-at="2022-06-24T03:24:53Z" name="endLOG" finished-at="2022-06-24T03:24:53Z" duration-ms="1" status="PASS">
          <reporter-output>
          </reporter-output>
        </test-method> <!-- endLOG -->
        <test-method is-config="true" signature="setUp(boolean, java.lang.String, java.lang.String, java.lang.String, java.lang.String, java.lang.String, java.lang.String)[pri:0, instance:apps.pets.CartTest@222a59e6]" started-at="2022-06-24T03:24:53Z" name="setUp" finished-at="2022-06-24T03:24:55Z" duration-ms="1693" status="PASS">
          <params>
            <param index="0">
              <value>
                <![CDATA[false]]>
              </value>
            </param>
            <param index="1">
              <value>
                <![CDATA[browserstack]]>
              </value>
            </param>
            <param index="2">
              <value>
                <![CDATA[windows]]>
              </value>
            </param>
            <param index="3">
              <value>
                <![CDATA[10]]>
              </value>
            </param>
            <param index="4">
              <value>
                <![CDATA[chrome]]>
              </value>
            </param>
            <param index="5">
              <value>
                <![CDATA[102]]>
              </value>
            </param>
            <param index="6">
              <value>
                <![CDATA[https://petstore.octoperf.com/]]>
              </value>
            </param>
          </params>
          <reporter-output>
          </reporter-output>
        </test-method> <!-- setUp -->
        <test-method is-config="true" signature="startExtent(java.lang.reflect.Method)[pri:0, instance:apps.pets.CartTest@222a59e6]" started-at="2022-06-24T03:24:55Z" name="startExtent" finished-at="2022-06-24T03:24:55Z" duration-ms="0" status="PASS">
          <params>
            <param index="0">
              <value>
                <![CDATA[public void apps.pets.CartTest.RattleSnakeCarted()]]>
              </value>
            </param>
          </params>
          <reporter-output>
          </reporter-output>
        </test-method> <!-- startExtent -->
        <test-method signature="RattleSnakeCarted()[pri:0, instance:apps.pets.CartTest@222a59e6]" started-at="2022-06-24T03:24:55Z" name="RattleSnakeCarted" finished-at="2022-06-24T03:24:56Z" duration-ms="1323" status="PASS">
          <reporter-output>
          </reporter-output>
        </test-method> <!-- RattleSnakeCarted -->
        <test-method is-config="true" signature="afterEachTestMethod(org.testng.ITestResult)[pri:0, instance:apps.pets.CartTest@222a59e6]" started-at="2022-06-24T03:24:56Z" name="afterEachTestMethod" finished-at="2022-06-24T03:24:57Z" duration-ms="673" status="PASS">
          <params>
            <param index="0">
              <value>
                <![CDATA[[TestResult name=RattleSnakeCarted status=SUCCESS method=CartTest.RattleSnakeCarted()[pri:0, instance:apps.pets.CartTest@222a59e6] output={null}]]]>
              </value>
            </param>
          </params>
          <reporter-output>
          </reporter-output>
        </test-method> <!-- afterEachTestMethod -->
        <test-method is-config="true" signature="endLOG()[pri:0, instance:apps.pets.CartTest@222a59e6]" started-at="2022-06-24T03:24:57Z" name="endLOG" finished-at="2022-06-24T03:24:57Z" duration-ms="1" status="PASS">
          <reporter-output>
          </reporter-output>
        </test-method> <!-- endLOG -->
        <test-method is-config="true" signature="setUp(boolean, java.lang.String, java.lang.String, java.lang.String, java.lang.String, java.lang.String, java.lang.String)[pri:0, instance:apps.pets.CartTest@222a59e6]" started-at="2022-06-24T03:24:57Z" name="setUp" finished-at="2022-06-24T03:24:59Z" duration-ms="1703" status="PASS">
          <params>
            <param index="0">
              <value>
                <![CDATA[false]]>
              </value>
            </param>
            <param index="1">
              <value>
                <![CDATA[browserstack]]>
              </value>
            </param>
            <param index="2">
              <value>
                <![CDATA[windows]]>
              </value>
            </param>
            <param index="3">
              <value>
                <![CDATA[10]]>
              </value>
            </param>
            <param index="4">
              <value>
                <![CDATA[chrome]]>
              </value>
            </param>
            <param index="5">
              <value>
                <![CDATA[102]]>
              </value>
            </param>
            <param index="6">
              <value>
                <![CDATA[https://petstore.octoperf.com/]]>
              </value>
            </param>
          </params>
          <reporter-output>
          </reporter-output>
        </test-method> <!-- setUp -->
        <test-method is-config="true" signature="startExtent(java.lang.reflect.Method)[pri:0, instance:apps.pets.CartTest@222a59e6]" started-at="2022-06-24T03:24:59Z" name="startExtent" finished-at="2022-06-24T03:24:59Z" duration-ms="0" status="PASS">
          <params>
            <param index="0">
              <value>
                <![CDATA[public void apps.pets.CartTest.TigerSharkCarted()]]>
              </value>
            </param>
          </params>
          <reporter-output>
          </reporter-output>
        </test-method> <!-- startExtent -->
        <test-method signature="TigerSharkCarted()[pri:0, instance:apps.pets.CartTest@222a59e6]" started-at="2022-06-24T03:24:59Z" name="TigerSharkCarted" finished-at="2022-06-24T03:25:00Z" duration-ms="1391" status="PASS">
          <reporter-output>
          </reporter-output>
        </test-method> <!-- TigerSharkCarted -->
        <test-method is-config="true" signature="afterEachTestMethod(org.testng.ITestResult)[pri:0, instance:apps.pets.CartTest@222a59e6]" started-at="2022-06-24T03:25:00Z" name="afterEachTestMethod" finished-at="2022-06-24T03:25:01Z" duration-ms="666" status="PASS">
          <params>
            <param index="0">
              <value>
                <![CDATA[[TestResult name=TigerSharkCarted status=SUCCESS method=CartTest.TigerSharkCarted()[pri:0, instance:apps.pets.CartTest@222a59e6] output={null}]]]>
              </value>
            </param>
          </params>
          <reporter-output>
          </reporter-output>
        </test-method> <!-- afterEachTestMethod -->
        <test-method is-config="true" signature="endLOG()[pri:0, instance:apps.pets.CartTest@222a59e6]" started-at="2022-06-24T03:25:01Z" name="endLOG" finished-at="2022-06-24T03:25:01Z" duration-ms="1" status="PASS">
          <reporter-output>
          </reporter-output>
        </test-method> <!-- endLOG -->
        <test-method is-config="true" signature="setUp(boolean, java.lang.String, java.lang.String, java.lang.String, java.lang.String, java.lang.String, java.lang.String)[pri:0, instance:apps.pets.CartTest@222a59e6]" started-at="2022-06-24T03:25:01Z" name="setUp" finished-at="2022-06-24T03:25:02Z" duration-ms="1647" status="PASS">
          <params>
            <param index="0">
              <value>
                <![CDATA[false]]>
              </value>
            </param>
            <param index="1">
              <value>
                <![CDATA[browserstack]]>
              </value>
            </param>
            <param index="2">
              <value>
                <![CDATA[windows]]>
              </value>
            </param>
            <param index="3">
              <value>
                <![CDATA[10]]>
              </value>
            </param>
            <param index="4">
              <value>
                <![CDATA[chrome]]>
              </value>
            </param>
            <param index="5">
              <value>
                <![CDATA[102]]>
              </value>
            </param>
            <param index="6">
              <value>
                <![CDATA[https://petstore.octoperf.com/]]>
              </value>
            </param>
          </params>
          <reporter-output>
          </reporter-output>
        </test-method> <!-- setUp -->
        <test-method is-config="true" signature="startExtent(java.lang.reflect.Method)[pri:0, instance:apps.pets.CartTest@222a59e6]" started-at="2022-06-24T03:25:02Z" name="startExtent" finished-at="2022-06-24T03:25:02Z" duration-ms="0" status="PASS">
          <params>
            <param index="0">
              <value>
                <![CDATA[public void apps.pets.CartTest.UpdateMaleBullDogQty()]]>
              </value>
            </param>
          </params>
          <reporter-output>
          </reporter-output>
        </test-method> <!-- startExtent -->
        <test-method signature="UpdateMaleBullDogQty()[pri:0, instance:apps.pets.CartTest@222a59e6]" started-at="2022-06-24T03:25:02Z" name="UpdateMaleBullDogQty" finished-at="2022-06-24T03:25:14Z" duration-ms="11955" status="PASS">
          <reporter-output>
          </reporter-output>
        </test-method> <!-- UpdateMaleBullDogQty -->
        <test-method is-config="true" signature="afterEachTestMethod(org.testng.ITestResult)[pri:0, instance:apps.pets.CartTest@222a59e6]" started-at="2022-06-24T03:25:14Z" name="afterEachTestMethod" finished-at="2022-06-24T03:25:15Z" duration-ms="707" status="PASS">
          <params>
            <param index="0">
              <value>
                <![CDATA[[TestResult name=UpdateMaleBullDogQty status=SUCCESS method=CartTest.UpdateMaleBullDogQty()[pri:0, instance:apps.pets.CartTest@222a59e6] output={null}]]]>
              </value>
            </param>
          </params>
          <reporter-output>
          </reporter-output>
        </test-method> <!-- afterEachTestMethod -->
        <test-method is-config="true" signature="setUp(boolean, java.lang.String, java.lang.String, java.lang.String, java.lang.String, java.lang.String, java.lang.String)[pri:0, instance:apps.pets.CartTest@222a59e6]" started-at="2022-06-24T03:25:15Z" name="setUp" finished-at="2022-06-24T03:25:17Z" duration-ms="1732" status="PASS">
          <params>
            <param index="0">
              <value>
                <![CDATA[false]]>
              </value>
            </param>
            <param index="1">
              <value>
                <![CDATA[browserstack]]>
              </value>
            </param>
            <param index="2">
              <value>
                <![CDATA[windows]]>
              </value>
            </param>
            <param index="3">
              <value>
                <![CDATA[10]]>
              </value>
            </param>
            <param index="4">
              <value>
                <![CDATA[chrome]]>
              </value>
            </param>
            <param index="5">
              <value>
                <![CDATA[102]]>
              </value>
            </param>
            <param index="6">
              <value>
                <![CDATA[https://petstore.octoperf.com/]]>
              </value>
            </param>
          </params>
          <reporter-output>
          </reporter-output>
        </test-method> <!-- setUp -->
        <test-method is-config="true" signature="endLOG()[pri:0, instance:apps.pets.CartTest@222a59e6]" started-at="2022-06-24T03:25:15Z" name="endLOG" finished-at="2022-06-24T03:25:15Z" duration-ms="0" status="PASS">
          <reporter-output>
          </reporter-output>
        </test-method> <!-- endLOG -->
        <test-method signature="UpdateParrotQtyCart()[pri:0, instance:apps.pets.CartTest@222a59e6]" started-at="2022-06-24T03:25:17Z" name="UpdateParrotQtyCart" finished-at="2022-06-24T03:25:27Z" duration-ms="9981" status="PASS">
          <reporter-output>
          </reporter-output>
        </test-method> <!-- UpdateParrotQtyCart -->
        <test-method is-config="true" signature="startExtent(java.lang.reflect.Method)[pri:0, instance:apps.pets.CartTest@222a59e6]" started-at="2022-06-24T03:25:17Z" name="startExtent" finished-at="2022-06-24T03:25:17Z" duration-ms="0" status="PASS">
          <params>
            <param index="0">
              <value>
                <![CDATA[public void apps.pets.CartTest.UpdateParrotQtyCart()]]>
              </value>
            </param>
          </params>
          <reporter-output>
          </reporter-output>
        </test-method> <!-- startExtent -->
        <test-method is-config="true" signature="afterEachTestMethod(org.testng.ITestResult)[pri:0, instance:apps.pets.CartTest@222a59e6]" started-at="2022-06-24T03:25:27Z" name="afterEachTestMethod" finished-at="2022-06-24T03:25:28Z" duration-ms="708" status="PASS">
          <params>
            <param index="0">
              <value>
                <![CDATA[[TestResult name=UpdateParrotQtyCart status=SUCCESS method=CartTest.UpdateParrotQtyCart()[pri:0, instance:apps.pets.CartTest@222a59e6] output={null}]]]>
              </value>
            </param>
          </params>
          <reporter-output>
          </reporter-output>
        </test-method> <!-- afterEachTestMethod -->
        <test-method is-config="true" signature="endLOG()[pri:0, instance:apps.pets.CartTest@222a59e6]" started-at="2022-06-24T03:25:28Z" name="endLOG" finished-at="2022-06-24T03:25:28Z" duration-ms="0" status="PASS">
          <reporter-output>
          </reporter-output>
        </test-method> <!-- endLOG -->
        <test-method is-config="true" signature="setUp(boolean, java.lang.String, java.lang.String, java.lang.String, java.lang.String, java.lang.String, java.lang.String)[pri:0, instance:apps.pets.CartTest@222a59e6]" started-at="2022-06-24T03:25:28Z" name="setUp" finished-at="2022-06-24T03:25:29Z" duration-ms="1702" status="PASS">
          <params>
            <param index="0">
              <value>
                <![CDATA[false]]>
              </value>
            </param>
            <param index="1">
              <value>
                <![CDATA[browserstack]]>
              </value>
            </param>
            <param index="2">
              <value>
                <![CDATA[windows]]>
              </value>
            </param>
            <param index="3">
              <value>
                <![CDATA[10]]>
              </value>
            </param>
            <param index="4">
              <value>
                <![CDATA[chrome]]>
              </value>
            </param>
            <param index="5">
              <value>
                <![CDATA[102]]>
              </value>
            </param>
            <param index="6">
              <value>
                <![CDATA[https://petstore.octoperf.com/]]>
              </value>
            </param>
          </params>
          <reporter-output>
          </reporter-output>
        </test-method> <!-- setUp -->
        <test-method is-config="true" signature="startExtent(java.lang.reflect.Method)[pri:0, instance:apps.pets.CartTest@222a59e6]" started-at="2022-06-24T03:25:29Z" name="startExtent" finished-at="2022-06-24T03:25:29Z" duration-ms="1" status="PASS">
          <params>
            <param index="0">
              <value>
                <![CDATA[public void apps.pets.CartTest.UpdatePersianCatQty()]]>
              </value>
            </param>
          </params>
          <reporter-output>
          </reporter-output>
        </test-method> <!-- startExtent -->
        <test-method signature="UpdatePersianCatQty()[pri:0, instance:apps.pets.CartTest@222a59e6]" started-at="2022-06-24T03:25:29Z" name="UpdatePersianCatQty" finished-at="2022-06-24T03:25:39Z" duration-ms="10230" status="PASS">
          <reporter-output>
          </reporter-output>
        </test-method> <!-- UpdatePersianCatQty -->
        <test-method is-config="true" signature="afterEachTestMethod(org.testng.ITestResult)[pri:0, instance:apps.pets.CartTest@222a59e6]" started-at="2022-06-24T03:25:39Z" name="afterEachTestMethod" finished-at="2022-06-24T03:25:40Z" duration-ms="697" status="PASS">
          <params>
            <param index="0">
              <value>
                <![CDATA[[TestResult name=UpdatePersianCatQty status=SUCCESS method=CartTest.UpdatePersianCatQty()[pri:0, instance:apps.pets.CartTest@222a59e6] output={null}]]]>
              </value>
            </param>
          </params>
          <reporter-output>
          </reporter-output>
        </test-method> <!-- afterEachTestMethod -->
        <test-method is-config="true" signature="endLOG()[pri:0, instance:apps.pets.CartTest@222a59e6]" started-at="2022-06-24T03:25:40Z" name="endLOG" finished-at="2022-06-24T03:25:40Z" duration-ms="1" status="PASS">
          <reporter-output>
          </reporter-output>
        </test-method> <!-- endLOG -->
        <test-method is-config="true" signature="setUp(boolean, java.lang.String, java.lang.String, java.lang.String, java.lang.String, java.lang.String, java.lang.String)[pri:0, instance:apps.pets.CartTest@222a59e6]" started-at="2022-06-24T03:25:40Z" name="setUp" finished-at="2022-06-24T03:25:42Z" duration-ms="1815" status="PASS">
          <params>
            <param index="0">
              <value>
                <![CDATA[false]]>
              </value>
            </param>
            <param index="1">
              <value>
                <![CDATA[browserstack]]>
              </value>
            </param>
            <param index="2">
              <value>
                <![CDATA[windows]]>
              </value>
            </param>
            <param index="3">
              <value>
                <![CDATA[10]]>
              </value>
            </param>
            <param index="4">
              <value>
                <![CDATA[chrome]]>
              </value>
            </param>
            <param index="5">
              <value>
                <![CDATA[102]]>
              </value>
            </param>
            <param index="6">
              <value>
                <![CDATA[https://petstore.octoperf.com/]]>
              </value>
            </param>
          </params>
          <reporter-output>
          </reporter-output>
        </test-method> <!-- setUp -->
        <test-method is-config="true" signature="startExtent(java.lang.reflect.Method)[pri:0, instance:apps.pets.CartTest@222a59e6]" started-at="2022-06-24T03:25:42Z" name="startExtent" finished-at="2022-06-24T03:25:42Z" duration-ms="0" status="PASS">
          <params>
            <param index="0">
              <value>
                <![CDATA[public void apps.pets.CartTest.UpdateSharkQtyCart()]]>
              </value>
            </param>
          </params>
          <reporter-output>
          </reporter-output>
        </test-method> <!-- startExtent -->
        <test-method signature="UpdateSharkQtyCart()[pri:0, instance:apps.pets.CartTest@222a59e6]" started-at="2022-06-24T03:25:42Z" name="UpdateSharkQtyCart" finished-at="2022-06-24T03:25:44Z" duration-ms="1593" status="PASS">
          <reporter-output>
          </reporter-output>
        </test-method> <!-- UpdateSharkQtyCart -->
        <test-method is-config="true" signature="afterEachTestMethod(org.testng.ITestResult)[pri:0, instance:apps.pets.CartTest@222a59e6]" started-at="2022-06-24T03:25:44Z" name="afterEachTestMethod" finished-at="2022-06-24T03:25:44Z" duration-ms="672" status="PASS">
          <params>
            <param index="0">
              <value>
                <![CDATA[[TestResult name=UpdateSharkQtyCart status=SUCCESS method=CartTest.UpdateSharkQtyCart()[pri:0, instance:apps.pets.CartTest@222a59e6] output={null}]]]>
              </value>
            </param>
          </params>
          <reporter-output>
          </reporter-output>
        </test-method> <!-- afterEachTestMethod -->
        <test-method is-config="true" signature="endLOG()[pri:0, instance:apps.pets.CartTest@222a59e6]" started-at="2022-06-24T03:25:44Z" name="endLOG" finished-at="2022-06-24T03:25:44Z" duration-ms="1" status="PASS">
          <reporter-output>
          </reporter-output>
        </test-method> <!-- endLOG -->
        <test-method is-config="true" signature="setUp(boolean, java.lang.String, java.lang.String, java.lang.String, java.lang.String, java.lang.String, java.lang.String)[pri:0, instance:apps.pets.CartTest@222a59e6]" started-at="2022-06-24T03:25:44Z" name="setUp" finished-at="2022-06-24T03:25:46Z" duration-ms="1675" status="PASS">
          <params>
            <param index="0">
              <value>
                <![CDATA[false]]>
              </value>
            </param>
            <param index="1">
              <value>
                <![CDATA[browserstack]]>
              </value>
            </param>
            <param index="2">
              <value>
                <![CDATA[windows]]>
              </value>
            </param>
            <param index="3">
              <value>
                <![CDATA[10]]>
              </value>
            </param>
            <param index="4">
              <value>
                <![CDATA[chrome]]>
              </value>
            </param>
            <param index="5">
              <value>
                <![CDATA[102]]>
              </value>
            </param>
            <param index="6">
              <value>
                <![CDATA[https://petstore.octoperf.com/]]>
              </value>
            </param>
          </params>
          <reporter-output>
          </reporter-output>
        </test-method> <!-- setUp -->
        <test-method is-config="true" signature="startExtent(java.lang.reflect.Method)[pri:0, instance:apps.pets.CartTest@222a59e6]" started-at="2022-06-24T03:25:46Z" name="startExtent" finished-at="2022-06-24T03:25:46Z" duration-ms="0" status="PASS">
          <params>
            <param index="0">
              <value>
                <![CDATA[public void apps.pets.CartTest.UpdateVenomlessSnakeQty()]]>
              </value>
            </param>
          </params>
          <reporter-output>
          </reporter-output>
        </test-method> <!-- startExtent -->
        <test-method signature="UpdateVenomlessSnakeQty()[pri:0, instance:apps.pets.CartTest@222a59e6]" started-at="2022-06-24T03:25:46Z" name="UpdateVenomlessSnakeQty" finished-at="2022-06-24T03:25:58Z" duration-ms="11898" status="PASS">
          <reporter-output>
          </reporter-output>
        </test-method> <!-- UpdateVenomlessSnakeQty -->
        <test-method is-config="true" signature="afterEachTestMethod(org.testng.ITestResult)[pri:0, instance:apps.pets.CartTest@222a59e6]" started-at="2022-06-24T03:25:58Z" name="afterEachTestMethod" finished-at="2022-06-24T03:25:58Z" duration-ms="696" status="PASS">
          <params>
            <param index="0">
              <value>
                <![CDATA[[TestResult name=UpdateVenomlessSnakeQty status=SUCCESS method=CartTest.UpdateVenomlessSnakeQty()[pri:0, instance:apps.pets.CartTest@222a59e6] output={null}]]]>
              </value>
            </param>
          </params>
          <reporter-output>
          </reporter-output>
        </test-method> <!-- afterEachTestMethod -->
        <test-method is-config="true" signature="endLOG()[pri:0, instance:apps.pets.CartTest@222a59e6]" started-at="2022-06-24T03:25:58Z" name="endLOG" finished-at="2022-06-24T03:25:58Z" duration-ms="0" status="PASS">
          <reporter-output>
          </reporter-output>
        </test-method> <!-- endLOG -->
      </class> <!-- apps.pets.CartTest -->
      <class name="apps.pets.AccountsTest">
        <test-method is-config="true" signature="setUp(boolean, java.lang.String, java.lang.String, java.lang.String, java.lang.String, java.lang.String, java.lang.String)[pri:0, instance:apps.pets.AccountsTest@38af9828]" started-at="2022-06-24T03:20:43Z" name="setUp" finished-at="2022-06-24T03:20:45Z" duration-ms="1896" status="PASS">
          <params>
            <param index="0">
              <value>
                <![CDATA[false]]>
              </value>
            </param>
            <param index="1">
              <value>
                <![CDATA[browserstack]]>
              </value>
            </param>
            <param index="2">
              <value>
                <![CDATA[windows]]>
              </value>
            </param>
            <param index="3">
              <value>
                <![CDATA[10]]>
              </value>
            </param>
            <param index="4">
              <value>
                <![CDATA[chrome]]>
              </value>
            </param>
            <param index="5">
              <value>
                <![CDATA[102]]>
              </value>
            </param>
            <param index="6">
              <value>
                <![CDATA[https://petstore.octoperf.com/]]>
              </value>
            </param>
          </params>
          <reporter-output>
          </reporter-output>
        </test-method> <!-- setUp -->
        <test-method is-config="true" signature="startExtent(java.lang.reflect.Method)[pri:0, instance:apps.pets.AccountsTest@38af9828]" started-at="2022-06-24T03:20:45Z" name="startExtent" finished-at="2022-06-24T03:20:45Z" duration-ms="0" status="PASS">
          <params>
            <param index="0">
              <value>
                <![CDATA[public void apps.pets.AccountsTest.FavoriteCategoryBirds()]]>
              </value>
            </param>
          </params>
          <reporter-output>
          </reporter-output>
        </test-method> <!-- startExtent -->
        <test-method signature="FavoriteCategoryBirds()[pri:0, instance:apps.pets.AccountsTest@38af9828]" started-at="2022-06-24T03:20:45Z" name="FavoriteCategoryBirds" finished-at="2022-06-24T03:20:47Z" duration-ms="1758" status="PASS">
          <reporter-output>
          </reporter-output>
        </test-method> <!-- FavoriteCategoryBirds -->
        <test-method is-config="true" signature="afterEachTestMethod(org.testng.ITestResult)[pri:0, instance:apps.pets.AccountsTest@38af9828]" started-at="2022-06-24T03:20:47Z" name="afterEachTestMethod" finished-at="2022-06-24T03:20:47Z" duration-ms="659" status="PASS">
          <params>
            <param index="0">
              <value>
                <![CDATA[[TestResult name=FavoriteCategoryBirds status=SUCCESS method=AccountsTest.FavoriteCategoryBirds()[pri:0, instance:apps.pets.AccountsTest@38af9828] output={null}]]]>
              </value>
            </param>
          </params>
          <reporter-output>
          </reporter-output>
        </test-method> <!-- afterEachTestMethod -->
        <test-method is-config="true" signature="endLOG()[pri:0, instance:apps.pets.AccountsTest@38af9828]" started-at="2022-06-24T03:20:47Z" name="endLOG" finished-at="2022-06-24T03:20:47Z" duration-ms="2" status="PASS">
          <reporter-output>
          </reporter-output>
        </test-method> <!-- endLOG -->
        <test-method is-config="true" signature="setUp(boolean, java.lang.String, java.lang.String, java.lang.String, java.lang.String, java.lang.String, java.lang.String)[pri:0, instance:apps.pets.AccountsTest@38af9828]" started-at="2022-06-24T03:20:47Z" name="setUp" finished-at="2022-06-24T03:20:49Z" duration-ms="1705" status="PASS">
          <params>
            <param index="0">
              <value>
                <![CDATA[false]]>
              </value>
            </param>
            <param index="1">
              <value>
                <![CDATA[browserstack]]>
              </value>
            </param>
            <param index="2">
              <value>
                <![CDATA[windows]]>
              </value>
            </param>
            <param index="3">
              <value>
                <![CDATA[10]]>
              </value>
            </param>
            <param index="4">
              <value>
                <![CDATA[chrome]]>
              </value>
            </param>
            <param index="5">
              <value>
                <![CDATA[102]]>
              </value>
            </param>
            <param index="6">
              <value>
                <![CDATA[https://petstore.octoperf.com/]]>
              </value>
            </param>
          </params>
          <reporter-output>
          </reporter-output>
        </test-method> <!-- setUp -->
        <test-method signature="FavoriteCategoryCat()[pri:0, instance:apps.pets.AccountsTest@38af9828]" started-at="2022-06-24T03:20:49Z" name="FavoriteCategoryCat" finished-at="2022-06-24T03:20:51Z" duration-ms="1731" status="PASS">
          <reporter-output>
          </reporter-output>
        </test-method> <!-- FavoriteCategoryCat -->
        <test-method is-config="true" signature="startExtent(java.lang.reflect.Method)[pri:0, instance:apps.pets.AccountsTest@38af9828]" started-at="2022-06-24T03:20:49Z" name="startExtent" finished-at="2022-06-24T03:20:49Z" duration-ms="0" status="PASS">
          <params>
            <param index="0">
              <value>
                <![CDATA[public void apps.pets.AccountsTest.FavoriteCategoryCat()]]>
              </value>
            </param>
          </params>
          <reporter-output>
          </reporter-output>
        </test-method> <!-- startExtent -->
        <test-method is-config="true" signature="afterEachTestMethod(org.testng.ITestResult)[pri:0, instance:apps.pets.AccountsTest@38af9828]" started-at="2022-06-24T03:20:51Z" name="afterEachTestMethod" finished-at="2022-06-24T03:20:51Z" duration-ms="687" status="PASS">
          <params>
            <param index="0">
              <value>
                <![CDATA[[TestResult name=FavoriteCategoryCat status=SUCCESS method=AccountsTest.FavoriteCategoryCat()[pri:0, instance:apps.pets.AccountsTest@38af9828] output={null}]]]>
              </value>
            </param>
          </params>
          <reporter-output>
          </reporter-output>
        </test-method> <!-- afterEachTestMethod -->
        <test-method is-config="true" signature="endLOG()[pri:0, instance:apps.pets.AccountsTest@38af9828]" started-at="2022-06-24T03:20:51Z" name="endLOG" finished-at="2022-06-24T03:20:51Z" duration-ms="1" status="PASS">
          <reporter-output>
          </reporter-output>
        </test-method> <!-- endLOG -->
        <test-method is-config="true" signature="setUp(boolean, java.lang.String, java.lang.String, java.lang.String, java.lang.String, java.lang.String, java.lang.String)[pri:0, instance:apps.pets.AccountsTest@38af9828]" started-at="2022-06-24T03:20:51Z" name="setUp" finished-at="2022-06-24T03:20:53Z" duration-ms="1682" status="PASS">
          <params>
            <param index="0">
              <value>
                <![CDATA[false]]>
              </value>
            </param>
            <param index="1">
              <value>
                <![CDATA[browserstack]]>
              </value>
            </param>
            <param index="2">
              <value>
                <![CDATA[windows]]>
              </value>
            </param>
            <param index="3">
              <value>
                <![CDATA[10]]>
              </value>
            </param>
            <param index="4">
              <value>
                <![CDATA[chrome]]>
              </value>
            </param>
            <param index="5">
              <value>
                <![CDATA[102]]>
              </value>
            </param>
            <param index="6">
              <value>
                <![CDATA[https://petstore.octoperf.com/]]>
              </value>
            </param>
          </params>
          <reporter-output>
          </reporter-output>
        </test-method> <!-- setUp -->
        <test-method is-config="true" signature="startExtent(java.lang.reflect.Method)[pri:0, instance:apps.pets.AccountsTest@38af9828]" started-at="2022-06-24T03:20:53Z" name="startExtent" finished-at="2022-06-24T03:20:53Z" duration-ms="1" status="PASS">
          <params>
            <param index="0">
              <value>
                <![CDATA[public void apps.pets.AccountsTest.FavoriteCategoryDog()]]>
              </value>
            </param>
          </params>
          <reporter-output>
          </reporter-output>
        </test-method> <!-- startExtent -->
        <test-method signature="FavoriteCategoryDog()[pri:0, instance:apps.pets.AccountsTest@38af9828]" started-at="2022-06-24T03:20:53Z" name="FavoriteCategoryDog" finished-at="2022-06-24T03:20:55Z" duration-ms="1847" status="PASS">
          <reporter-output>
          </reporter-output>
        </test-method> <!-- FavoriteCategoryDog -->
        <test-method is-config="true" signature="afterEachTestMethod(org.testng.ITestResult)[pri:0, instance:apps.pets.AccountsTest@38af9828]" started-at="2022-06-24T03:20:55Z" name="afterEachTestMethod" finished-at="2022-06-24T03:20:56Z" duration-ms="675" status="PASS">
          <params>
            <param index="0">
              <value>
                <![CDATA[[TestResult name=FavoriteCategoryDog status=SUCCESS method=AccountsTest.FavoriteCategoryDog()[pri:0, instance:apps.pets.AccountsTest@38af9828] output={null}]]]>
              </value>
            </param>
          </params>
          <reporter-output>
          </reporter-output>
        </test-method> <!-- afterEachTestMethod -->
        <test-method is-config="true" signature="endLOG()[pri:0, instance:apps.pets.AccountsTest@38af9828]" started-at="2022-06-24T03:20:56Z" name="endLOG" finished-at="2022-06-24T03:20:56Z" duration-ms="1" status="PASS">
          <reporter-output>
          </reporter-output>
        </test-method> <!-- endLOG -->
        <test-method is-config="true" signature="setUp(boolean, java.lang.String, java.lang.String, java.lang.String, java.lang.String, java.lang.String, java.lang.String)[pri:0, instance:apps.pets.AccountsTest@38af9828]" started-at="2022-06-24T03:20:56Z" name="setUp" finished-at="2022-06-24T03:20:57Z" duration-ms="1798" status="PASS">
          <params>
            <param index="0">
              <value>
                <![CDATA[false]]>
              </value>
            </param>
            <param index="1">
              <value>
                <![CDATA[browserstack]]>
              </value>
            </param>
            <param index="2">
              <value>
                <![CDATA[windows]]>
              </value>
            </param>
            <param index="3">
              <value>
                <![CDATA[10]]>
              </value>
            </param>
            <param index="4">
              <value>
                <![CDATA[chrome]]>
              </value>
            </param>
            <param index="5">
              <value>
                <![CDATA[102]]>
              </value>
            </param>
            <param index="6">
              <value>
                <![CDATA[https://petstore.octoperf.com/]]>
              </value>
            </param>
          </params>
          <reporter-output>
          </reporter-output>
        </test-method> <!-- setUp -->
        <test-method signature="FavoriteCategoryFish()[pri:0, instance:apps.pets.AccountsTest@38af9828]" started-at="2022-06-24T03:20:57Z" name="FavoriteCategoryFish" finished-at="2022-06-24T03:20:59Z" duration-ms="1584" status="PASS">
          <reporter-output>
          </reporter-output>
        </test-method> <!-- FavoriteCategoryFish -->
        <test-method is-config="true" signature="startExtent(java.lang.reflect.Method)[pri:0, instance:apps.pets.AccountsTest@38af9828]" started-at="2022-06-24T03:20:57Z" name="startExtent" finished-at="2022-06-24T03:20:57Z" duration-ms="0" status="PASS">
          <params>
            <param index="0">
              <value>
                <![CDATA[public void apps.pets.AccountsTest.FavoriteCategoryFish()]]>
              </value>
            </param>
          </params>
          <reporter-output>
          </reporter-output>
        </test-method> <!-- startExtent -->
        <test-method is-config="true" signature="afterEachTestMethod(org.testng.ITestResult)[pri:0, instance:apps.pets.AccountsTest@38af9828]" started-at="2022-06-24T03:20:59Z" name="afterEachTestMethod" finished-at="2022-06-24T03:21:00Z" duration-ms="668" status="PASS">
          <params>
            <param index="0">
              <value>
                <![CDATA[[TestResult name=FavoriteCategoryFish status=SUCCESS method=AccountsTest.FavoriteCategoryFish()[pri:0, instance:apps.pets.AccountsTest@38af9828] output={null}]]]>
              </value>
            </param>
          </params>
          <reporter-output>
          </reporter-output>
        </test-method> <!-- afterEachTestMethod -->
        <test-method is-config="true" signature="endLOG()[pri:0, instance:apps.pets.AccountsTest@38af9828]" started-at="2022-06-24T03:21:00Z" name="endLOG" finished-at="2022-06-24T03:21:00Z" duration-ms="1" status="PASS">
          <reporter-output>
          </reporter-output>
        </test-method> <!-- endLOG -->
        <test-method is-config="true" signature="setUp(boolean, java.lang.String, java.lang.String, java.lang.String, java.lang.String, java.lang.String, java.lang.String)[pri:0, instance:apps.pets.AccountsTest@38af9828]" started-at="2022-06-24T03:21:00Z" name="setUp" finished-at="2022-06-24T03:21:01Z" duration-ms="1707" status="PASS">
          <params>
            <param index="0">
              <value>
                <![CDATA[false]]>
              </value>
            </param>
            <param index="1">
              <value>
                <![CDATA[browserstack]]>
              </value>
            </param>
            <param index="2">
              <value>
                <![CDATA[windows]]>
              </value>
            </param>
            <param index="3">
              <value>
                <![CDATA[10]]>
              </value>
            </param>
            <param index="4">
              <value>
                <![CDATA[chrome]]>
              </value>
            </param>
            <param index="5">
              <value>
                <![CDATA[102]]>
              </value>
            </param>
            <param index="6">
              <value>
                <![CDATA[https://petstore.octoperf.com/]]>
              </value>
            </param>
          </params>
          <reporter-output>
          </reporter-output>
        </test-method> <!-- setUp -->
        <test-method is-config="true" signature="startExtent(java.lang.reflect.Method)[pri:0, instance:apps.pets.AccountsTest@38af9828]" started-at="2022-06-24T03:21:01Z" name="startExtent" finished-at="2022-06-24T03:21:01Z" duration-ms="0" status="PASS">
          <params>
            <param index="0">
              <value>
                <![CDATA[public void apps.pets.AccountsTest.FavoriteCategoryReptiles()]]>
              </value>
            </param>
          </params>
          <reporter-output>
          </reporter-output>
        </test-method> <!-- startExtent -->
        <test-method signature="FavoriteCategoryReptiles()[pri:0, instance:apps.pets.AccountsTest@38af9828]" started-at="2022-06-24T03:21:01Z" name="FavoriteCategoryReptiles" finished-at="2022-06-24T03:21:03Z" duration-ms="1689" status="PASS">
          <reporter-output>
          </reporter-output>
        </test-method> <!-- FavoriteCategoryReptiles -->
        <test-method is-config="true" signature="afterEachTestMethod(org.testng.ITestResult)[pri:0, instance:apps.pets.AccountsTest@38af9828]" started-at="2022-06-24T03:21:03Z" name="afterEachTestMethod" finished-at="2022-06-24T03:21:04Z" duration-ms="668" status="PASS">
          <params>
            <param index="0">
              <value>
                <![CDATA[[TestResult name=FavoriteCategoryReptiles status=SUCCESS method=AccountsTest.FavoriteCategoryReptiles()[pri:0, instance:apps.pets.AccountsTest@38af9828] output={null}]]]>
              </value>
            </param>
          </params>
          <reporter-output>
          </reporter-output>
        </test-method> <!-- afterEachTestMethod -->
        <test-method is-config="true" signature="setUp(boolean, java.lang.String, java.lang.String, java.lang.String, java.lang.String, java.lang.String, java.lang.String)[pri:0, instance:apps.pets.AccountsTest@38af9828]" started-at="2022-06-24T03:21:04Z" name="setUp" finished-at="2022-06-24T03:21:05Z" duration-ms="1675" status="PASS">
          <params>
            <param index="0">
              <value>
                <![CDATA[false]]>
              </value>
            </param>
            <param index="1">
              <value>
                <![CDATA[browserstack]]>
              </value>
            </param>
            <param index="2">
              <value>
                <![CDATA[windows]]>
              </value>
            </param>
            <param index="3">
              <value>
                <![CDATA[10]]>
              </value>
            </param>
            <param index="4">
              <value>
                <![CDATA[chrome]]>
              </value>
            </param>
            <param index="5">
              <value>
                <![CDATA[102]]>
              </value>
            </param>
            <param index="6">
              <value>
                <![CDATA[https://petstore.octoperf.com/]]>
              </value>
            </param>
          </params>
          <reporter-output>
          </reporter-output>
        </test-method> <!-- setUp -->
        <test-method is-config="true" signature="endLOG()[pri:0, instance:apps.pets.AccountsTest@38af9828]" started-at="2022-06-24T03:21:04Z" name="endLOG" finished-at="2022-06-24T03:21:04Z" duration-ms="0" status="PASS">
          <reporter-output>
          </reporter-output>
        </test-method> <!-- endLOG -->
        <test-method is-config="true" signature="startExtent(java.lang.reflect.Method)[pri:0, instance:apps.pets.AccountsTest@38af9828]" started-at="2022-06-24T03:21:05Z" name="startExtent" finished-at="2022-06-24T03:21:05Z" duration-ms="0" status="PASS">
          <params>
            <param index="0">
              <value>
                <![CDATA[public void apps.pets.AccountsTest.UpdateAccountPhoneNumber()]]>
              </value>
            </param>
          </params>
          <reporter-output>
          </reporter-output>
        </test-method> <!-- startExtent -->
        <test-method signature="UpdateAccountPhoneNumber()[pri:0, instance:apps.pets.AccountsTest@38af9828]" started-at="2022-06-24T03:21:05Z" name="UpdateAccountPhoneNumber" finished-at="2022-06-24T03:21:24Z" duration-ms="18346" status="PASS">
          <reporter-output>
          </reporter-output>
        </test-method> <!-- UpdateAccountPhoneNumber -->
        <test-method is-config="true" signature="afterEachTestMethod(org.testng.ITestResult)[pri:0, instance:apps.pets.AccountsTest@38af9828]" started-at="2022-06-24T03:21:24Z" name="afterEachTestMethod" finished-at="2022-06-24T03:21:24Z" duration-ms="675" status="PASS">
          <params>
            <param index="0">
              <value>
                <![CDATA[[TestResult name=UpdateAccountPhoneNumber status=SUCCESS method=AccountsTest.UpdateAccountPhoneNumber()[pri:0, instance:apps.pets.AccountsTest@38af9828] output={null}]]]>
              </value>
            </param>
[...]
          <reporter-output>
          </reporter-output>
        </test-method> <!-- endLOG -->
        <test-method is-config="true" signature="setUp(boolean, java.lang.String, java.lang.String, java.lang.String, java.lang.String, java.lang.String, java.lang.String)[pri:0, instance:apps.pets.OrdersTest@34129c78]" started-at="2022-06-24T03:22:21Z" name="setUp" finished-at="2022-06-24T03:22:23Z" duration-ms="1652" status="PASS">
          <params>
            <param index="0">
              <value>
                <![CDATA[false]]>
              </value>
            </param>
            <param index="1">
              <value>
                <![CDATA[browserstack]]>
              </value>
            </param>
            <param index="2">
              <value>
                <![CDATA[windows]]>
              </value>
            </param>
            <param index="3">
              <value>
                <![CDATA[10]]>
              </value>
            </param>
            <param index="4">
              <value>
                <![CDATA[chrome]]>
              </value>
            </param>
            <param index="5">
              <value>
                <![CDATA[102]]>
              </value>
            </param>
            <param index="6">
              <value>
                <![CDATA[https://petstore.octoperf.com/]]>
              </value>
            </param>
          </params>
          <reporter-output>
          </reporter-output>
        </test-method> <!-- setUp -->
        <test-method is-config="true" signature="startExtent(java.lang.reflect.Method)[pri:0, instance:apps.pets.OrdersTest@34129c78]" started-at="2022-06-24T03:22:23Z" name="startExtent" finished-at="2022-06-24T03:22:23Z" duration-ms="0" status="PASS">
          <params>
            <param index="0">
              <value>
                <![CDATA[public void apps.pets.OrdersTest.Order87422()]]>
              </value>
            </param>
          </params>
          <reporter-output>
          </reporter-output>
        </test-method> <!-- startExtent -->
        <test-method signature="Order87422()[pri:0, instance:apps.pets.OrdersTest@34129c78]" started-at="2022-06-24T03:22:23Z" name="Order87422" finished-at="2022-06-24T03:22:25Z" duration-ms="1742" status="PASS">
          <reporter-output>
          </reporter-output>
        </test-method> <!-- Order87422 -->
        <test-method is-config="true" signature="afterEachTestMethod(org.testng.ITestResult)[pri:0, instance:apps.pets.OrdersTest@34129c78]" started-at="2022-06-24T03:22:25Z" name="afterEachTestMethod" finished-at="2022-06-24T03:22:26Z" duration-ms="671" status="PASS">
          <params>
            <param index="0">
              <value>
                <![CDATA[[TestResult name=Order87422 status=SUCCESS method=OrdersTest.Order87422()[pri:0, instance:apps.pets.OrdersTest@34129c78] output={null}]]]>
              </value>
            </param>
          </params>
          <reporter-output>
          </reporter-output>
        </test-method> <!-- afterEachTestMethod -->
        <test-method is-config="true" signature="endLOG()[pri:0, instance:apps.pets.OrdersTest@34129c78]" started-at="2022-06-24T03:22:26Z" name="endLOG" finished-at="2022-06-24T03:22:26Z" duration-ms="1" status="PASS">
          <reporter-output>
          </reporter-output>
        </test-method> <!-- endLOG -->
        <test-method is-config="true" signature="setUp(boolean, java.lang.String, java.lang.String, java.lang.String, java.lang.String, java.lang.String, java.lang.String)[pri:0, instance:apps.pets.OrdersTest@34129c78]" started-at="2022-06-24T03:22:26Z" name="setUp" finished-at="2022-06-24T03:22:27Z" duration-ms="1720" status="PASS">
          <params>
            <param index="0">
              <value>
                <![CDATA[false]]>
              </value>
            </param>
            <param index="1">
              <value>
                <![CDATA[browserstack]]>
              </value>
            </param>
            <param index="2">
              <value>
                <![CDATA[windows]]>
              </value>
            </param>
            <param index="3">
              <value>
                <![CDATA[10]]>
              </value>
            </param>
            <param index="4">
              <value>
                <![CDATA[chrome]]>
              </value>
            </param>
            <param index="5">
              <value>
                <![CDATA[102]]>
              </value>
            </param>
            <param index="6">
              <value>
                <![CDATA[https://petstore.octoperf.com/]]>
              </value>
            </param>
          </params>
          <reporter-output>
          </reporter-output>
        </test-method> <!-- setUp -->
        <test-method is-config="true" signature="startExtent(java.lang.reflect.Method)[pri:0, instance:apps.pets.OrdersTest@34129c78]" started-at="2022-06-24T03:22:27Z" name="startExtent" finished-at="2022-06-24T03:22:27Z" duration-ms="0" status="PASS">
          <params>
            <param index="0">
              <value>
                <![CDATA[public void apps.pets.OrdersTest.Order9072()]]>
              </value>
            </param>
          </params>
          <reporter-output>
          </reporter-output>
        </test-method> <!-- startExtent -->
        <test-method signature="Order9072()[pri:0, instance:apps.pets.OrdersTest@34129c78]" started-at="2022-06-24T03:22:27Z" name="Order9072" finished-at="2022-06-24T03:22:29Z" duration-ms="1865" status="PASS">
          <reporter-output>
          </reporter-output>
        </test-method> <!-- Order9072 -->
        <test-method is-config="true" signature="afterEachTestMethod(org.testng.ITestResult)[pri:0, instance:apps.pets.OrdersTest@34129c78]" started-at="2022-06-24T03:22:29Z" name="afterEachTestMethod" finished-at="2022-06-24T03:22:30Z" duration-ms="667" status="PASS">
          <params>
            <param index="0">
              <value>
                <![CDATA[[TestResult name=Order9072 status=SUCCESS method=OrdersTest.Order9072()[pri:0, instance:apps.pets.OrdersTest@34129c78] output={null}]]]>
              </value>
            </param>
          </params>
          <reporter-output>
          </reporter-output>
        </test-method> <!-- afterEachTestMethod -->
        <test-method is-config="true" signature="endLOG()[pri:0, instance:apps.pets.OrdersTest@34129c78]" started-at="2022-06-24T03:22:30Z" name="endLOG" finished-at="2022-06-24T03:22:30Z" duration-ms="2" status="PASS">
          <reporter-output>
          </reporter-output>
        </test-method> <!-- endLOG -->
        <test-method is-config="true" signature="setUp(boolean, java.lang.String, java.lang.String, java.lang.String, java.lang.String, java.lang.String, java.lang.String)[pri:0, instance:apps.pets.OrdersTest@34129c78]" started-at="2022-06-24T03:22:30Z" name="setUp" finished-at="2022-06-24T03:22:31Z" duration-ms="1681" status="PASS">
          <params>
            <param index="0">
              <value>
                <![CDATA[false]]>
              </value>
            </param>
            <param index="1">
              <value>
                <![CDATA[browserstack]]>
              </value>
            </param>
            <param index="2">
              <value>
                <![CDATA[windows]]>
              </value>
            </param>
            <param index="3">
              <value>
                <![CDATA[10]]>
              </value>
            </param>
            <param index="4">
              <value>
                <![CDATA[chrome]]>
              </value>
            </param>
            <param index="5">
              <value>
                <![CDATA[102]]>
              </value>
            </param>
            <param index="6">
              <value>
                <![CDATA[https://petstore.octoperf.com/]]>
              </value>
            </param>
          </params>
          <reporter-output>
          </reporter-output>
        </test-method> <!-- setUp -->
        <test-method is-config="true" signature="startExtent(java.lang.reflect.Method)[pri:0, instance:apps.pets.OrdersTest@34129c78]" started-at="2022-06-24T03:22:31Z" name="startExtent" finished-at="2022-06-24T03:22:31Z" duration-ms="1" status="PASS">
          <params>
            <param index="0">
              <value>
                <![CDATA[public void apps.pets.OrdersTest.Order9073()]]>
              </value>
            </param>
          </params>
          <reporter-output>
          </reporter-output>
        </test-method> <!-- startExtent -->
        <test-method signature="Order9073()[pri:0, instance:apps.pets.OrdersTest@34129c78]" started-at="2022-06-24T03:22:31Z" name="Order9073" finished-at="2022-06-24T03:22:33Z" duration-ms="1905" status="PASS">
          <reporter-output>
          </reporter-output>
        </test-method> <!-- Order9073 -->
        <test-method is-config="true" signature="afterEachTestMethod(org.testng.ITestResult)[pri:0, instance:apps.pets.OrdersTest@34129c78]" started-at="2022-06-24T03:22:33Z" name="afterEachTestMethod" finished-at="2022-06-24T03:22:34Z" duration-ms="675" status="PASS">
          <params>
            <param index="0">
              <value>
                <![CDATA[[TestResult name=Order9073 status=SUCCESS method=OrdersTest.Order9073()[pri:0, instance:apps.pets.OrdersTest@34129c78] output={null}]]]>
              </value>
            </param>
          </params>
          <reporter-output>
          </reporter-output>
        </test-method> <!-- afterEachTestMethod -->
        <test-method is-config="true" signature="endLOG()[pri:0, instance:apps.pets.OrdersTest@34129c78]" started-at="2022-06-24T03:22:34Z" name="endLOG" finished-at="2022-06-24T03:22:34Z" duration-ms="1" status="PASS">
          <reporter-output>
          </reporter-output>
        </test-method> <!-- endLOG -->
        <test-method is-config="true" signature="setUp(boolean, java.lang.String, java.lang.String, java.lang.String, java.lang.String, java.lang.String, java.lang.String)[pri:0, instance:apps.pets.OrdersTest@34129c78]" started-at="2022-06-24T03:22:34Z" name="setUp" finished-at="2022-06-24T03:22:36Z" duration-ms="1651" status="PASS">
          <params>
            <param index="0">
              <value>
                <![CDATA[false]]>
              </value>
            </param>
            <param index="1">
              <value>
                <![CDATA[browserstack]]>
              </value>
            </param>
            <param index="2">
              <value>
                <![CDATA[windows]]>
              </value>
            </param>
            <param index="3">
              <value>
                <![CDATA[10]]>
              </value>
            </param>
            <param index="4">
              <value>
                <![CDATA[chrome]]>
              </value>
            </param>
            <param index="5">
              <value>
                <![CDATA[102]]>
              </value>
            </param>
            <param index="6">
              <value>
                <![CDATA[https://petstore.octoperf.com/]]>
              </value>
            </param>
          </params>
          <reporter-output>
          </reporter-output>
        </test-method> <!-- setUp -->
        <test-method is-config="true" signature="startExtent(java.lang.reflect.Method)[pri:0, instance:apps.pets.OrdersTest@34129c78]" started-at="2022-06-24T03:22:36Z" name="startExtent" finished-at="2022-06-24T03:22:36Z" duration-ms="0" status="PASS">
          <params>
            <param index="0">
              <value>
                <![CDATA[public void apps.pets.OrdersTest.Order9074()]]>
              </value>
            </param>
          </params>
          <reporter-output>
          </reporter-output>
        </test-method> <!-- startExtent -->
        <test-method signature="Order9074()[pri:0, instance:apps.pets.OrdersTest@34129c78]" started-at="2022-06-24T03:22:36Z" name="Order9074" finished-at="2022-06-24T03:22:38Z" duration-ms="1772" status="PASS">
          <reporter-output>
          </reporter-output>
        </test-method> <!-- Order9074 -->
        <test-method is-config="true" signature="afterEachTestMethod(org.testng.ITestResult)[pri:0, instance:apps.pets.OrdersTest@34129c78]" started-at="2022-06-24T03:22:38Z" name="afterEachTestMethod" finished-at="2022-06-24T03:22:38Z" duration-ms="674" status="PASS">
          <params>
            <param index="0">
              <value>
                <![CDATA[[TestResult name=Order9074 status=SUCCESS method=OrdersTest.Order9074()[pri:0, instance:apps.pets.OrdersTest@34129c78] output={null}]]]>
              </value>
            </param>
          </params>
          <reporter-output>
          </reporter-output>
        </test-method> <!-- afterEachTestMethod -->
        <test-method is-config="true" signature="endLOG()[pri:0, instance:apps.pets.OrdersTest@34129c78]" started-at="2022-06-24T03:22:38Z" name="endLOG" finished-at="2022-06-24T03:22:38Z" duration-ms="1" status="PASS">
          <reporter-output>
          </reporter-output>
        </test-method> <!-- endLOG -->
        <test-method is-config="true" signature="setUp(boolean, java.lang.String, java.lang.String, java.lang.String, java.lang.String, java.lang.String, java.lang.String)[pri:0, instance:apps.pets.OrdersTest@34129c78]" started-at="2022-06-24T03:22:38Z" name="setUp" finished-at="2022-06-24T03:22:40Z" duration-ms="1665" status="PASS">
          <params>
            <param index="0">
              <value>
                <![CDATA[false]]>
              </value>
            </param>
            <param index="1">
              <value>
                <![CDATA[browserstack]]>
              </value>
            </param>
            <param index="2">
              <value>
                <![CDATA[windows]]>
              </value>
            </param>
            <param index="3">
              <value>
                <![CDATA[10]]>
              </value>
            </param>
            <param index="4">
              <value>
                <![CDATA[chrome]]>
              </value>
            </param>
            <param index="5">
              <value>
                <![CDATA[102]]>
              </value>
            </param>
            <param index="6">
              <value>
                <![CDATA[https://petstore.octoperf.com/]]>
              </value>
            </param>
          </params>
          <reporter-output>
          </reporter-output>
        </test-method> <!-- setUp -->
        <test-method is-config="true" signature="startExtent(java.lang.reflect.Method)[pri:0, instance:apps.pets.OrdersTest@34129c78]" started-at="2022-06-24T03:22:40Z" name="startExtent" finished-at="2022-06-24T03:22:40Z" duration-ms="1" status="PASS">
          <params>
            <param index="0">
              <value>
                <![CDATA[public void apps.pets.OrdersTest.Order9078()]]>
              </value>
            </param>
          </params>
          <reporter-output>
          </reporter-output>
        </test-method> <!-- startExtent -->
        <test-method signature="Order9078()[pri:0, instance:apps.pets.OrdersTest@34129c78]" started-at="2022-06-24T03:22:40Z" name="Order9078" finished-at="2022-06-24T03:22:42Z" duration-ms="1918" status="PASS">
          <reporter-output>
          </reporter-output>
        </test-method> <!-- Order9078 -->
        <test-method is-config="true" signature="afterEachTestMethod(org.testng.ITestResult)[pri:0, instance:apps.pets.OrdersTest@34129c78]" started-at="2022-06-24T03:22:42Z" name="afterEachTestMethod" finished-at="2022-06-24T03:22:42Z" duration-ms="664" status="PASS">
          <params>
            <param index="0">
              <value>
                <![CDATA[[TestResult name=Order9078 status=SUCCESS method=OrdersTest.Order9078()[pri:0, instance:apps.pets.OrdersTest@34129c78] output={null}]]]>
              </value>
            </param>
          </params>
          <reporter-output>
          </reporter-output>
        </test-method> <!-- afterEachTestMethod -->
        <test-method is-config="true" signature="endLOG()[pri:0, instance:apps.pets.OrdersTest@34129c78]" started-at="2022-06-24T03:22:42Z" name="endLOG" finished-at="2022-06-24T03:22:42Z" duration-ms="1" status="PASS">
          <reporter-output>
          </reporter-output>
        </test-method> <!-- endLOG -->
        <test-method is-config="true" signature="setUp(boolean, java.lang.String, java.lang.String, java.lang.String, java.lang.String, java.lang.String, java.lang.String)[pri:0, instance:apps.pets.OrdersTest@34129c78]" started-at="2022-06-24T03:22:42Z" name="setUp" finished-at="2022-06-24T03:22:44Z" duration-ms="1636" status="PASS">
          <params>
            <param index="0">
              <value>
                <![CDATA[false]]>
              </value>
            </param>
            <param index="1">
              <value>
                <![CDATA[browserstack]]>
              </value>
            </param>
            <param index="2">
              <value>
                <![CDATA[windows]]>
              </value>
            </param>
            <param index="3">
              <value>
                <![CDATA[10]]>
              </value>
            </param>
            <param index="4">
              <value>
                <![CDATA[chrome]]>
              </value>
            </param>
            <param index="5">
              <value>
                <![CDATA[102]]>
              </value>
            </param>
            <param index="6">
              <value>
                <![CDATA[https://petstore.octoperf.com/]]>
              </value>
            </param>
          </params>
          <reporter-output>
          </reporter-output>
        </test-method> <!-- setUp -->
        <test-method is-config="true" signature="startExtent(java.lang.reflect.Method)[pri:0, instance:apps.pets.OrdersTest@34129c78]" started-at="2022-06-24T03:22:44Z" name="startExtent" finished-at="2022-06-24T03:22:44Z" duration-ms="0" status="PASS">
          <params>
            <param index="0">
              <value>
                <![CDATA[public void apps.pets.OrdersTest.Order9079()]]>
              </value>
            </param>
          </params>
          <reporter-output>
          </reporter-output>
        </test-method> <!-- startExtent -->
        <test-method signature="Order9079()[pri:0, instance:apps.pets.OrdersTest@34129c78]" started-at="2022-06-24T03:22:44Z" name="Order9079" finished-at="2022-06-24T03:22:46Z" duration-ms="1824" status="PASS">
          <reporter-output>
          </reporter-output>
        </test-method> <!-- Order9079 -->
        <test-method is-config="true" signature="afterEachTestMethod(org.testng.ITestResult)[pri:0, instance:apps.pets.OrdersTest@34129c78]" started-at="2022-06-24T03:22:46Z" name="afterEachTestMethod" finished-at="2022-06-24T03:22:47Z" duration-ms="665" status="PASS">
          <params>
            <param index="0">
              <value>
                <![CDATA[[TestResult name=Order9079 status=SUCCESS method=OrdersTest.Order9079()[pri:0, instance:apps.pets.OrdersTest@34129c78] output={null}]]]>
              </value>
            </param>
          </params>
          <reporter-output>
          </reporter-output>
        </test-method> <!-- afterEachTestMethod -->
        <test-method is-config="true" signature="endLOG()[pri:0, instance:apps.pets.OrdersTest@34129c78]" started-at="2022-06-24T03:22:47Z" name="endLOG" finished-at="2022-06-24T03:22:47Z" duration-ms="0" status="PASS">
          <reporter-output>
          </reporter-output>
        </test-method> <!-- endLOG -->
      </class> <!-- apps.pets.OrdersTest -->
    </test> <!-- PetStore -->
  </suite> <!-- Petstore smoke Petstore -->
</testng-results>
