<?xml version="1.0" encoding="UTF-8"?>
<testsuite xmlns:xsi="http://www.w3.org/2001/XMLSchema-instance" xsi:noNamespaceSchemaLocation="https://maven.apache.org/surefire/maven-surefire-plugin/xsd/surefire-test-report.xsd" name="TestSuite" time="426.163" tests="71" errors="0" skipped="0" failures="0">
  <properties>
[...]
</properties>
  <testcase name="FemaleGoldFishDesc" classname="apps.pets.FishTest" time="1.293"/>
  <testcase name="MaleGoldFishDesc" classname="apps.pets.FishTest" time="1.374"/>
  <testcase name="NonSpottedKoiDesc" classname="apps.pets.FishTest" time="1.408"/>
  <testcase name="SharkDesc" classname="apps.pets.FishTest" time="1.213"/>
  <testcase name="SpottedKoiDesc" classname="apps.pets.FishTest" time="1.168"/>
  <testcase name="largeAngelfishDesc" classname="apps.pets.FishTest" time="1.279"/>
  <testcase name="smallAngelfishDesc" classname="apps.pets.FishTest" time="1.203"/>
  <testcase name="AdultFemaleChihuahuaDesc" classname="apps.pets.DogsTest" time="1.2"/>
  <testcase name="AdultFemaleLabradorRetrieverDesc" classname="apps.pets.DogsTest" time="1.175"/>
  <testcase name="AdultMaleChihuahuaDesc" classname="apps.pets.DogsTest" time="1.257"/>
  <testcase name="AdultMaleLabradorRetrieverDesc" classname="apps.pets.DogsTest" time="1.256"/>
  <testcase name="FemalePuppyBulldogDesc" classname="apps.pets.DogsTest" time="1.337"/>
  <testcase name="GoldenRetrieverDesc" classname="apps.pets.DogsTest" time="1.341"/>
  <testcase name="MaleAdultBulldogDesc" classname="apps.pets.DogsTest" time="1.314"/>
  <testcase name="PoodleDesc" classname="apps.pets.DogsTest" time="1.164"/>
  <testcase name="SpotlessDalmationDesc" classname="apps.pets.DogsTest" time="1.224"/>
  <testcase name="SpottedDalmationDesc" classname="apps.pets.DogsTest" time="1.31"/>
  <testcase name="Create2ndAccount" classname="apps.pets.RegisterTest" time="7.176"/>
  <testcase name="InvalidRegisterAccount" classname="apps.pets.RegisterTest" time="1.811"/>
  <testcase name="RegisterAnAccount" classname="apps.pets.RegisterTest" time="1.843"/>
  <testcase name="Checkout" classname="apps.pets.CheckOutTest" time="12.103"/>
  <testcase name="CheckoutWithCardDropDown" classname="apps.pets.CheckOutTest" time="2.624"/>
  <testcase name="CheckoutWithShiptodifferentAddress" classname="apps.pets.CheckOutTest" time="4.904"/>
  <testcase name="FavoriteCategoryBirds" classname="apps.pets.AccountsTest" time="1.758"/>
  <testcase name="FavoriteCategoryCat" classname="apps.pets.AccountsTest" time="1.731"/>
  <testcase name="FavoriteCategoryDog" classname="apps.pets.AccountsTest" time="1.847"/>
  <testcase name="FavoriteCategoryFish" classname="apps.pets.AccountsTest" time="1.584"/>
  <testcase name="FavoriteCategoryReptiles" classname="apps.pets.AccountsTest" time="1.688"/>
  <testcase name="UpdateAccountPhoneNumber" classname="apps.pets.AccountsTest" time="18.346"/>
  <testcase name="UpdatepassWord" classname="apps.pets.AccountsTest" time="1.623"/>
  <testcase name="Release" classname="apps.pets.BlogTest" time="1.999"/>
  <testcase name="newtab" classname="apps.pets.BlogTest" time="1.427"/>
  <testcase name="FemalePersianCatDesc" classname="apps.pets.CatsTest" time="1.215"/>
  <testcase name="MalePersianCatDesc" classname="apps.pets.CatsTest" time="1.222"/>
  <testcase name="TailessManxCatDesc" classname="apps.pets.CatsTest" time="1.498"/>
  <testcase name="WithTailManxCatDesc" classname="apps.pets.CatsTest" time="1.16"/>
  <testcase name="GreenIguanaDesc" classname="apps.pets.ReptilesTest" time="1.212"/>
  <testcase name="RattlelessRattlesnakeDesc" classname="apps.pets.ReptilesTest" time="1.266"/>
  <testcase name="VenomlessRattlesnakeDesc" classname="apps.pets.ReptilesTest" time="1.175"/>
  <testcase name="AmazonParrotDesc" classname="apps.pets.BirdsTest" time="1.226"/>
  <testcase name="FinchDesc" classname="apps.pets.BirdsTest" time="1.16"/>
  <testcase name="Order219319" classname="apps.pets.OrdersTest" time="1.978"/>
  <testcase name="Order219350" classname="apps.pets.OrdersTest" time="1.76"/>
  <testcase name="Order85940" classname="apps.pets.OrdersTest" time="1.855"/>
  <testcase name="Order87422" classname="apps.pets.OrdersTest" time="1.742"/>
  <testcase name="Order9072" classname="apps.pets.OrdersTest" time="1.865"/>
  <testcase name="Order9073" classname="apps.pets.OrdersTest" time="1.905"/>
  <testcase name="Order9074" classname="apps.pets.OrdersTest" time="1.771"/>
  <testcase name="Order9078" classname="apps.pets.OrdersTest" time="1.919"/>
  <testcase name="Order9079" classname="apps.pets.OrdersTest" time="1.823"/>
  <testcase name="SearchInvaliditem" classname="apps.pets.SearchTest" time="2.677"/>
  <testcase name="SearchSnake" classname="apps.pets.SearchTest" time="2.922"/>
  <testcase name="SearchValiditem" classname="apps.pets.SearchTest" time="2.968"/>
  <testcase name="Searchmultiplepets" classname="apps.pets.SearchTest" time="26.157"/>
  <testcase name="searchMultiplePetsWithExcel" classname="apps.pets.SearchTest" time="27.563"/>
  <testcase name="BullDogCarted" classname="apps.pets.CartTest" time="1.375"/>
  <testcase name="Cart" classname="apps.pets.CartTest" time="0.696"/>
  <testcase name="LoggedinBullDogCarted" classname="apps.pets.CartTest" time="2.117"/>
  <testcase name="LoggedinParrotCart" classname="apps.pets.CartTest" time="2.297"/>
  <testcase name="LoggedinPersianCatCarted" classname="apps.pets.CartTest" time="2.12"/>
  <testcase name="LoggedinRattleSnakeCarted" classname="apps.pets.CartTest" time="2.08"/>
  <testcase name="LoggedinSharkCart" classname="apps.pets.CartTest" time="1.998"/>
  <testcase name="ParrotCarted" classname="apps.pets.CartTest" time="17.043"/>
  <testcase name="PersianCatCarted" classname="apps.pets.CartTest" time="1.394"/>
  <testcase name="RattleSnakeCarted" classname="apps.pets.CartTest" time="1.324"/>
  <testcase name="TigerSharkCarted" classname="apps.pets.CartTest" time="1.391"/>
  <testcase name="UpdateMaleBullDogQty" classname="apps.pets.CartTest" time="11.956"/>
  <testcase name="UpdateParrotQtyCart" classname="apps.pets.CartTest" time="9.982"/>
  <testcase name="UpdatePersianCatQty" classname="apps.pets.CartTest" time="10.231"/>
  <testcase name="UpdateSharkQtyCart" classname="apps.pets.CartTest" time="1.592"/>
  <testcase name="UpdateVenomlessSnakeQty" classname="apps.pets.CartTest" time="11.898"/>
</testsuite>