<?xml version="1.0" encoding="UTF-8"?>
<testng-results ignored="24" total="104" passed="80" failed="0" skipped="0">
  <reporter-output>
    <line>
      <![CDATA[Extent Report Directory C:\Users\17185\Downloads\Bootcamp\test-output\html]]>
    </line>
  </reporter-output>
  <suite started-at="2022-06-25T02:39:56Z" name="Petstore smoke Petstore" finished-at="2022-06-25T02:46:18Z" duration-ms="381561">
    <groups>
    </groups>
    <test started-at="2022-06-25T02:39:56Z" name="PetStore" finished-at="2022-06-25T02:46:18Z" duration-ms="381561">
      <class name="apps.pets.BlogTest">
        <test-method is-config="true" signature="setUp(boolean, java.lang.String, java.lang.String, java.lang.String, java.lang.String, java.lang.String, java.lang.String)[pri:0, instance:apps.pets.BlogTest@194fad1]" started-at="2022-06-25T02:42:34Z" name="setUp" finished-at="2022-06-25T02:42:36Z" duration-ms="1639" status="PASS">
          <params>
            <param index="0">
              <value>
                <![CDATA[false]]>
              </value>
            </param>
            <param index="1">
              <value>
                <![CDATA[browserstack]]>
              </value>
            </param>
            <param index="2">
              <value>
                <![CDATA[windows]]>
              </value>
            </param>
            <param index="3">
              <value>
                <![CDATA[10]]>
              </value>
            </param>
            <param index="4">
              <value>
                <![CDATA[chrome]]>
              </value>
            </param>
            <param index="5">
              <value>
                <![CDATA[102]]>
              </value>
            </param>
            <param index="6">
              <value>
                <![CDATA[https://petstore.octoperf.com/]]>
              </value>
            </param>
          </params>
          <reporter-output>
          </reporter-output>
        </test-method> <!-- setUp -->
        <test-method is-config="true" signature="startExtent(java.lang.reflect.Method)[pri:0, instance:apps.pets.BlogTest@194fad1]" started-at="2022-06-25T02:42:36Z" name="startExtent" finished-at="2022-06-25T02:42:36Z" duration-ms="0" status="PASS">
          <params>
            <param index="0">
              <value>
                <![CDATA[public void apps.pets.BlogTest.Release()]]>
              </value>
            </param>
          </params>
          <reporter-output>
          </reporter-output>
        </test-method> <!-- startExtent -->
        <test-method signature="Release()[pri:0, instance:apps.pets.BlogTest@194fad1]" started-at="2022-06-25T02:42:36Z" name="Release" finished-at="2022-06-25T02:42:37Z" duration-ms="1829" status="PASS">
          <reporter-output>
          </reporter-output>
        </test-method> <!-- Release -->
        <test-method is-config="true" signature="afterEachTestMethod(org.testng.ITestResult)[pri:0, instance:apps.pets.BlogTest@194fad1]" started-at="2022-06-25T02:42:37Z" name="afterEachTestMethod" finished-at="2022-06-25T02:42:38Z" duration-ms="684" status="PASS">
          <params>
            <param index="0">
              <value>
                <![CDATA[[TestResult name=Release status=SUCCESS method=BlogTest.Release()[pri:0, instance:apps.pets.BlogTest@194fad1] output={null}]]]>
              </value>
            </param>
          </params>
          <reporter-output>
          </reporter-output>
        </test-method> <!-- afterEachTestMethod -->
        <test-method is-config="true" signature="endLOG()[pri:0, instance:apps.pets.BlogTest@194fad1]" started-at="2022-06-25T02:42:38Z" name="endLOG" finished-at="2022-06-25T02:42:38Z" duration-ms="1" status="PASS">
          <reporter-output>
          </reporter-output>
        </test-method> <!-- endLOG -->
        <test-method is-config="true" signature="setUp(boolean, java.lang.String, java.lang.String, java.lang.String, java.lang.String, java.lang.String, java.lang.String)[pri:0, instance:apps.pets.BlogTest@194fad1]" started-at="2022-06-25T02:42:38Z" name="setUp" finished-at="2022-06-25T02:42:40Z" duration-ms="1591" status="PASS">
          <params>
            <param index="0">
              <value>
                <![CDATA[false]]>
              </value>
            </param>
            <param index="1">
              <value>
                <![CDATA[browserstack]]>
              </value>
            </param>
            <param index="2">
              <value>
                <![CDATA[windows]]>
              </value>
            </param>
            <param index="3">
              <value>
                <![CDATA[10]]>
              </value>
            </param>
            <param index="4">
              <value>
                <![CDATA[chrome]]>
              </value>
            </param>
            <param index="5">
              <value>
                <![CDATA[102]]>
              </value>
            </param>
            <param index="6">
              <value>
                <![CDATA[https://petstore.octoperf.com/]]>
              </value>
            </param>
          </params>
          <reporter-output>
          </reporter-output>
        </test-method> <!-- setUp -->
        <test-method signature="newtab()[pri:0, instance:apps.pets.BlogTest@194fad1]" started-at="2022-06-25T02:42:40Z" name="newtab" finished-at="2022-06-25T02:42:41Z" duration-ms="1206" status="PASS">
          <reporter-output>
          </reporter-output>
        </test-method> <!-- newtab -->
        <test-method is-config="true" signature="startExtent(java.lang.reflect.Method)[pri:0, instance:apps.pets.BlogTest@194fad1]" started-at="2022-06-25T02:42:40Z" name="startExtent" finished-at="2022-06-25T02:42:40Z" duration-ms="0" status="PASS">
          <params>
            <param index="0">
              <value>
                <![CDATA[public void apps.pets.BlogTest.newtab()]]>
              </value>
            </param>
          </params>
          <reporter-output>
          </reporter-output>
        </test-method> <!-- startExtent -->
        <test-method is-config="true" signature="afterEachTestMethod(org.testng.ITestResult)[pri:0, instance:apps.pets.BlogTest@194fad1]" started-at="2022-06-25T02:42:41Z" name="afterEachTestMethod" finished-at="2022-06-25T02:42:42Z" duration-ms="666" status="PASS">
          <params>
            <param index="0">
              <value>
                <![CDATA[[TestResult name=newtab status=SUCCESS method=BlogTest.newtab()[pri:0, instance:apps.pets.BlogTest@194fad1] output={null}]]]>
              </value>
            </param>
          </params>
          <reporter-output>
          </reporter-output>
        </test-method> <!-- afterEachTestMethod -->
        <test-method is-config="true" signature="endLOG()[pri:0, instance:apps.pets.BlogTest@194fad1]" started-at="2022-06-25T02:42:42Z" name="endLOG" finished-at="2022-06-25T02:42:42Z" duration-ms="1" status="PASS">
          <reporter-output>
          </reporter-output>
        </test-method> <!-- endLOG -->
      </class> <!-- apps.pets.BlogTest -->
      <class name="apps.pets.SearchTest">
        <test-method is-config="true" signature="setUp(boolean, java.lang.String, java.lang.String, java.lang.String, java.lang.String, java.lang.String, java.lang.String)[pri:0, instance:apps.pets.SearchTest@38467116]" started-at="2022-06-25T02:43:48Z" name="setUp" finished-at="2022-06-25T02:43:49Z" duration-ms="1599" status="PASS">
          <params>
            <param index="0">
              <value>
                <![CDATA[false]]>
              </value>
            </param>
            <param index="1">
              <value>
                <![CDATA[browserstack]]>
              </value>
            </param>
            <param index="2">
              <value>
                <![CDATA[windows]]>
              </value>
            </param>
            <param index="3">
              <value>
                <![CDATA[10]]>
              </value>
            </param>
            <param index="4">
              <value>
                <![CDATA[chrome]]>
              </value>
            </param>
            <param index="5">
              <value>
                <![CDATA[102]]>
              </value>
            </param>
            <param index="6">
              <value>
                <![CDATA[https://petstore.octoperf.com/]]>
              </value>
            </param>
          </params>
          <reporter-output>
          </reporter-output>
        </test-method> <!-- setUp -->
        <test-method is-config="true" signature="startExtent(java.lang.reflect.Method)[pri:0, instance:apps.pets.SearchTest@38467116]" started-at="2022-06-25T02:43:49Z" name="startExtent" finished-at="2022-06-25T02:43:49Z" duration-ms="0" status="PASS">
          <params>
            <param index="0">
              <value>
                <![CDATA[public void apps.pets.SearchTest.SearchInvaliditem()]]>
              </value>
            </param>
          </params>
          <reporter-output>
          </reporter-output>
        </test-method> <!-- startExtent -->
        <test-method signature="SearchInvaliditem()[pri:0, instance:apps.pets.SearchTest@38467116]" started-at="2022-06-25T02:43:49Z" name="SearchInvaliditem" finished-at="2022-06-25T02:43:52Z" duration-ms="2691" status="PASS">
          <reporter-output>
          </reporter-output>
        </test-method> <!-- SearchInvaliditem -->
        <test-method is-config="true" signature="afterEachTestMethod(org.testng.ITestResult)[pri:0, instance:apps.pets.SearchTest@38467116]" started-at="2022-06-25T02:43:52Z" name="afterEachTestMethod" finished-at="2022-06-25T02:43:53Z" duration-ms="678" status="PASS">
          <params>
            <param index="0">
              <value>
                <![CDATA[[TestResult name=SearchInvaliditem status=SUCCESS method=SearchTest.SearchInvaliditem()[pri:0, instance:apps.pets.SearchTest@38467116] output={null}]]]>
              </value>
            </param>
          </params>
          <reporter-output>
          </reporter-output>
        </test-method> <!-- afterEachTestMethod -->
        <test-method is-config="true" signature="setUp(boolean, java.lang.String, java.lang.String, java.lang.String, java.lang.String, java.lang.String, java.lang.String)[pri:0, instance:apps.pets.SearchTest@38467116]" started-at="2022-06-25T02:43:53Z" name="setUp" finished-at="2022-06-25T02:43:54Z" duration-ms="1607" status="PASS">
          <params>
            <param index="0">
              <value>
                <![CDATA[false]]>
              </value>
            </param>
            <param index="1">
              <value>
                <![CDATA[browserstack]]>
              </value>
            </param>
            <param index="2">
              <value>
                <![CDATA[windows]]>
              </value>
            </param>
            <param index="3">
              <value>
                <![CDATA[10]]>
              </value>
            </param>
            <param index="4">
              <value>
                <![CDATA[chrome]]>
              </value>
            </param>
            <param index="5">
              <value>
                <![CDATA[102]]>
              </value>
            </param>
            <param index="6">
              <value>
                <![CDATA[https://petstore.octoperf.com/]]>
              </value>
            </param>
          </params>
          <reporter-output>
          </reporter-output>
        </test-method> <!-- setUp -->
        <test-method is-config="true" signature="endLOG()[pri:0, instance:apps.pets.SearchTest@38467116]" started-at="2022-06-25T02:43:53Z" name="endLOG" finished-at="2022-06-25T02:43:53Z" duration-ms="0" status="PASS">
          <reporter-output>
          </reporter-output>
        </test-method> <!-- endLOG -->
        <test-method signature="SearchSnake()[pri:0, instance:apps.pets.SearchTest@38467116]" started-at="2022-06-25T02:43:54Z" name="SearchSnake" finished-at="2022-06-25T02:43:57Z" duration-ms="2890" status="PASS">
          <reporter-output>
          </reporter-output>
        </test-method> <!-- SearchSnake -->
        <test-method is-config="true" signature="startExtent(java.lang.reflect.Method)[pri:0, instance:apps.pets.SearchTest@38467116]" started-at="2022-06-25T02:43:54Z" name="startExtent" finished-at="2022-06-25T02:43:54Z" duration-ms="0" status="PASS">
          <params>
            <param index="0">
              <value>
                <![CDATA[public void apps.pets.SearchTest.SearchSnake()]]>
              </value>
            </param>
          </params>
          <reporter-output>
          </reporter-output>
        </test-method> <!-- startExtent -->
        <test-method is-config="true" signature="afterEachTestMethod(org.testng.ITestResult)[pri:0, instance:apps.pets.SearchTest@38467116]" started-at="2022-06-25T02:43:57Z" name="afterEachTestMethod" finished-at="2022-06-25T02:43:58Z" duration-ms="674" status="PASS">
          <params>
            <param index="0">
              <value>
                <![CDATA[[TestResult name=SearchSnake status=SUCCESS method=SearchTest.SearchSnake()[pri:0, instance:apps.pets.SearchTest@38467116] output={null}]]]>
              </value>
            </param>
          </params>
          <reporter-output>
          </reporter-output>
        </test-method> <!-- afterEachTestMethod -->
        <test-method is-config="true" signature="endLOG()[pri:0, instance:apps.pets.SearchTest@38467116]" started-at="2022-06-25T02:43:58Z" name="endLOG" finished-at="2022-06-25T02:43:58Z" duration-ms="0" status="PASS">
          <reporter-output>
          </reporter-output>
        </test-method> <!-- endLOG -->
        <test-method is-config="true" signature="setUp(boolean, java.lang.String, java.lang.String, java.lang.String, java.lang.String, java.lang.String, java.lang.String)[pri:0, instance:apps.pets.SearchTest@38467116]" started-at="2022-06-25T02:43:58Z" name="setUp" finished-at="2022-06-25T02:44:00Z" duration-ms="1647" status="PASS">
          <params>
            <param index="0">
              <value>
                <![CDATA[false]]>
              </value>
            </param>
            <param index="1">
              <value>
                <![CDATA[browserstack]]>
              </value>
            </param>
            <param index="2">
              <value>
                <![CDATA[windows]]>
              </value>
            </param>
            <param index="3">
              <value>
                <![CDATA[10]]>
              </value>
            </param>
            <param index="4">
              <value>
                <![CDATA[chrome]]>
              </value>
            </param>
            <param index="5">
              <value>
                <![CDATA[102]]>
              </value>
            </param>
            <param index="6">
              <value>
                <![CDATA[https://petstore.octoperf.com/]]>
              </value>
            </param>
          </params>
          <reporter-output>
          </reporter-output>
        </test-method> <!-- setUp -->
        <test-method signature="SearchValiditem()[pri:0, instance:apps.pets.SearchTest@38467116]" started-at="2022-06-25T02:44:00Z" name="SearchValiditem" finished-at="2022-06-25T02:44:03Z" duration-ms="2906" status="PASS">
          <reporter-output>
          </reporter-output>
        </test-method> <!-- SearchValiditem -->
        <test-method is-config="true" signature="startExtent(java.lang.reflect.Method)[pri:0, instance:apps.pets.SearchTest@38467116]" started-at="2022-06-25T02:44:00Z" name="startExtent" finished-at="2022-06-25T02:44:00Z" duration-ms="0" status="PASS">
          <params>
            <param index="0">
              <value>
                <![CDATA[public void apps.pets.SearchTest.SearchValiditem()]]>
              </value>
            </param>
          </params>
          <reporter-output>
          </reporter-output>
        </test-method> <!-- startExtent -->
        <test-method is-config="true" signature="afterEachTestMethod(org.testng.ITestResult)[pri:0, instance:apps.pets.SearchTest@38467116]" started-at="2022-06-25T02:44:03Z" name="afterEachTestMethod" finished-at="2022-06-25T02:44:03Z" duration-ms="662" status="PASS">
          <params>
            <param index="0">
              <value>
                <![CDATA[[TestResult name=SearchValiditem status=SUCCESS method=SearchTest.SearchValiditem()[pri:0, instance:apps.pets.SearchTest@38467116] output={null}]]]>
              </value>
            </param>
          </params>
          <reporter-output>
          </reporter-output>
        </test-method> <!-- afterEachTestMethod -->
        <test-method is-config="true" signature="endLOG()[pri:0, instance:apps.pets.SearchTest@38467116]" started-at="2022-06-25T02:44:03Z" name="endLOG" finished-at="2022-06-25T02:44:03Z" duration-ms="1" status="PASS">
          <reporter-output>
          </reporter-output>
        </test-method> <!-- endLOG -->
        <test-method is-config="true" signature="setUp(boolean, java.lang.String, java.lang.String, java.lang.String, java.lang.String, java.lang.String, java.lang.String)[pri:0, instance:apps.pets.SearchTest@38467116]" started-at="2022-06-25T02:44:03Z" name="setUp" finished-at="2022-06-25T02:44:05Z" duration-ms="1611" status="PASS">
          <params>
            <param index="0">
              <value>
                <![CDATA[false]]>
              </value>
            </param>
            <param index="1">
              <value>
                <![CDATA[browserstack]]>
              </value>
            </param>
            <param index="2">
              <value>
                <![CDATA[windows]]>
              </value>
            </param>
            <param index="3">
              <value>
                <![CDATA[10]]>
              </value>
            </param>
            <param index="4">
              <value>
                <![CDATA[chrome]]>
              </value>
            </param>
            <param index="5">
              <value>
                <![CDATA[102]]>
              </value>
            </param>
            <param index="6">
              <value>
                <![CDATA[https://petstore.octoperf.com/]]>
              </value>
            </param>
          </params>
          <reporter-output>
          </reporter-output>
        </test-method> <!-- setUp -->
        <test-method signature="Searchmultiplepets()[pri:0, instance:apps.pets.SearchTest@38467116]" started-at="2022-06-25T02:44:05Z" name="Searchmultiplepets" finished-at="2022-06-25T02:44:30Z" duration-ms="25585" status="PASS">
          <reporter-output>
          </reporter-output>
        </test-method> <!-- Searchmultiplepets -->
        <test-method is-config="true" signature="startExtent(java.lang.reflect.Method)[pri:0, instance:apps.pets.SearchTest@38467116]" started-at="2022-06-25T02:44:05Z" name="startExtent" finished-at="2022-06-25T02:44:05Z" duration-ms="0" status="PASS">
          <params>
            <param index="0">
              <value>
                <![CDATA[public void apps.pets.SearchTest.Searchmultiplepets()]]>
              </value>
            </param>
          </params>
          <reporter-output>
          </reporter-output>
        </test-method> <!-- startExtent -->
        <test-method is-config="true" signature="afterEachTestMethod(org.testng.ITestResult)[pri:0, instance:apps.pets.SearchTest@38467116]" started-at="2022-06-25T02:44:30Z" name="afterEachTestMethod" finished-at="2022-06-25T02:44:31Z" duration-ms="671" status="PASS">
          <params>
            <param index="0">
              <value>
                <![CDATA[[TestResult name=Searchmultiplepets status=SUCCESS method=SearchTest.Searchmultiplepets()[pri:0, instance:apps.pets.SearchTest@38467116] output={null}]]]>
              </value>
            </param>
          </params>
          <reporter-output>
          </reporter-output>
        </test-method> <!-- afterEachTestMethod -->
        <test-method is-config="true" signature="endLOG()[pri:0, instance:apps.pets.SearchTest@38467116]" started-at="2022-06-25T02:44:31Z" name="endLOG" finished-at="2022-06-25T02:44:31Z" duration-ms="1" status="PASS">
          <reporter-output>
          </reporter-output>
        </test-method> <!-- endLOG -->
        <test-method is-config="true" signature="setUp(boolean, java.lang.String, java.lang.String, java.lang.String, java.lang.String, java.lang.String, java.lang.String)[pri:0, instance:apps.pets.SearchTest@38467116]" started-at="2022-06-25T02:44:31Z" name="setUp" finished-at="2022-06-25T02:44:33Z" duration-ms="1765" status="PASS">
          <params>
            <param index="0">
              <value>
                <![CDATA[false]]>
              </value>
            </param>
            <param index="1">
              <value>
                <![CDATA[browserstack]]>
              </value>
            </param>
            <param index="2">
              <value>
                <![CDATA[windows]]>
              </value>
            </param>
            <param index="3">
              <value>
                <![CDATA[10]]>
              </value>
            </param>
            <param index="4">
              <value>
                <![CDATA[chrome]]>
              </value>
            </param>
            <param index="5">
              <value>
                <![CDATA[102]]>
              </value>
            </param>
            <param index="6">
              <value>
                <![CDATA[https://petstore.octoperf.com/]]>
              </value>
            </param>
          </params>
          <reporter-output>
          </reporter-output>
        </test-method> <!-- setUp -->
        <test-method signature="searchMultiplePetsWithExcel()[pri:0, instance:apps.pets.SearchTest@38467116]" started-at="2022-06-25T02:44:33Z" name="searchMultiplePetsWithExcel" finished-at="2022-06-25T02:44:59Z" duration-ms="26662" status="PASS">
          <reporter-output>
          </reporter-output>
        </test-method> <!-- searchMultiplePetsWithExcel -->
        <test-method is-config="true" signature="startExtent(java.lang.reflect.Method)[pri:0, instance:apps.pets.SearchTest@38467116]" started-at="2022-06-25T02:44:33Z" name="startExtent" finished-at="2022-06-25T02:44:33Z" duration-ms="0" status="PASS">
          <params>
            <param index="0">
              <value>
                <![CDATA[public void apps.pets.SearchTest.searchMultiplePetsWithExcel()]]>
              </value>
            </param>
          </params>
          <reporter-output>
          </reporter-output>
        </test-method> <!-- startExtent -->
        <test-method is-config="true" signature="afterEachTestMethod(org.testng.ITestResult)[pri:0, instance:apps.pets.SearchTest@38467116]" started-at="2022-06-25T02:44:59Z" name="afterEachTestMethod" finished-at="2022-06-25T02:45:00Z" duration-ms="706" status="PASS">
          <params>
            <param index="0">
              <value>
                <![CDATA[[TestResult name=searchMultiplePetsWithExcel status=SUCCESS method=SearchTest.searchMultiplePetsWithExcel()[pri:0, instance:apps.pets.SearchTest@38467116] output={null}]]]>
              </value>
            </param>
          </params>
          <reporter-output>
          </reporter-output>
        </test-method> <!-- afterEachTestMethod -->
        <test-method is-config="true" signature="endLOG()[pri:0, instance:apps.pets.SearchTest@38467116]" started-at="2022-06-25T02:45:00Z" name="endLOG" finished-at="2022-06-25T02:45:00Z" duration-ms="0" status="PASS">
          <reporter-output>
          </reporter-output>
        </test-method> <!-- endLOG -->
      </class> <!-- apps.pets.SearchTest -->
      <class name="apps.pets.ReptilesTest">
        <test-method is-config="true" signature="setUp(boolean, java.lang.String, java.lang.String, java.lang.String, java.lang.String, java.lang.String, java.lang.String)[pri:0, instance:apps.pets.ReptilesTest@72c8e7b]" started-at="2022-06-25T02:42:55Z" name="setUp" finished-at="2022-06-25T02:42:57Z" duration-ms="1630" status="PASS">
          <params>
            <param index="0">
              <value>
                <![CDATA[false]]>
              </value>
            </param>
            <param index="1">
              <value>
                <![CDATA[browserstack]]>
              </value>
            </param>
            <param index="2">
              <value>
                <![CDATA[windows]]>
              </value>
            </param>
            <param index="3">
              <value>
                <![CDATA[10]]>
              </value>
            </param>
            <param index="4">
              <value>
                <![CDATA[chrome]]>
              </value>
            </param>
            <param index="5">
              <value>
                <![CDATA[102]]>
              </value>
            </param>
            <param index="6">
              <value>
                <![CDATA[https://petstore.octoperf.com/]]>
              </value>
            </param>
          </params>
          <reporter-output>
          </reporter-output>
        </test-method> <!-- setUp -->
        <test-method is-config="true" signature="startExtent(java.lang.reflect.Method)[pri:0, instance:apps.pets.ReptilesTest@72c8e7b]" started-at="2022-06-25T02:42:57Z" name="startExtent" finished-at="2022-06-25T02:42:57Z" duration-ms="1" status="PASS">
          <params>
            <param index="0">
              <value>
                <![CDATA[public void apps.pets.ReptilesTest.GreenIguanaDesc()]]>
              </value>
            </param>
          </params>
          <reporter-output>
          </reporter-output>
        </test-method> <!-- startExtent -->
        <test-method signature="GreenIguanaDesc()[pri:0, instance:apps.pets.ReptilesTest@72c8e7b]" started-at="2022-06-25T02:42:57Z" name="GreenIguanaDesc" finished-at="2022-06-25T02:42:58Z" duration-ms="1061" status="PASS">
          <reporter-output>
          </reporter-output>
        </test-method> <!-- GreenIguanaDesc -->
        <test-method is-config="true" signature="afterEachTestMethod(org.testng.ITestResult)[pri:0, instance:apps.pets.ReptilesTest@72c8e7b]" started-at="2022-06-25T02:42:58Z" name="afterEachTestMethod" finished-at="2022-06-25T02:42:59Z" duration-ms="657" status="PASS">
          <params>
            <param index="0">
              <value>
                <![CDATA[[TestResult name=GreenIguanaDesc status=SUCCESS method=ReptilesTest.GreenIguanaDesc()[pri:0, instance:apps.pets.ReptilesTest@72c8e7b] output={null}]]]>
              </value>
            </param>
          </params>
          <reporter-output>
          </reporter-output>
        </test-method> <!-- afterEachTestMethod -->
        <test-method is-config="true" signature="endLOG()[pri:0, instance:apps.pets.ReptilesTest@72c8e7b]" started-at="2022-06-25T02:42:59Z" name="endLOG" finished-at="2022-06-25T02:42:59Z" duration-ms="1" status="PASS">
          <reporter-output>
          </reporter-output>
        </test-method> <!-- endLOG -->
        <test-method is-config="true" signature="setUp(boolean, java.lang.String, java.lang.String, java.lang.String, java.lang.String, java.lang.String, java.lang.String)[pri:0, instance:apps.pets.ReptilesTest@72c8e7b]" started-at="2022-06-25T02:42:59Z" name="setUp" finished-at="2022-06-25T02:43:00Z" duration-ms="1611" status="PASS">
          <params>
            <param index="0">
              <value>
                <![CDATA[false]]>
              </value>
            </param>
            <param index="1">
              <value>
                <![CDATA[browserstack]]>
              </value>
            </param>
            <param index="2">
              <value>
                <![CDATA[windows]]>
              </value>
            </param>
            <param index="3">
              <value>
                <![CDATA[10]]>
              </value>
            </param>
            <param index="4">
              <value>
                <![CDATA[chrome]]>
              </value>
            </param>
            <param index="5">
              <value>
                <![CDATA[102]]>
              </value>
            </param>
            <param index="6">
              <value>
                <![CDATA[https://petstore.octoperf.com/]]>
              </value>
            </param>
          </params>
          <reporter-output>
          </reporter-output>
        </test-method> <!-- setUp -->
        <test-method signature="RattlelessRattlesnakeDesc()[pri:0, instance:apps.pets.ReptilesTest@72c8e7b]" started-at="2022-06-25T02:43:00Z" name="RattlelessRattlesnakeDesc" finished-at="2022-06-25T02:43:01Z" duration-ms="1088" status="PASS">
          <reporter-output>
          </reporter-output>
        </test-method> <!-- RattlelessRattlesnakeDesc -->
        <test-method is-config="true" signature="startExtent(java.lang.reflect.Method)[pri:0, instance:apps.pets.ReptilesTest@72c8e7b]" started-at="2022-06-25T02:43:00Z" name="startExtent" finished-at="2022-06-25T02:43:00Z" duration-ms="0" status="PASS">
          <params>
            <param index="0">
              <value>
                <![CDATA[public void apps.pets.ReptilesTest.RattlelessRattlesnakeDesc()]]>
              </value>
            </param>
          </params>
          <reporter-output>
          </reporter-output>
        </test-method> <!-- startExtent -->
        <test-method is-config="true" signature="afterEachTestMethod(org.testng.ITestResult)[pri:0, instance:apps.pets.ReptilesTest@72c8e7b]" started-at="2022-06-25T02:43:01Z" name="afterEachTestMethod" finished-at="2022-06-25T02:43:02Z" duration-ms="654" status="PASS">
          <params>
            <param index="0">
              <value>
                <![CDATA[[TestResult name=RattlelessRattlesnakeDesc status=SUCCESS method=ReptilesTest.RattlelessRattlesnakeDesc()[pri:0, instance:apps.pets.ReptilesTest@72c8e7b] output={null}]]]>
              </value>
            </param>
          </params>
          <reporter-output>
          </reporter-output>
        </test-method> <!-- afterEachTestMethod -->
        <test-method is-config="true" signature="setUp(boolean, java.lang.String, java.lang.String, java.lang.String, java.lang.String, java.lang.String, java.lang.String)[pri:0, instance:apps.pets.ReptilesTest@72c8e7b]" started-at="2022-06-25T02:43:02Z" name="setUp" finished-at="2022-06-25T02:43:04Z" duration-ms="1655" status="PASS">
          <params>
            <param index="0">
              <value>
                <![CDATA[false]]>
              </value>
            </param>
            <param index="1">
              <value>
                <![CDATA[browserstack]]>
              </value>
            </param>
            <param index="2">
              <value>
                <![CDATA[windows]]>
              </value>
            </param>
            <param index="3">
              <value>
                <![CDATA[10]]>
              </value>
            </param>
            <param index="4">
              <value>
                <![CDATA[chrome]]>
              </value>
            </param>
            <param index="5">
              <value>
                <![CDATA[102]]>
              </value>
            </param>
            <param index="6">
              <value>
                <![CDATA[https://petstore.octoperf.com/]]>
              </value>
            </param>
          </params>
          <reporter-output>
          </reporter-output>
        </test-method> <!-- setUp -->
        <test-method is-config="true" signature="endLOG()[pri:0, instance:apps.pets.ReptilesTest@72c8e7b]" started-at="2022-06-25T02:43:02Z" name="endLOG" finished-at="2022-06-25T02:43:02Z" duration-ms="0" status="PASS">
          <reporter-output>
          </reporter-output>
        </test-method> <!-- endLOG -->
        <test-method is-config="true" signature="startExtent(java.lang.reflect.Method)[pri:0, instance:apps.pets.ReptilesTest@72c8e7b]" started-at="2022-06-25T02:43:04Z" name="startExtent" finished-at="2022-06-25T02:43:04Z" duration-ms="0" status="PASS">
          <params>
            <param index="0">
              <value>
                <![CDATA[public void apps.pets.ReptilesTest.VenomlessRattlesnakeDesc()]]>
              </value>
            </param>
          </params>
          <reporter-output>
          </reporter-output>
        </test-method> <!-- startExtent -->
        <test-method signature="VenomlessRattlesnakeDesc()[pri:0, instance:apps.pets.ReptilesTest@72c8e7b]" started-at="2022-06-25T02:43:04Z" name="VenomlessRattlesnakeDesc" finished-at="2022-06-25T02:43:05Z" duration-ms="1086" status="PASS">
          <reporter-output>
          </reporter-output>
        </test-method> <!-- VenomlessRattlesnakeDesc -->
        <test-method is-config="true" signature="afterEachTestMethod(org.testng.ITestResult)[pri:0, instance:apps.pets.ReptilesTest@72c8e7b]" started-at="2022-06-25T02:43:05Z" name="afterEachTestMethod" finished-at="2022-06-25T02:43:05Z" duration-ms="656" status="PASS">
          <params>
            <param index="0">
              <value>
                <![CDATA[[TestResult name=VenomlessRattlesnakeDesc status=SUCCESS method=ReptilesTest.VenomlessRattlesnakeDesc()[pri:0, instance:apps.pets.ReptilesTest@72c8e7b] output={null}]]]>
              </value>
            </param>
          </params>
          <reporter-output>
          </reporter-output>
        </test-method> <!-- afterEachTestMethod -->
        <test-method is-config="true" signature="endLOG()[pri:0, instance:apps.pets.ReptilesTest@72c8e7b]" started-at="2022-06-25T02:43:05Z" name="endLOG" finished-at="2022-06-25T02:43:05Z" duration-ms="1" status="PASS">
          <reporter-output>
          </reporter-output>
        </test-method> <!-- endLOG -->
      </class> <!-- apps.pets.ReptilesTest -->
      <class name="apps.pets.CatsTest">
        <test-method is-config="true" signature="setUp(boolean, java.lang.String, java.lang.String, java.lang.String, java.lang.String, java.lang.String, java.lang.String)[pri:0, instance:apps.pets.CatsTest@26abb146]" started-at="2022-06-25T02:42:42Z" name="setUp" finished-at="2022-06-25T02:42:43Z" duration-ms="1596" status="PASS">
          <params>
            <param index="0">
              <value>
                <![CDATA[false]]>
              </value>
            </param>
            <param index="1">
              <value>
                <![CDATA[browserstack]]>
              </value>
            </param>
            <param index="2">
              <value>
                <![CDATA[windows]]>
              </value>
            </param>
            <param index="3">
              <value>
                <![CDATA[10]]>
              </value>
            </param>
            <param index="4">
              <value>
                <![CDATA[chrome]]>
              </value>
            </param>
            <param index="5">
              <value>
                <![CDATA[102]]>
              </value>
            </param>
            <param index="6">
              <value>
                <![CDATA[https://petstore.octoperf.com/]]>
              </value>
            </param>
          </params>
          <reporter-output>
          </reporter-output>
        </test-method> <!-- setUp -->
        <test-method signature="FemalePersianCatDesc()[pri:0, instance:apps.pets.CatsTest@26abb146]" started-at="2022-06-25T02:42:43Z" name="FemalePersianCatDesc" finished-at="2022-06-25T02:42:44Z" duration-ms="1213" status="PASS">
          <reporter-output>
          </reporter-output>
        </test-method> <!-- FemalePersianCatDesc -->
        <test-method is-config="true" signature="startExtent(java.lang.reflect.Method)[pri:0, instance:apps.pets.CatsTest@26abb146]" started-at="2022-06-25T02:42:43Z" name="startExtent" finished-at="2022-06-25T02:42:43Z" duration-ms="0" status="PASS">
          <params>
            <param index="0">
              <value>
                <![CDATA[public void apps.pets.CatsTest.FemalePersianCatDesc()]]>
              </value>
            </param>
          </params>
          <reporter-output>
          </reporter-output>
        </test-method> <!-- startExtent -->
        <test-method is-config="true" signature="afterEachTestMethod(org.testng.ITestResult)[pri:0, instance:apps.pets.CatsTest@26abb146]" started-at="2022-06-25T02:42:44Z" name="afterEachTestMethod" finished-at="2022-06-25T02:42:45Z" duration-ms="636" status="PASS">
          <params>
            <param index="0">
              <value>
                <![CDATA[[TestResult name=FemalePersianCatDesc status=SUCCESS method=CatsTest.FemalePersianCatDesc()[pri:0, instance:apps.pets.CatsTest@26abb146] output={null}]]]>
              </value>
            </param>
          </params>
          <reporter-output>
          </reporter-output>
        </test-method> <!-- afterEachTestMethod -->
        <test-method is-config="true" signature="endLOG()[pri:0, instance:apps.pets.CatsTest@26abb146]" started-at="2022-06-25T02:42:45Z" name="endLOG" finished-at="2022-06-25T02:42:45Z" duration-ms="0" status="PASS">
          <reporter-output>
          </reporter-output>
        </test-method> <!-- endLOG -->
        <test-method is-config="true" signature="setUp(boolean, java.lang.String, java.lang.String, java.lang.String, java.lang.String, java.lang.String, java.lang.String)[pri:0, instance:apps.pets.CatsTest@26abb146]" started-at="2022-06-25T02:42:45Z" name="setUp" finished-at="2022-06-25T02:42:47Z" duration-ms="1641" status="PASS">
          <params>
            <param index="0">
              <value>
                <![CDATA[false]]>
              </value>
            </param>
            <param index="1">
              <value>
                <![CDATA[browserstack]]>
              </value>
            </param>
            <param index="2">
              <value>
                <![CDATA[windows]]>
              </value>
            </param>
            <param index="3">
              <value>
                <![CDATA[10]]>
              </value>
            </param>
            <param index="4">
              <value>
                <![CDATA[chrome]]>
              </value>
            </param>
            <param index="5">
              <value>
                <![CDATA[102]]>
              </value>
            </param>
            <param index="6">
              <value>
                <![CDATA[https://petstore.octoperf.com/]]>
              </value>
            </param>
          </params>
          <reporter-output>
          </reporter-output>
        </test-method> <!-- setUp -->
        <test-method is-config="true" signature="startExtent(java.lang.reflect.Method)[pri:0, instance:apps.pets.CatsTest@26abb146]" started-at="2022-06-25T02:42:47Z" name="startExtent" finished-at="2022-06-25T02:42:47Z" duration-ms="0" status="PASS">
          <params>
            <param index="0">
              <value>
                <![CDATA[public void apps.pets.CatsTest.MalePersianCatDesc()]]>
              </value>
            </param>
          </params>
          <reporter-output>
          </reporter-output>
        </test-method> <!-- startExtent -->
        <test-method signature="MalePersianCatDesc()[pri:0, instance:apps.pets.CatsTest@26abb146]" started-at="2022-06-25T02:42:47Z" name="MalePersianCatDesc" finished-at="2022-06-25T02:42:48Z" duration-ms="1189" status="PASS">
          <reporter-output>
          </reporter-output>
        </test-method> <!-- MalePersianCatDesc -->
        <test-method is-config="true" signature="afterEachTestMethod(org.testng.ITestResult)[pri:0, instance:apps.pets.CatsTest@26abb146]" started-at="2022-06-25T02:42:48Z" name="afterEachTestMethod" finished-at="2022-06-25T02:42:48Z" duration-ms="645" status="PASS">
          <params>
            <param index="0">
              <value>
                <![CDATA[[TestResult name=MalePersianCatDesc status=SUCCESS method=CatsTest.MalePersianCatDesc()[pri:0, instance:apps.pets.CatsTest@26abb146] output={null}]]]>
              </value>
            </param>
          </params>
          <reporter-output>
          </reporter-output>
        </test-method> <!-- afterEachTestMethod -->
        <test-method is-config="true" signature="endLOG()[pri:0, instance:apps.pets.CatsTest@26abb146]" started-at="2022-06-25T02:42:48Z" name="endLOG" finished-at="2022-06-25T02:42:48Z" duration-ms="0" status="PASS">
          <reporter-output>
          </reporter-output>
        </test-method> <!-- endLOG -->
        <test-method is-config="true" signature="setUp(boolean, java.lang.String, java.lang.String, java.lang.String, java.lang.String, java.lang.String, java.lang.String)[pri:0, instance:apps.pets.CatsTest@26abb146]" started-at="2022-06-25T02:42:48Z" name="setUp" finished-at="2022-06-25T02:42:50Z" duration-ms="1602" status="PASS">
          <params>
            <param index="0">
              <value>
                <![CDATA[false]]>
              </value>
            </param>
            <param index="1">
              <value>
                <![CDATA[browserstack]]>
              </value>
            </param>
            <param index="2">
              <value>
                <![CDATA[windows]]>
              </value>
            </param>
            <param index="3">
              <value>
                <![CDATA[10]]>
              </value>
            </param>
            <param index="4">
              <value>
                <![CDATA[chrome]]>
              </value>
            </param>
            <param index="5">
              <value>
                <![CDATA[102]]>
              </value>
            </param>
            <param index="6">
              <value>
                <![CDATA[https://petstore.octoperf.com/]]>
              </value>
            </param>
          </params>
          <reporter-output>
          </reporter-output>
        </test-method> <!-- setUp -->
        <test-method signature="TailessManxCatDesc()[pri:0, instance:apps.pets.CatsTest@26abb146]" started-at="2022-06-25T02:42:50Z" name="TailessManxCatDesc" finished-at="2022-06-25T02:42:51Z" duration-ms="1064" status="PASS">
          <reporter-output>
          </reporter-output>
        </test-method> <!-- TailessManxCatDesc -->
        <test-method is-config="true" signature="startExtent(java.lang.reflect.Method)[pri:0, instance:apps.pets.CatsTest@26abb146]" started-at="2022-06-25T02:42:50Z" name="startExtent" finished-at="2022-06-25T02:42:50Z" duration-ms="0" status="PASS">
          <params>
            <param index="0">
              <value>
                <![CDATA[public void apps.pets.CatsTest.TailessManxCatDesc()]]>
              </value>
            </param>
          </params>
          <reporter-output>
          </reporter-output>
        </test-method> <!-- startExtent -->
        <test-method is-config="true" signature="afterEachTestMethod(org.testng.ITestResult)[pri:0, instance:apps.pets.CatsTest@26abb146]" started-at="2022-06-25T02:42:51Z" name="afterEachTestMethod" finished-at="2022-06-25T02:42:52Z" duration-ms="670" status="PASS">
          <params>
            <param index="0">
              <value>
                <![CDATA[[TestResult name=TailessManxCatDesc status=SUCCESS method=CatsTest.TailessManxCatDesc()[pri:0, instance:apps.pets.CatsTest@26abb146] output={null}]]]>
              </value>
            </param>
          </params>
          <reporter-output>
          </reporter-output>
        </test-method> <!-- afterEachTestMethod -->
        <test-method is-config="true" signature="setUp(boolean, java.lang.String, java.lang.String, java.lang.String, java.lang.String, java.lang.String, java.lang.String)[pri:0, instance:apps.pets.CatsTest@26abb146]" started-at="2022-06-25T02:42:52Z" name="setUp" finished-at="2022-06-25T02:42:53Z" duration-ms="1600" status="PASS">
          <params>
            <param index="0">
              <value>
                <![CDATA[false]]>
              </value>
            </param>
            <param index="1">
              <value>
                <![CDATA[browserstack]]>
              </value>
            </param>
            <param index="2">
              <value>
                <![CDATA[windows]]>
              </value>
            </param>
            <param index="3">
              <value>
                <![CDATA[10]]>
              </value>
            </param>
            <param index="4">
              <value>
                <![CDATA[chrome]]>
              </value>
            </param>
            <param index="5">
              <value>
                <![CDATA[102]]>
              </value>
            </param>
            <param index="6">
              <value>
                <![CDATA[https://petstore.octoperf.com/]]>
              </value>
            </param>
          </params>
          <reporter-output>
          </reporter-output>
        </test-method> <!-- setUp -->
        <test-method is-config="true" signature="endLOG()[pri:0, instance:apps.pets.CatsTest@26abb146]" started-at="2022-06-25T02:42:52Z" name="endLOG" finished-at="2022-06-25T02:42:52Z" duration-ms="0" status="PASS">
          <reporter-output>
          </reporter-output>
        </test-method> <!-- endLOG -->
        <test-method signature="WithTailManxCatDesc()[pri:0, instance:apps.pets.CatsTest@26abb146]" started-at="2022-06-25T02:42:53Z" name="WithTailManxCatDesc" finished-at="2022-06-25T02:42:55Z" duration-ms="1143" status="PASS">
          <reporter-output>
          </reporter-output>
        </test-method> <!-- WithTailManxCatDesc -->
        <test-method is-config="true" signature="startExtent(java.lang.reflect.Method)[pri:0, instance:apps.pets.CatsTest@26abb146]" started-at="2022-06-25T02:42:53Z" name="startExtent" finished-at="2022-06-25T02:42:53Z" duration-ms="0" status="PASS">
          <params>
            <param index="0">
              <value>
                <![CDATA[public void apps.pets.CatsTest.WithTailManxCatDesc()]]>
              </value>
            </param>
          </params>
          <reporter-output>
          </reporter-output>
        </test-method> <!-- startExtent -->
        <test-method is-config="true" signature="afterEachTestMethod(org.testng.ITestResult)[pri:0, instance:apps.pets.CatsTest@26abb146]" started-at="2022-06-25T02:42:55Z" name="afterEachTestMethod" finished-at="2022-06-25T02:42:55Z" duration-ms="660" status="PASS">
          <params>
            <param index="0">
              <value>
                <![CDATA[[TestResult name=WithTailManxCatDesc status=SUCCESS method=CatsTest.WithTailManxCatDesc()[pri:0, instance:apps.pets.CatsTest@26abb146] output={null}]]]>
              </value>
            </param>
          </params>
          <reporter-output>
          </reporter-output>
        </test-method> <!-- afterEachTestMethod -->
        <test-method is-config="true" signature="endLOG()[pri:0, instance:apps.pets.CatsTest@26abb146]" started-at="2022-06-25T02:42:55Z" name="endLOG" finished-at="2022-06-25T02:42:55Z" duration-ms="5" status="PASS">
          <reporter-output>
          </reporter-output>
        </test-method> <!-- endLOG -->
      </class> <!-- apps.pets.CatsTest -->
      <class name="apps.pets.DogsTest">
        <test-method is-config="true" signature="setUp(boolean, java.lang.String, java.lang.String, java.lang.String, java.lang.String, java.lang.String, java.lang.String)[pri:0, instance:apps.pets.DogsTest@48e1f6c7]" started-at="2022-06-25T02:40:22Z" name="setUp" finished-at="2022-06-25T02:40:23Z" duration-ms="1619" status="PASS">
          <params>
            <param index="0">
              <value>
                <![CDATA[false]]>
              </value>
            </param>
            <param index="1">
              <value>
                <![CDATA[browserstack]]>
              </value>
            </param>
            <param index="2">
              <value>
                <![CDATA[windows]]>
              </value>
            </param>
            <param index="3">
              <value>
                <![CDATA[10]]>
              </value>
            </param>
            <param index="4">
              <value>
                <![CDATA[chrome]]>
              </value>
            </param>
            <param index="5">
              <value>
                <![CDATA[102]]>
              </value>
            </param>
            <param index="6">
              <value>
                <![CDATA[https://petstore.octoperf.com/]]>
              </value>
            </param>
          </params>
          <reporter-output>
          </reporter-output>
        </test-method> <!-- setUp -->
        <test-method is-config="true" signature="startExtent(java.lang.reflect.Method)[pri:0, instance:apps.pets.DogsTest@48e1f6c7]" started-at="2022-06-25T02:40:23Z" name="startExtent" finished-at="2022-06-25T02:40:23Z" duration-ms="1" status="PASS">
          <params>
            <param index="0">
              <value>
                <![CDATA[public void apps.pets.DogsTest.AdultFemaleChihuahuaDesc()]]>
              </value>
            </param>
          </params>
          <reporter-output>
          </reporter-output>
        </test-method> <!-- startExtent -->
        <test-method signature="AdultFemaleChihuahuaDesc()[pri:0, instance:apps.pets.DogsTest@48e1f6c7]" started-at="2022-06-25T02:40:23Z" name="AdultFemaleChihuahuaDesc" finished-at="2022-06-25T02:40:24Z" duration-ms="1096" status="PASS">
          <reporter-output>
          </reporter-output>
        </test-method> <!-- AdultFemaleChihuahuaDesc -->
        <test-method is-config="true" signature="afterEachTestMethod(org.testng.ITestResult)[pri:0, instance:apps.pets.DogsTest@48e1f6c7]" started-at="2022-06-25T02:40:24Z" name="afterEachTestMethod" finished-at="2022-06-25T02:40:25Z" duration-ms="657" status="PASS">
          <params>
            <param index="0">
              <value>
                <![CDATA[[TestResult name=AdultFemaleChihuahuaDesc status=SUCCESS method=DogsTest.AdultFemaleChihuahuaDesc()[pri:0, instance:apps.pets.DogsTest@48e1f6c7] output={null}]]]>
              </value>
            </param>
          </params>
          <reporter-output>
          </reporter-output>
        </test-method> <!-- afterEachTestMethod -->
        <test-method is-config="true" signature="endLOG()[pri:0, instance:apps.pets.DogsTest@48e1f6c7]" started-at="2022-06-25T02:40:25Z" name="endLOG" finished-at="2022-06-25T02:40:25Z" duration-ms="1" status="PASS">
          <reporter-output>
          </reporter-output>
        </test-method> <!-- endLOG -->
        <test-method is-config="true" signature="setUp(boolean, java.lang.String, java.lang.String, java.lang.String, java.lang.String, java.lang.String, java.lang.String)[pri:0, instance:apps.pets.DogsTest@48e1f6c7]" started-at="2022-06-25T02:40:25Z" name="setUp" finished-at="2022-06-25T02:40:27Z" duration-ms="1614" status="PASS">
          <params>
            <param index="0">
              <value>
                <![CDATA[false]]>
              </value>
            </param>
            <param index="1">
              <value>
                <![CDATA[browserstack]]>
              </value>
            </param>
            <param index="2">
              <value>
                <![CDATA[windows]]>
              </value>
            </param>
            <param index="3">
              <value>
                <![CDATA[10]]>
              </value>
            </param>
            <param index="4">
              <value>
                <![CDATA[chrome]]>
              </value>
            </param>
            <param index="5">
              <value>
                <![CDATA[102]]>
              </value>
            </param>
            <param index="6">
              <value>
                <![CDATA[https://petstore.octoperf.com/]]>
              </value>
            </param>
          </params>
          <reporter-output>
          </reporter-output>
        </test-method> <!-- setUp -->
        <test-method is-config="true" signature="startExtent(java.lang.reflect.Method)[pri:0, instance:apps.pets.DogsTest@48e1f6c7]" started-at="2022-06-25T02:40:27Z" name="startExtent" finished-at="2022-06-25T02:40:27Z" duration-ms="1" status="PASS">
          <params>
            <param index="0">
              <value>
                <![CDATA[public void apps.pets.DogsTest.AdultFemaleLabradorRetrieverDesc()]]>
              </value>
            </param>
          </params>
          <reporter-output>
          </reporter-output>
        </test-method> <!-- startExtent -->
        <test-method signature="AdultFemaleLabradorRetrieverDesc()[pri:0, instance:apps.pets.DogsTest@48e1f6c7]" started-at="2022-06-25T02:40:27Z" name="AdultFemaleLabradorRetrieverDesc" finished-at="2022-06-25T02:40:28Z" duration-ms="1072" status="PASS">
          <reporter-output>
          </reporter-output>
        </test-method> <!-- AdultFemaleLabradorRetrieverDesc -->
        <test-method is-config="true" signature="afterEachTestMethod(org.testng.ITestResult)[pri:0, instance:apps.pets.DogsTest@48e1f6c7]" started-at="2022-06-25T02:40:28Z" name="afterEachTestMethod" finished-at="2022-06-25T02:40:28Z" duration-ms="654" status="PASS">
          <params>
            <param index="0">
              <value>
                <![CDATA[[TestResult name=AdultFemaleLabradorRetrieverDesc status=SUCCESS method=DogsTest.AdultFemaleLabradorRetrieverDesc()[pri:0, instance:apps.pets.DogsTest@48e1f6c7] output={null}]]]>
              </value>
            </param>
          </params>
          <reporter-output>
          </reporter-output>
        </test-method> <!-- afterEachTestMethod -->
        <test-method is-config="true" signature="setUp(boolean, java.lang.String, java.lang.String, java.lang.String, java.lang.String, java.lang.String, java.lang.String)[pri:0, instance:apps.pets.DogsTest@48e1f6c7]" started-at="2022-06-25T02:40:28Z" name="setUp" finished-at="2022-06-25T02:40:30Z" duration-ms="1642" status="PASS">
          <params>
            <param index="0">
              <value>
                <![CDATA[false]]>
              </value>
            </param>
            <param index="1">
              <value>
                <![CDATA[browserstack]]>
              </value>
            </param>
            <param index="2">
              <value>
                <![CDATA[windows]]>
              </value>
            </param>
            <param index="3">
              <value>
                <![CDATA[10]]>
              </value>
            </param>
            <param index="4">
              <value>
                <![CDATA[chrome]]>
              </value>
            </param>
            <param index="5">
              <value>
                <![CDATA[102]]>
              </value>
            </param>
            <param index="6">
              <value>
                <![CDATA[https://petstore.octoperf.com/]]>
              </value>
            </param>
          </params>
          <reporter-output>
          </reporter-output>
        </test-method> <!-- setUp -->
        <test-method is-config="true" signature="endLOG()[pri:0, instance:apps.pets.DogsTest@48e1f6c7]" started-at="2022-06-25T02:40:28Z" name="endLOG" finished-at="2022-06-25T02:40:28Z" duration-ms="0" status="PASS">
          <reporter-output>
          </reporter-output>
        </test-method> <!-- endLOG -->
        <test-method is-config="true" signature="startExtent(java.lang.reflect.Method)[pri:0, instance:apps.pets.DogsTest@48e1f6c7]" started-at="2022-06-25T02:40:30Z" name="startExtent" finished-at="2022-06-25T02:40:30Z" duration-ms="1" status="PASS">
          <params>
            <param index="0">
              <value>
                <![CDATA[public void apps.pets.DogsTest.AdultMaleChihuahuaDesc()]]>
              </value>
            </param>
          </params>
          <reporter-output>
          </reporter-output>
        </test-method> <!-- startExtent -->
        <test-method signature="AdultMaleChihuahuaDesc()[pri:0, instance:apps.pets.DogsTest@48e1f6c7]" started-at="2022-06-25T02:40:30Z" name="AdultMaleChihuahuaDesc" finished-at="2022-06-25T02:40:31Z" duration-ms="1112" status="PASS">
          <reporter-output>
          </reporter-output>
        </test-method> <!-- AdultMaleChihuahuaDesc -->
        <test-method is-config="true" signature="afterEachTestMethod(org.testng.ITestResult)[pri:0, instance:apps.pets.DogsTest@48e1f6c7]" started-at="2022-06-25T02:40:31Z" name="afterEachTestMethod" finished-at="2022-06-25T02:40:32Z" duration-ms="643" status="PASS">
          <params>
            <param index="0">
              <value>
                <![CDATA[[TestResult name=AdultMaleChihuahuaDesc status=SUCCESS method=DogsTest.AdultMaleChihuahuaDesc()[pri:0, instance:apps.pets.DogsTest@48e1f6c7] output={null}]]]>
              </value>
            </param>
          </params>
          <reporter-output>
          </reporter-output>
        </test-method> <!-- afterEachTestMethod -->
        <test-method is-config="true" signature="endLOG()[pri:0, instance:apps.pets.DogsTest@48e1f6c7]" started-at="2022-06-25T02:40:32Z" name="endLOG" finished-at="2022-06-25T02:40:32Z" duration-ms="1" status="PASS">
          <reporter-output>
          </reporter-output>
        </test-method> <!-- endLOG -->
        <test-method is-config="true" signature="setUp(boolean, java.lang.String, java.lang.String, java.lang.String, java.lang.String, java.lang.String, java.lang.String)[pri:0, instance:apps.pets.DogsTest@48e1f6c7]" started-at="2022-06-25T02:40:32Z" name="setUp" finished-at="2022-06-25T02:40:33Z" duration-ms="1644" status="PASS">
          <params>
            <param index="0">
              <value>
                <![CDATA[false]]>
              </value>
            </param>
            <param index="1">
              <value>
                <![CDATA[browserstack]]>
              </value>
            </param>
            <param index="2">
              <value>
                <![CDATA[windows]]>
              </value>
            </param>
            <param index="3">
              <value>
                <![CDATA[10]]>
              </value>
            </param>
            <param index="4">
              <value>
                <![CDATA[chrome]]>
              </value>
            </param>
            <param index="5">
              <value>
                <![CDATA[102]]>
              </value>
            </param>
            <param index="6">
              <value>
                <![CDATA[https://petstore.octoperf.com/]]>
              </value>
            </param>
          </params>
          <reporter-output>
          </reporter-output>
        </test-method> <!-- setUp -->
        <test-method is-config="true" signature="startExtent(java.lang.reflect.Method)[pri:0, instance:apps.pets.DogsTest@48e1f6c7]" started-at="2022-06-25T02:40:33Z" name="startExtent" finished-at="2022-06-25T02:40:33Z" duration-ms="0" status="PASS">
          <params>
            <param index="0">
              <value>
                <![CDATA[public void apps.pets.DogsTest.AdultMaleLabradorRetrieverDesc()]]>
              </value>
            </param>
          </params>
          <reporter-output>
          </reporter-output>
        </test-method> <!-- startExtent -->
        <test-method signature="AdultMaleLabradorRetrieverDesc()[pri:0, instance:apps.pets.DogsTest@48e1f6c7]" started-at="2022-06-25T02:40:33Z" name="AdultMaleLabradorRetrieverDesc" finished-at="2022-06-25T02:40:35Z" duration-ms="1203" status="PASS">
          <reporter-output>
          </reporter-output>
        </test-method> <!-- AdultMaleLabradorRetrieverDesc -->
        <test-method is-config="true" signature="afterEachTestMethod(org.testng.ITestResult)[pri:0, instance:apps.pets.DogsTest@48e1f6c7]" started-at="2022-06-25T02:40:35Z" name="afterEachTestMethod" finished-at="2022-06-25T02:40:35Z" duration-ms="663" status="PASS">
          <params>
            <param index="0">
              <value>
                <![CDATA[[TestResult name=AdultMaleLabradorRetrieverDesc status=SUCCESS method=DogsTest.AdultMaleLabradorRetrieverDesc()[pri:0, instance:apps.pets.DogsTest@48e1f6c7] output={null}]]]>
              </value>
            </param>
          </params>
          <reporter-output>
          </reporter-output>
        </test-method> <!-- afterEachTestMethod -->
        <test-method is-config="true" signature="endLOG()[pri:0, instance:apps.pets.DogsTest@48e1f6c7]" started-at="2022-06-25T02:40:35Z" name="endLOG" finished-at="2022-06-25T02:40:35Z" duration-ms="1" status="PASS">
          <reporter-output>
          </reporter-output>
        </test-method> <!-- endLOG -->
        <test-method is-config="true" signature="setUp(boolean, java.lang.String, java.lang.String, java.lang.String, java.lang.String, java.lang.String, java.lang.String)[pri:0, instance:apps.pets.DogsTest@48e1f6c7]" started-at="2022-06-25T02:40:35Z" name="setUp" finished-at="2022-06-25T02:40:37Z" duration-ms="1663" status="PASS">
          <params>
            <param index="0">
              <value>
                <![CDATA[false]]>
              </value>
            </param>
            <param index="1">
              <value>
                <![CDATA[browserstack]]>
              </value>
            </param>
            <param index="2">
              <value>
                <![CDATA[windows]]>
              </value>
            </param>
            <param index="3">
              <value>
                <![CDATA[10]]>
              </value>
            </param>
            <param index="4">
              <value>
                <![CDATA[chrome]]>
              </value>
            </param>
            <param index="5">
              <value>
                <![CDATA[102]]>
              </value>
            </param>
            <param index="6">
              <value>
                <![CDATA[https://petstore.octoperf.com/]]>
              </value>
            </param>
          </params>
          <reporter-output>
          </reporter-output>
        </test-method> <!-- setUp -->
        <test-method signature="FemalePuppyBulldogDesc()[pri:0, instance:apps.pets.DogsTest@48e1f6c7]" started-at="2022-06-25T02:40:37Z" name="FemalePuppyBulldogDesc" finished-at="2022-06-25T02:40:38Z" duration-ms="1100" status="PASS">
          <reporter-output>
          </reporter-output>
        </test-method> <!-- FemalePuppyBulldogDesc -->
        <test-method is-config="true" signature="startExtent(java.lang.reflect.Method)[pri:0, instance:apps.pets.DogsTest@48e1f6c7]" started-at="2022-06-25T02:40:37Z" name="startExtent" finished-at="2022-06-25T02:40:37Z" duration-ms="0" status="PASS">
          <params>
            <param index="0">
              <value>
                <![CDATA[public void apps.pets.DogsTest.FemalePuppyBulldogDesc()]]>
              </value>
            </param>
          </params>
          <reporter-output>
          </reporter-output>
        </test-method> <!-- startExtent -->
        <test-method is-config="true" signature="afterEachTestMethod(org.testng.ITestResult)[pri:0, instance:apps.pets.DogsTest@48e1f6c7]" started-at="2022-06-25T02:40:38Z" name="afterEachTestMethod" finished-at="2022-06-25T02:40:39Z" duration-ms="653" status="PASS">
          <params>
            <param index="0">
              <value>
                <![CDATA[[TestResult name=FemalePuppyBulldogDesc status=SUCCESS method=DogsTest.FemalePuppyBulldogDesc()[pri:0, instance:apps.pets.DogsTest@48e1f6c7] output={null}]]]>
              </value>
            </param>
          </params>
          <reporter-output>
          </reporter-output>
        </test-method> <!-- afterEachTestMethod -->
        <test-method is-config="true" signature="endLOG()[pri:0, instance:apps.pets.DogsTest@48e1f6c7]" started-at="2022-06-25T02:40:39Z" name="endLOG" finished-at="2022-06-25T02:40:39Z" duration-ms="1" status="PASS">
          <reporter-output>
          </reporter-output>
        </test-method> <!-- endLOG -->
        <test-method is-config="true" signature="setUp(boolean, java.lang.String, java.lang.String, java.lang.String, java.lang.String, java.lang.String, java.lang.String)[pri:0, instance:apps.pets.DogsTest@48e1f6c7]" started-at="2022-06-25T02:40:39Z" name="setUp" finished-at="2022-06-25T02:40:40Z" duration-ms="1601" status="PASS">
          <params>
            <param index="0">
              <value>
                <![CDATA[false]]>
              </value>
            </param>
            <param index="1">
              <value>
                <![CDATA[browserstack]]>
              </value>
            </param>
            <param index="2">
              <value>
                <![CDATA[windows]]>
              </value>
            </param>
            <param index="3">
              <value>
                <![CDATA[10]]>
              </value>
            </param>
            <param index="4">
              <value>
                <![CDATA[chrome]]>
              </value>
            </param>
            <param index="5">
              <value>
                <![CDATA[102]]>
              </value>
            </param>
            <param index="6">
              <value>
                <![CDATA[https://petstore.octoperf.com/]]>
              </value>
            </param>
          </params>
          <reporter-output>
          </reporter-output>
        </test-method> <!-- setUp -->
        <test-method is-config="true" signature="startExtent(java.lang.reflect.Method)[pri:0, instance:apps.pets.DogsTest@48e1f6c7]" started-at="2022-06-25T02:40:40Z" name="startExtent" finished-at="2022-06-25T02:40:40Z" duration-ms="1" status="PASS">
          <params>
            <param index="0">
              <value>
                <![CDATA[public void apps.pets.DogsTest.GoldenRetrieverDesc()]]>
              </value>
            </param>
          </params>
          <reporter-output>
          </reporter-output>
        </test-method> <!-- startExtent -->
        <test-method signature="GoldenRetrieverDesc()[pri:0, instance:apps.pets.DogsTest@48e1f6c7]" started-at="2022-06-25T02:40:40Z" name="GoldenRetrieverDesc" finished-at="2022-06-25T02:40:41Z" duration-ms="1141" status="PASS">
          <reporter-output>
          </reporter-output>
        </test-method> <!-- GoldenRetrieverDesc -->
        <test-method is-config="true" signature="afterEachTestMethod(org.testng.ITestResult)[pri:0, instance:apps.pets.DogsTest@48e1f6c7]" started-at="2022-06-25T02:40:41Z" name="afterEachTestMethod" finished-at="2022-06-25T02:40:42Z" duration-ms="673" status="PASS">
          <params>
            <param index="0">
              <value>
                <![CDATA[[TestResult name=GoldenRetrieverDesc status=SUCCESS method=DogsTest.GoldenRetrieverDesc()[pri:0, instance:apps.pets.DogsTest@48e1f6c7] output={null}]]]>
              </value>
            </param>
          </params>
          <reporter-output>
          </reporter-output>
        </test-method> <!-- afterEachTestMethod -->
        <test-method is-config="true" signature="endLOG()[pri:0, instance:apps.pets.DogsTest@48e1f6c7]" started-at="2022-06-25T02:40:42Z" name="endLOG" finished-at="2022-06-25T02:40:42Z" duration-ms="1" status="PASS">
          <reporter-output>
          </reporter-output>
        </test-method> <!-- endLOG -->
        <test-method is-config="true" signature="setUp(boolean, java.lang.String, java.lang.String, java.lang.String, java.lang.String, java.lang.String, java.lang.String)[pri:0, instance:apps.pets.DogsTest@48e1f6c7]" started-at="2022-06-25T02:40:42Z" name="setUp" finished-at="2022-06-25T02:40:44Z" duration-ms="1630" status="PASS">
          <params>
            <param index="0">
              <value>
                <![CDATA[false]]>
              </value>
            </param>
            <param index="1">
              <value>
                <![CDATA[browserstack]]>
              </value>
            </param>
            <param index="2">
              <value>
                <![CDATA[windows]]>
              </value>
            </param>
            <param index="3">
              <value>
                <![CDATA[10]]>
              </value>
            </param>
            <param index="4">
              <value>
                <![CDATA[chrome]]>
              </value>
            </param>
            <param index="5">
              <value>
                <![CDATA[102]]>
              </value>
            </param>
            <param index="6">
              <value>
                <![CDATA[https://petstore.octoperf.com/]]>
              </value>
            </param>
          </params>
          <reporter-output>
          </reporter-output>
        </test-method> <!-- setUp -->
        <test-method is-config="true" signature="startExtent(java.lang.reflect.Method)[pri:0, instance:apps.pets.DogsTest@48e1f6c7]" started-at="2022-06-25T02:40:44Z" name="startExtent" finished-at="2022-06-25T02:40:44Z" duration-ms="0" status="PASS">
          <params>
            <param index="0">
              <value>
                <![CDATA[public void apps.pets.DogsTest.MaleAdultBulldogDesc()]]>
              </value>
            </param>
          </params>
          <reporter-output>
          </reporter-output>
        </test-method> <!-- startExtent -->
        <test-method signature="MaleAdultBulldogDesc()[pri:0, instance:apps.pets.DogsTest@48e1f6c7]" started-at="2022-06-25T02:40:44Z" name="MaleAdultBulldogDesc" finished-at="2022-06-25T02:40:45Z" duration-ms="1109" status="PASS">
          <reporter-output>
          </reporter-output>
        </test-method> <!-- MaleAdultBulldogDesc -->
        <test-method is-config="true" signature="afterEachTestMethod(org.testng.ITestResult)[pri:0, instance:apps.pets.DogsTest@48e1f6c7]" started-at="2022-06-25T02:40:45Z" name="afterEachTestMethod" finished-at="2022-06-25T02:40:45Z" duration-ms="692" status="PASS">
          <params>
            <param index="0">
              <value>
                <![CDATA[[TestResult name=MaleAdultBulldogDesc status=SUCCESS method=DogsTest.MaleAdultBulldogDesc()[pri:0, instance:apps.pets.DogsTest@48e1f6c7] output={null}]]]>
              </value>
            </param>
          </params>
          <reporter-output>
          </reporter-output>
        </test-method> <!-- afterEachTestMethod -->
        <test-method is-config="true" signature="endLOG()[pri:0, instance:apps.pets.DogsTest@48e1f6c7]" started-at="2022-06-25T02:40:45Z" name="endLOG" finished-at="2022-06-25T02:40:45Z" duration-ms="1" status="PASS">
          <reporter-output>
          </reporter-output>
        </test-method> <!-- endLOG -->
        <test-method is-config="true" signature="setUp(boolean, java.lang.String, java.lang.String, java.lang.String, java.lang.String, java.lang.String, java.lang.String)[pri:0, instance:apps.pets.DogsTest@48e1f6c7]" started-at="2022-06-25T02:40:45Z" name="setUp" finished-at="2022-06-25T02:40:47Z" duration-ms="1659" status="PASS">
          <params>
            <param index="0">
              <value>
                <![CDATA[false]]>
              </value>
            </param>
            <param index="1">
              <value>
                <![CDATA[browserstack]]>
              </value>
            </param>
            <param index="2">
              <value>
                <![CDATA[windows]]>
              </value>
            </param>
            <param index="3">
              <value>
                <![CDATA[10]]>
              </value>
            </param>
            <param index="4">
              <value>
                <![CDATA[chrome]]>
              </value>
            </param>
            <param index="5">
              <value>
                <![CDATA[102]]>
              </value>
            </param>
            <param index="6">
              <value>
                <![CDATA[https://petstore.octoperf.com/]]>
              </value>
            </param>
          </params>
          <reporter-output>
          </reporter-output>
        </test-method> <!-- setUp -->
        <test-method is-config="true" signature="startExtent(java.lang.reflect.Method)[pri:0, instance:apps.pets.DogsTest@48e1f6c7]" started-at="2022-06-25T02:40:47Z" name="startExtent" finished-at="2022-06-25T02:40:47Z" duration-ms="1" status="PASS">
          <params>
            <param index="0">
              <value>
                <![CDATA[public void apps.pets.DogsTest.PoodleDesc()]]>
              </value>
            </param>
          </params>
          <reporter-output>
          </reporter-output>
        </test-method> <!-- startExtent -->
        <test-method signature="PoodleDesc()[pri:0, instance:apps.pets.DogsTest@48e1f6c7]" started-at="2022-06-25T02:40:47Z" name="PoodleDesc" finished-at="2022-06-25T02:40:48Z" duration-ms="1101" status="PASS">
          <reporter-output>
          </reporter-output>
        </test-method> <!-- PoodleDesc -->
        <test-method is-config="true" signature="afterEachTestMethod(org.testng.ITestResult)[pri:0, instance:apps.pets.DogsTest@48e1f6c7]" started-at="2022-06-25T02:40:48Z" name="afterEachTestMethod" finished-at="2022-06-25T02:40:49Z" duration-ms="669" status="PASS">
          <params>
            <param index="0">
              <value>
                <![CDATA[[TestResult name=PoodleDesc status=SUCCESS method=DogsTest.PoodleDesc()[pri:0, instance:apps.pets.DogsTest@48e1f6c7] output={null}]]]>
              </value>
            </param>
          </params>
          <reporter-output>
          </reporter-output>
        </test-method> <!-- afterEachTestMethod -->
        <test-method is-config="true" signature="endLOG()[pri:0, instance:apps.pets.DogsTest@48e1f6c7]" started-at="2022-06-25T02:40:49Z" name="endLOG" finished-at="2022-06-25T02:40:49Z" duration-ms="1" status="PASS">
          <reporter-output>
          </reporter-output>
        </test-method> <!-- endLOG -->
        <test-method is-config="true" signature="setUp(boolean, java.lang.String, java.lang.String, java.lang.String, java.lang.String, java.lang.String, java.lang.String)[pri:0, instance:apps.pets.DogsTest@48e1f6c7]" started-at="2022-06-25T02:40:49Z" name="setUp" finished-at="2022-06-25T02:40:51Z" duration-ms="1650" status="PASS">
          <params>
            <param index="0">
              <value>
                <![CDATA[false]]>
              </value>
            </param>
            <param index="1">
              <value>
                <![CDATA[browserstack]]>
              </value>
            </param>
            <param index="2">
              <value>
                <![CDATA[windows]]>
              </value>
            </param>
            <param index="3">
              <value>
                <![CDATA[10]]>
              </value>
            </param>
            <param index="4">
              <value>
                <![CDATA[chrome]]>
              </value>
            </param>
            <param index="5">
              <value>
                <![CDATA[102]]>
              </value>
            </param>
            <param index="6">
              <value>
                <![CDATA[https://petstore.octoperf.com/]]>
              </value>
            </param>
          </params>
          <reporter-output>
          </reporter-output>
        </test-method> <!-- setUp -->
        <test-method is-config="true" signature="startExtent(java.lang.reflect.Method)[pri:0, instance:apps.pets.DogsTest@48e1f6c7]" started-at="2022-06-25T02:40:51Z" name="startExtent" finished-at="2022-06-25T02:40:51Z" duration-ms="1" status="PASS">
          <params>
            <param index="0">
              <value>
                <![CDATA[public void apps.pets.DogsTest.SpotlessDalmationDesc()]]>
              </value>
            </param>
          </params>
          <reporter-output>
          </reporter-output>
        </test-method> <!-- startExtent -->
        <test-method signature="SpotlessDalmationDesc()[pri:0, instance:apps.pets.DogsTest@48e1f6c7]" started-at="2022-06-25T02:40:51Z" name="SpotlessDalmationDesc" finished-at="2022-06-25T02:40:52Z" duration-ms="1094" status="PASS">
          <reporter-output>
          </reporter-output>
        </test-method> <!-- SpotlessDalmationDesc -->
        <test-method is-config="true" signature="afterEachTestMethod(org.testng.ITestResult)[pri:0, instance:apps.pets.DogsTest@48e1f6c7]" started-at="2022-06-25T02:40:52Z" name="afterEachTestMethod" finished-at="2022-06-25T02:40:52Z" duration-ms="682" status="PASS">
          <params>
            <param index="0">
              <value>
                <![CDATA[[TestResult name=SpotlessDalmationDesc status=SUCCESS method=DogsTest.SpotlessDalmationDesc()[pri:0, instance:apps.pets.DogsTest@48e1f6c7] output={null}]]]>
              </value>
            </param>
          </params>
          <reporter-output>
          </reporter-output>
        </test-method> <!-- afterEachTestMethod -->
        <test-method is-config="true" signature="endLOG()[pri:0, instance:apps.pets.DogsTest@48e1f6c7]" started-at="2022-06-25T02:40:52Z" name="endLOG" finished-at="2022-06-25T02:40:52Z" duration-ms="1" status="PASS">
          <reporter-output>
          </reporter-output>
        </test-method> <!-- endLOG -->
        <test-method is-config="true" signature="setUp(boolean, java.lang.String, java.lang.String, java.lang.String, java.lang.String, java.lang.String, java.lang.String)[pri:0, instance:apps.pets.DogsTest@48e1f6c7]" started-at="2022-06-25T02:40:52Z" name="setUp" finished-at="2022-06-25T02:40:54Z" duration-ms="1593" status="PASS">
          <params>
            <param index="0">
              <value>
                <![CDATA[false]]>
              </value>
            </param>
            <param index="1">
              <value>
                <![CDATA[browserstack]]>
              </value>
            </param>
            <param index="2">
              <value>
                <![CDATA[windows]]>
              </value>
            </param>
            <param index="3">
              <value>
                <![CDATA[10]]>
              </value>
            </param>
            <param index="4">
              <value>
                <![CDATA[chrome]]>
              </value>
            </param>
            <param index="5">
              <value>
                <![CDATA[102]]>
              </value>
            </param>
            <param index="6">
              <value>
                <![CDATA[https://petstore.octoperf.com/]]>
              </value>
            </param>
          </params>
          <reporter-output>
          </reporter-output>
        </test-method> <!-- setUp -->
        <test-method is-config="true" signature="startExtent(java.lang.reflect.Method)[pri:0, instance:apps.pets.DogsTest@48e1f6c7]" started-at="2022-06-25T02:40:54Z" name="startExtent" finished-at="2022-06-25T02:40:54Z" duration-ms="0" status="PASS">
          <params>
            <param index="0">
              <value>
                <![CDATA[public void apps.pets.DogsTest.SpottedDalmationDesc()]]>
              </value>
            </param>
          </params>
          <reporter-output>
          </reporter-output>
        </test-method> <!-- startExtent -->
        <test-method signature="SpottedDalmationDesc()[pri:0, instance:apps.pets.DogsTest@48e1f6c7]" started-at="2022-06-25T02:40:54Z" name="SpottedDalmationDesc" finished-at="2022-06-25T02:40:55Z" duration-ms="1081" status="PASS">
          <reporter-output>
          </reporter-output>
        </test-method> <!-- SpottedDalmationDesc -->
[...]
          <reporter-output>
          </reporter-output>
        </test-method> <!-- endLOG -->
        <test-method is-config="true" signature="setUp(boolean, java.lang.String, java.lang.String, java.lang.String, java.lang.String, java.lang.String, java.lang.String)[pri:0, instance:apps.pets.OrdersTest@431cd9b2]" started-at="2022-06-25T02:43:24Z" name="setUp" finished-at="2022-06-25T02:43:26Z" duration-ms="1598" status="PASS">
          <params>
            <param index="0">
              <value>
                <![CDATA[false]]>
              </value>
            </param>
            <param index="1">
              <value>
                <![CDATA[browserstack]]>
              </value>
            </param>
            <param index="2">
              <value>
                <![CDATA[windows]]>
              </value>
            </param>
            <param index="3">
              <value>
                <![CDATA[10]]>
              </value>
            </param>
            <param index="4">
              <value>
                <![CDATA[chrome]]>
              </value>
            </param>
            <param index="5">
              <value>
                <![CDATA[102]]>
              </value>
            </param>
            <param index="6">
              <value>
                <![CDATA[https://petstore.octoperf.com/]]>
              </value>
            </param>
          </params>
          <reporter-output>
          </reporter-output>
        </test-method> <!-- setUp -->
        <test-method is-config="true" signature="startExtent(java.lang.reflect.Method)[pri:0, instance:apps.pets.OrdersTest@431cd9b2]" started-at="2022-06-25T02:43:26Z" name="startExtent" finished-at="2022-06-25T02:43:26Z" duration-ms="1" status="PASS">
          <params>
            <param index="0">
              <value>
                <![CDATA[public void apps.pets.OrdersTest.Order87422()]]>
              </value>
            </param>
          </params>
          <reporter-output>
          </reporter-output>
        </test-method> <!-- startExtent -->
        <test-method signature="Order87422()[pri:0, instance:apps.pets.OrdersTest@431cd9b2]" started-at="2022-06-25T02:43:26Z" name="Order87422" finished-at="2022-06-25T02:43:27Z" duration-ms="1651" status="PASS">
          <reporter-output>
          </reporter-output>
        </test-method> <!-- Order87422 -->
        <test-method is-config="true" signature="afterEachTestMethod(org.testng.ITestResult)[pri:0, instance:apps.pets.OrdersTest@431cd9b2]" started-at="2022-06-25T02:43:27Z" name="afterEachTestMethod" finished-at="2022-06-25T02:43:28Z" duration-ms="659" status="PASS">
          <params>
            <param index="0">
              <value>
                <![CDATA[[TestResult name=Order87422 status=SUCCESS method=OrdersTest.Order87422()[pri:0, instance:apps.pets.OrdersTest@431cd9b2] output={null}]]]>
              </value>
            </param>
          </params>
          <reporter-output>
          </reporter-output>
        </test-method> <!-- afterEachTestMethod -->
        <test-method is-config="true" signature="endLOG()[pri:0, instance:apps.pets.OrdersTest@431cd9b2]" started-at="2022-06-25T02:43:28Z" name="endLOG" finished-at="2022-06-25T02:43:28Z" duration-ms="1" status="PASS">
          <reporter-output>
          </reporter-output>
        </test-method> <!-- endLOG -->
        <test-method is-config="true" signature="setUp(boolean, java.lang.String, java.lang.String, java.lang.String, java.lang.String, java.lang.String, java.lang.String)[pri:0, instance:apps.pets.OrdersTest@431cd9b2]" started-at="2022-06-25T02:43:28Z" name="setUp" finished-at="2022-06-25T02:43:30Z" duration-ms="1639" status="PASS">
          <params>
            <param index="0">
              <value>
                <![CDATA[false]]>
              </value>
            </param>
            <param index="1">
              <value>
                <![CDATA[browserstack]]>
              </value>
            </param>
            <param index="2">
              <value>
                <![CDATA[windows]]>
              </value>
            </param>
            <param index="3">
              <value>
                <![CDATA[10]]>
              </value>
            </param>
            <param index="4">
              <value>
                <![CDATA[chrome]]>
              </value>
            </param>
            <param index="5">
              <value>
                <![CDATA[102]]>
              </value>
            </param>
            <param index="6">
              <value>
                <![CDATA[https://petstore.octoperf.com/]]>
              </value>
            </param>
          </params>
          <reporter-output>
          </reporter-output>
        </test-method> <!-- setUp -->
        <test-method signature="Order9072()[pri:0, instance:apps.pets.OrdersTest@431cd9b2]" started-at="2022-06-25T02:43:30Z" name="Order9072" finished-at="2022-06-25T02:43:31Z" duration-ms="1701" status="PASS">
          <reporter-output>
          </reporter-output>
        </test-method> <!-- Order9072 -->
        <test-method is-config="true" signature="startExtent(java.lang.reflect.Method)[pri:0, instance:apps.pets.OrdersTest@431cd9b2]" started-at="2022-06-25T02:43:30Z" name="startExtent" finished-at="2022-06-25T02:43:30Z" duration-ms="0" status="PASS">
          <params>
            <param index="0">
              <value>
                <![CDATA[public void apps.pets.OrdersTest.Order9072()]]>
              </value>
            </param>
          </params>
          <reporter-output>
          </reporter-output>
        </test-method> <!-- startExtent -->
        <test-method is-config="true" signature="afterEachTestMethod(org.testng.ITestResult)[pri:0, instance:apps.pets.OrdersTest@431cd9b2]" started-at="2022-06-25T02:43:31Z" name="afterEachTestMethod" finished-at="2022-06-25T02:43:32Z" duration-ms="659" status="PASS">
          <params>
            <param index="0">
              <value>
                <![CDATA[[TestResult name=Order9072 status=SUCCESS method=OrdersTest.Order9072()[pri:0, instance:apps.pets.OrdersTest@431cd9b2] output={null}]]]>
              </value>
            </param>
          </params>
          <reporter-output>
          </reporter-output>
        </test-method> <!-- afterEachTestMethod -->
        <test-method is-config="true" signature="endLOG()[pri:0, instance:apps.pets.OrdersTest@431cd9b2]" started-at="2022-06-25T02:43:32Z" name="endLOG" finished-at="2022-06-25T02:43:32Z" duration-ms="0" status="PASS">
          <reporter-output>
          </reporter-output>
        </test-method> <!-- endLOG -->
        <test-method is-config="true" signature="setUp(boolean, java.lang.String, java.lang.String, java.lang.String, java.lang.String, java.lang.String, java.lang.String)[pri:0, instance:apps.pets.OrdersTest@431cd9b2]" started-at="2022-06-25T02:43:32Z" name="setUp" finished-at="2022-06-25T02:43:34Z" duration-ms="1644" status="PASS">
          <params>
            <param index="0">
              <value>
                <![CDATA[false]]>
              </value>
            </param>
            <param index="1">
              <value>
                <![CDATA[browserstack]]>
              </value>
            </param>
            <param index="2">
              <value>
                <![CDATA[windows]]>
              </value>
            </param>
            <param index="3">
              <value>
                <![CDATA[10]]>
              </value>
            </param>
            <param index="4">
              <value>
                <![CDATA[chrome]]>
              </value>
            </param>
            <param index="5">
              <value>
                <![CDATA[102]]>
              </value>
            </param>
            <param index="6">
              <value>
                <![CDATA[https://petstore.octoperf.com/]]>
              </value>
            </param>
          </params>
          <reporter-output>
          </reporter-output>
        </test-method> <!-- setUp -->
        <test-method is-config="true" signature="startExtent(java.lang.reflect.Method)[pri:0, instance:apps.pets.OrdersTest@431cd9b2]" started-at="2022-06-25T02:43:34Z" name="startExtent" finished-at="2022-06-25T02:43:34Z" duration-ms="0" status="PASS">
          <params>
            <param index="0">
              <value>
                <![CDATA[public void apps.pets.OrdersTest.Order9073()]]>
              </value>
            </param>
          </params>
          <reporter-output>
          </reporter-output>
        </test-method> <!-- startExtent -->
        <test-method signature="Order9073()[pri:0, instance:apps.pets.OrdersTest@431cd9b2]" started-at="2022-06-25T02:43:34Z" name="Order9073" finished-at="2022-06-25T02:43:35Z" duration-ms="1830" status="PASS">
          <reporter-output>
          </reporter-output>
        </test-method> <!-- Order9073 -->
        <test-method is-config="true" signature="afterEachTestMethod(org.testng.ITestResult)[pri:0, instance:apps.pets.OrdersTest@431cd9b2]" started-at="2022-06-25T02:43:35Z" name="afterEachTestMethod" finished-at="2022-06-25T02:43:36Z" duration-ms="665" status="PASS">
          <params>
            <param index="0">
              <value>
                <![CDATA[[TestResult name=Order9073 status=SUCCESS method=OrdersTest.Order9073()[pri:0, instance:apps.pets.OrdersTest@431cd9b2] output={null}]]]>
              </value>
            </param>
          </params>
          <reporter-output>
          </reporter-output>
        </test-method> <!-- afterEachTestMethod -->
        <test-method is-config="true" signature="endLOG()[pri:0, instance:apps.pets.OrdersTest@431cd9b2]" started-at="2022-06-25T02:43:36Z" name="endLOG" finished-at="2022-06-25T02:43:36Z" duration-ms="1" status="PASS">
          <reporter-output>
          </reporter-output>
        </test-method> <!-- endLOG -->
        <test-method is-config="true" signature="setUp(boolean, java.lang.String, java.lang.String, java.lang.String, java.lang.String, java.lang.String, java.lang.String)[pri:0, instance:apps.pets.OrdersTest@431cd9b2]" started-at="2022-06-25T02:43:36Z" name="setUp" finished-at="2022-06-25T02:43:38Z" duration-ms="1658" status="PASS">
          <params>
            <param index="0">
              <value>
                <![CDATA[false]]>
              </value>
            </param>
            <param index="1">
              <value>
                <![CDATA[browserstack]]>
              </value>
            </param>
            <param index="2">
              <value>
                <![CDATA[windows]]>
              </value>
            </param>
            <param index="3">
              <value>
                <![CDATA[10]]>
              </value>
            </param>
            <param index="4">
              <value>
                <![CDATA[chrome]]>
              </value>
            </param>
            <param index="5">
              <value>
                <![CDATA[102]]>
              </value>
            </param>
            <param index="6">
              <value>
                <![CDATA[https://petstore.octoperf.com/]]>
              </value>
            </param>
          </params>
          <reporter-output>
          </reporter-output>
        </test-method> <!-- setUp -->
        <test-method signature="Order9074()[pri:0, instance:apps.pets.OrdersTest@431cd9b2]" started-at="2022-06-25T02:43:38Z" name="Order9074" finished-at="2022-06-25T02:43:39Z" duration-ms="1622" status="PASS">
          <reporter-output>
          </reporter-output>
        </test-method> <!-- Order9074 -->
        <test-method is-config="true" signature="startExtent(java.lang.reflect.Method)[pri:0, instance:apps.pets.OrdersTest@431cd9b2]" started-at="2022-06-25T02:43:38Z" name="startExtent" finished-at="2022-06-25T02:43:38Z" duration-ms="0" status="PASS">
          <params>
            <param index="0">
              <value>
                <![CDATA[public void apps.pets.OrdersTest.Order9074()]]>
              </value>
            </param>
          </params>
          <reporter-output>
          </reporter-output>
        </test-method> <!-- startExtent -->
        <test-method is-config="true" signature="afterEachTestMethod(org.testng.ITestResult)[pri:0, instance:apps.pets.OrdersTest@431cd9b2]" started-at="2022-06-25T02:43:39Z" name="afterEachTestMethod" finished-at="2022-06-25T02:43:40Z" duration-ms="655" status="PASS">
          <params>
            <param index="0">
              <value>
                <![CDATA[[TestResult name=Order9074 status=SUCCESS method=OrdersTest.Order9074()[pri:0, instance:apps.pets.OrdersTest@431cd9b2] output={null}]]]>
              </value>
            </param>
          </params>
          <reporter-output>
          </reporter-output>
        </test-method> <!-- afterEachTestMethod -->
        <test-method is-config="true" signature="endLOG()[pri:0, instance:apps.pets.OrdersTest@431cd9b2]" started-at="2022-06-25T02:43:40Z" name="endLOG" finished-at="2022-06-25T02:43:40Z" duration-ms="0" status="PASS">
          <reporter-output>
          </reporter-output>
        </test-method> <!-- endLOG -->
        <test-method is-config="true" signature="setUp(boolean, java.lang.String, java.lang.String, java.lang.String, java.lang.String, java.lang.String, java.lang.String)[pri:0, instance:apps.pets.OrdersTest@431cd9b2]" started-at="2022-06-25T02:43:40Z" name="setUp" finished-at="2022-06-25T02:43:42Z" duration-ms="1624" status="PASS">
          <params>
            <param index="0">
              <value>
                <![CDATA[false]]>
              </value>
            </param>
            <param index="1">
              <value>
                <![CDATA[browserstack]]>
              </value>
            </param>
            <param index="2">
              <value>
                <![CDATA[windows]]>
              </value>
            </param>
            <param index="3">
              <value>
                <![CDATA[10]]>
              </value>
            </param>
            <param index="4">
              <value>
                <![CDATA[chrome]]>
              </value>
            </param>
            <param index="5">
              <value>
                <![CDATA[102]]>
              </value>
            </param>
            <param index="6">
              <value>
                <![CDATA[https://petstore.octoperf.com/]]>
              </value>
            </param>
          </params>
          <reporter-output>
          </reporter-output>
        </test-method> <!-- setUp -->
        <test-method is-config="true" signature="startExtent(java.lang.reflect.Method)[pri:0, instance:apps.pets.OrdersTest@431cd9b2]" started-at="2022-06-25T02:43:42Z" name="startExtent" finished-at="2022-06-25T02:43:42Z" duration-ms="0" status="PASS">
          <params>
            <param index="0">
              <value>
                <![CDATA[public void apps.pets.OrdersTest.Order9078()]]>
              </value>
            </param>
          </params>
          <reporter-output>
          </reporter-output>
        </test-method> <!-- startExtent -->
        <test-method signature="Order9078()[pri:0, instance:apps.pets.OrdersTest@431cd9b2]" started-at="2022-06-25T02:43:42Z" name="Order9078" finished-at="2022-06-25T02:43:43Z" duration-ms="1639" status="PASS">
          <reporter-output>
          </reporter-output>
        </test-method> <!-- Order9078 -->
        <test-method is-config="true" signature="afterEachTestMethod(org.testng.ITestResult)[pri:0, instance:apps.pets.OrdersTest@431cd9b2]" started-at="2022-06-25T02:43:43Z" name="afterEachTestMethod" finished-at="2022-06-25T02:43:44Z" duration-ms="659" status="PASS">
          <params>
            <param index="0">
              <value>
                <![CDATA[[TestResult name=Order9078 status=SUCCESS method=OrdersTest.Order9078()[pri:0, instance:apps.pets.OrdersTest@431cd9b2] output={null}]]]>
              </value>
            </param>
          </params>
          <reporter-output>
          </reporter-output>
        </test-method> <!-- afterEachTestMethod -->
        <test-method is-config="true" signature="endLOG()[pri:0, instance:apps.pets.OrdersTest@431cd9b2]" started-at="2022-06-25T02:43:44Z" name="endLOG" finished-at="2022-06-25T02:43:44Z" duration-ms="0" status="PASS">
          <reporter-output>
          </reporter-output>
        </test-method> <!-- endLOG -->
        <test-method is-config="true" signature="setUp(boolean, java.lang.String, java.lang.String, java.lang.String, java.lang.String, java.lang.String, java.lang.String)[pri:0, instance:apps.pets.OrdersTest@431cd9b2]" started-at="2022-06-25T02:43:44Z" name="setUp" finished-at="2022-06-25T02:43:46Z" duration-ms="1607" status="PASS">
          <params>
            <param index="0">
              <value>
                <![CDATA[false]]>
              </value>
            </param>
            <param index="1">
              <value>
                <![CDATA[browserstack]]>
              </value>
            </param>
            <param index="2">
              <value>
                <![CDATA[windows]]>
              </value>
            </param>
            <param index="3">
              <value>
                <![CDATA[10]]>
              </value>
            </param>
            <param index="4">
              <value>
                <![CDATA[chrome]]>
              </value>
            </param>
            <param index="5">
              <value>
                <![CDATA[102]]>
              </value>
            </param>
            <param index="6">
              <value>
                <![CDATA[https://petstore.octoperf.com/]]>
              </value>
            </param>
          </params>
          <reporter-output>
          </reporter-output>
        </test-method> <!-- setUp -->
        <test-method is-config="true" signature="startExtent(java.lang.reflect.Method)[pri:0, instance:apps.pets.OrdersTest@431cd9b2]" started-at="2022-06-25T02:43:46Z" name="startExtent" finished-at="2022-06-25T02:43:46Z" duration-ms="0" status="PASS">
          <params>
            <param index="0">
              <value>
                <![CDATA[public void apps.pets.OrdersTest.Order9079()]]>
              </value>
            </param>
          </params>
          <reporter-output>
          </reporter-output>
        </test-method> <!-- startExtent -->
        <test-method signature="Order9079()[pri:0, instance:apps.pets.OrdersTest@431cd9b2]" started-at="2022-06-25T02:43:46Z" name="Order9079" finished-at="2022-06-25T02:43:47Z" duration-ms="1631" status="PASS">
          <reporter-output>
          </reporter-output>
        </test-method> <!-- Order9079 -->
        <test-method is-config="true" signature="afterEachTestMethod(org.testng.ITestResult)[pri:0, instance:apps.pets.OrdersTest@431cd9b2]" started-at="2022-06-25T02:43:47Z" name="afterEachTestMethod" finished-at="2022-06-25T02:43:48Z" duration-ms="652" status="PASS">
          <params>
            <param index="0">
              <value>
                <![CDATA[[TestResult name=Order9079 status=SUCCESS method=OrdersTest.Order9079()[pri:0, instance:apps.pets.OrdersTest@431cd9b2] output={null}]]]>
              </value>
            </param>
          </params>
          <reporter-output>
          </reporter-output>
        </test-method> <!-- afterEachTestMethod -->
        <test-method is-config="true" signature="endLOG()[pri:0, instance:apps.pets.OrdersTest@431cd9b2]" started-at="2022-06-25T02:43:48Z" name="endLOG" finished-at="2022-06-25T02:43:48Z" duration-ms="0" status="PASS">
          <reporter-output>
          </reporter-output>
        </test-method> <!-- endLOG -->
      </class> <!-- apps.pets.OrdersTest -->
    </test> <!-- PetStore -->
  </suite> <!-- Petstore smoke Petstore -->
</testng-results>
